09:25:58.440 [main] INFO  com.rick.demologicweb.DemoLogicWebApplication - Starting DemoLogicWebApplication on Ric-PC with PID 8676 (D:\GitHubForRick\swagger_demo\demo-logic\demo-logic-web\target\classes started by admin in D:\GitHubForRick\swagger_demo\demo-logic\demo-logic-web)
09:25:58.441 [main] INFO  com.rick.demologicweb.DemoLogicWebApplication - The following profiles are active: dev
09:25:58.483 [main] INFO  org.springframework.boot.web.servlet.context.AnnotationConfigServletWebServerApplicationContext - Refreshing org.springframework.boot.web.servlet.context.AnnotationConfigServletWebServerApplicationContext@4bd1f8dd: startup date [Mon Dec 24 09:25:58 CST 2018]; root of context hierarchy
09:25:59.731 [main] INFO  org.springframework.context.support.PostProcessorRegistrationDelegate$BeanPostProcessorChecker - Bean 'org.springframework.transaction.annotation.ProxyTransactionManagementConfiguration' of type [org.springframework.transaction.annotation.ProxyTransactionManagementConfiguration$$EnhancerBySpringCGLIB$$1433dcae] is not eligible for getting processed by all BeanPostProcessors (for example: not eligible for auto-proxying)
09:25:59.770 [main] INFO  org.springframework.context.support.PostProcessorRegistrationDelegate$BeanPostProcessorChecker - Bean 'org.springframework.hateoas.config.HateoasConfiguration' of type [org.springframework.hateoas.config.HateoasConfiguration$$EnhancerBySpringCGLIB$$93b429e0] is not eligible for getting processed by all BeanPostProcessors (for example: not eligible for auto-proxying)
09:26:00.147 [main] INFO  org.springframework.boot.web.embedded.tomcat.TomcatWebServer - Tomcat initialized with port(s): 8086 (http)
09:26:00.161 [main] INFO  org.apache.coyote.http11.Http11NioProtocol - Initializing ProtocolHandler ["http-nio-8086"]
09:26:00.169 [main] INFO  org.apache.catalina.core.StandardService - Starting service [Tomcat]
09:26:00.170 [main] INFO  org.apache.catalina.core.StandardEngine - Starting Servlet Engine: Apache Tomcat/8.5.32
09:26:00.177 [localhost-startStop-1] INFO  org.apache.catalina.core.AprLifecycleListener - The APR based Apache Tomcat Native library which allows optimal performance in production environments was not found on the java.library.path: [C:\Program Files\Java\jdk1.8.0_102\bin;C:\Windows\Sun\Java\bin;C:\Windows\system32;C:\Windows;C:\ProgramData\Oracle\Java\javapath;C:\Windows\system32;C:\Windows;C:\Windows\system32\wbem;C:\Program Files\nodejs\;E:\python11;C:\Program Files\Java\jdk1.8.0_102\bin;C:\Program Files\Java\jdk1.8.0_102\jre\bin;C:\Windows\system32;C:\Windows;C:\Windows\System32\Wbem;C:\Windows\SysWOW64%CATALINA_HOME%\lib;%CATALINA_HOME%\bin ;C:\Users\admin\AppData\Roaming\npm;C:\Users\admin\Desktop\wget;.]
09:26:00.437 [localhost-startStop-1] INFO  org.apache.jasper.servlet.TldScanner - At least one JAR was scanned for TLDs yet contained no TLDs. Enable debug logging for this logger for a complete list of JARs that were scanned but no TLDs were found in them. Skipping unneeded JARs during scanning can improve startup time and JSP compilation time.
09:26:00.441 [localhost-startStop-1] INFO  org.apache.catalina.core.ContainerBase.[Tomcat].[localhost].[/] - Initializing Spring embedded WebApplicationContext
09:26:00.441 [localhost-startStop-1] INFO  org.springframework.web.context.ContextLoader - Root WebApplicationContext: initialization completed in 1958 ms
09:26:00.552 [localhost-startStop-1] INFO  org.springframework.boot.web.servlet.ServletRegistrationBean - Servlet dispatcherServlet mapped to [/]
09:26:00.553 [localhost-startStop-1] INFO  org.springframework.boot.web.servlet.ServletRegistrationBean - Servlet statViewServlet mapped to [/druid/*]
09:26:00.557 [localhost-startStop-1] INFO  org.springframework.boot.web.servlet.FilterRegistrationBean - Mapping filter: 'characterEncodingFilter' to: [/*]
09:26:00.557 [localhost-startStop-1] INFO  org.springframework.boot.web.servlet.FilterRegistrationBean - Mapping filter: 'hiddenHttpMethodFilter' to: [/*]
09:26:00.557 [localhost-startStop-1] INFO  org.springframework.boot.web.servlet.FilterRegistrationBean - Mapping filter: 'httpPutFormContentFilter' to: [/*]
09:26:00.557 [localhost-startStop-1] INFO  org.springframework.boot.web.servlet.FilterRegistrationBean - Mapping filter: 'requestContextFilter' to: [/*]
09:26:00.557 [localhost-startStop-1] INFO  org.springframework.boot.web.servlet.FilterRegistrationBean - Mapping filter: 'webStatFilter' to urls: [/*]
09:26:00.628 [main] INFO  com.alibaba.druid.spring.boot.autoconfigure.DruidDataSourceAutoConfigure - Init DruidDataSource
09:26:00.777 [main] INFO  com.alibaba.druid.pool.DruidDataSource - {dataSource-1} inited
09:26:01.459 [main] INFO  org.springframework.web.servlet.handler.SimpleUrlHandlerMapping - Mapped URL path [/**/favicon.ico] onto handler of type [class org.springframework.web.servlet.resource.ResourceHttpRequestHandler]
09:26:01.714 [main] INFO  org.springframework.web.servlet.mvc.method.annotation.RequestMappingHandlerAdapter - Looking for @ControllerAdvice: org.springframework.boot.web.servlet.context.AnnotationConfigServletWebServerApplicationContext@4bd1f8dd: startup date [Mon Dec 24 09:25:58 CST 2018]; root of context hierarchy
09:26:01.793 [main] INFO  org.springframework.web.servlet.mvc.method.annotation.RequestMappingHandlerMapping - Mapped "{[/logic/save.do],methods=[POST]}" onto public java.lang.String com.rick.demologicweb.controller.LogicController.save(com.rick.demoLogic.model.LogicUser)
09:26:01.794 [main] INFO  org.springframework.web.servlet.mvc.method.annotation.RequestMappingHandlerMapping - Mapped "{[/logic/saveUser]}" onto public java.lang.String com.rick.demologicweb.controller.LogicController.saveUser(com.rick.demoLogic.model.LogicUser)
09:26:01.794 [main] INFO  org.springframework.web.servlet.mvc.method.annotation.RequestMappingHandlerMapping - Mapped "{[/logic/saveUser.do]}" onto public java.lang.String com.rick.demologicweb.controller.LogicController.jumpToSaveJsp()
09:26:01.794 [main] INFO  org.springframework.web.servlet.mvc.method.annotation.RequestMappingHandlerMapping - Mapped "{[/logic/querylist.do]}" onto public java.lang.String com.rick.demologicweb.controller.LogicController.queryList(org.springframework.ui.Model)
09:26:01.794 [main] INFO  org.springframework.web.servlet.mvc.method.annotation.RequestMappingHandlerMapping - Mapped "{[/logic/delete.do]}" onto public java.lang.String com.rick.demologicweb.controller.LogicController.deleteUser(java.lang.Integer)
09:26:01.794 [main] INFO  org.springframework.web.servlet.mvc.method.annotation.RequestMappingHandlerMapping - Mapped "{[/logic/login.do]}" onto public java.lang.Integer com.rick.demologicweb.controller.LogicController.login(org.springframework.ui.Model,java.lang.String,java.lang.String)
09:26:01.795 [main] INFO  org.springframework.web.servlet.mvc.method.annotation.RequestMappingHandlerMapping - Mapped "{[/logic/loginSuccess.do]}" onto public java.lang.String com.rick.demologicweb.controller.LogicController.loginSuccess(org.springframework.ui.Model,java.lang.Integer)
09:26:01.795 [main] INFO  org.springframework.web.servlet.mvc.method.annotation.RequestMappingHandlerMapping - Mapped "{[/logic/newUser.do]}" onto public java.lang.String com.rick.demologicweb.controller.LogicController.saveNewUser(com.rick.demoLogic.model.User)
09:26:01.795 [main] INFO  org.springframework.web.servlet.mvc.method.annotation.RequestMappingHandlerMapping - Mapped "{[/test]}" onto public java.util.List<com.rick.demoLogic.model.DepartmentVO> com.rick.demologicweb.controller.TestController.getTreeNode()
09:26:01.795 [main] INFO  org.springframework.web.servlet.mvc.method.annotation.RequestMappingHandlerMapping - Mapped "{[/test/getTreeNodes]}" onto public java.lang.String com.rick.demologicweb.controller.TestController.getTreeNodes()
09:26:01.796 [main] INFO  org.springframework.web.servlet.mvc.method.annotation.RequestMappingHandlerMapping - Mapped "{[/upload/upload.do],methods=[POST]}" onto public java.lang.String com.rick.demologicweb.controller.UploadController.uploadFile(org.springframework.web.multipart.MultipartFile,java.lang.String) throws java.io.IOException
09:26:01.796 [main] INFO  org.springframework.web.servlet.mvc.method.annotation.RequestMappingHandlerMapping - Mapped "{[/upload/queryPhotoList.do]}" onto public org.springframework.web.servlet.ModelAndView com.rick.demologicweb.controller.UploadController.queryPhotoList(org.springframework.ui.Model)
09:26:01.796 [main] INFO  org.springframework.web.servlet.mvc.method.annotation.RequestMappingHandlerMapping - Mapped "{[/upload/deletePhoto.do]}" onto public java.lang.String com.rick.demologicweb.controller.UploadController.deletePhoto(java.lang.Integer)
09:26:01.799 [main] INFO  org.springframework.web.servlet.mvc.method.annotation.RequestMappingHandlerMapping - Mapped "{[/error]}" onto public org.springframework.http.ResponseEntity<java.util.Map<java.lang.String, java.lang.Object>> org.springframework.boot.autoconfigure.web.servlet.error.BasicErrorController.error(javax.servlet.http.HttpServletRequest)
09:26:01.800 [main] INFO  org.springframework.web.servlet.mvc.method.annotation.RequestMappingHandlerMapping - Mapped "{[/error],produces=[text/html]}" onto public org.springframework.web.servlet.ModelAndView org.springframework.boot.autoconfigure.web.servlet.error.BasicErrorController.errorHtml(javax.servlet.http.HttpServletRequest,javax.servlet.http.HttpServletResponse)
09:26:01.812 [main] INFO  org.springframework.web.servlet.handler.SimpleUrlHandlerMapping - Mapped URL path [/logic/index] onto handler of type [class org.springframework.web.servlet.mvc.ParameterizableViewController]
09:26:01.812 [main] INFO  org.springframework.web.servlet.handler.SimpleUrlHandlerMapping - Mapped URL path [/logic/register.do] onto handler of type [class org.springframework.web.servlet.mvc.ParameterizableViewController]
09:26:01.812 [main] INFO  org.springframework.web.servlet.handler.SimpleUrlHandlerMapping - Mapped URL path [/logic/goToUpload.do] onto handler of type [class org.springframework.web.servlet.mvc.ParameterizableViewController]
09:26:01.830 [main] INFO  org.springframework.web.servlet.handler.SimpleUrlHandlerMapping - Mapped URL path [/webjars/**] onto handler of type [class org.springframework.web.servlet.resource.ResourceHttpRequestHandler]
09:26:01.830 [main] INFO  org.springframework.web.servlet.handler.SimpleUrlHandlerMapping - Mapped URL path [/**] onto handler of type [class org.springframework.web.servlet.resource.ResourceHttpRequestHandler]
09:26:01.916 [main] INFO  org.springframework.boot.autoconfigure.web.servlet.WelcomePageHandlerMapping - Adding welcome page template: index
09:26:02.077 [main] INFO  org.springframework.ui.freemarker.SpringTemplateLoader - SpringTemplateLoader for FreeMarker: using resource loader [org.springframework.boot.web.servlet.context.AnnotationConfigServletWebServerApplicationContext@4bd1f8dd: startup date [Mon Dec 24 09:25:58 CST 2018]; root of context hierarchy] and template loader path [classpath:/templates/]
09:26:02.077 [main] INFO  org.springframework.web.servlet.view.freemarker.FreeMarkerConfigurer - ClassTemplateLoader for Spring macros added to FreeMarker configuration
09:26:02.374 [main] INFO  org.springframework.jmx.export.annotation.AnnotationMBeanExporter - Registering beans for JMX exposure on startup
09:26:02.375 [main] INFO  org.springframework.jmx.export.annotation.AnnotationMBeanExporter - Bean with name 'statFilter' has been autodetected for JMX exposure
09:26:02.375 [main] INFO  org.springframework.jmx.export.annotation.AnnotationMBeanExporter - Bean with name 'dataSource' has been autodetected for JMX exposure
09:26:02.381 [main] INFO  org.springframework.jmx.export.annotation.AnnotationMBeanExporter - Located MBean 'dataSource': registering with JMX server as MBean [com.alibaba.druid.spring.boot.autoconfigure:name=dataSource,type=DruidDataSourceWrapper]
09:26:02.383 [main] INFO  org.springframework.jmx.export.annotation.AnnotationMBeanExporter - Located MBean 'statFilter': registering with JMX server as MBean [com.alibaba.druid.filter.stat:name=statFilter,type=StatFilter]
09:26:02.404 [main] INFO  org.apache.coyote.http11.Http11NioProtocol - Starting ProtocolHandler ["http-nio-8086"]
09:26:02.415 [main] INFO  org.apache.tomcat.util.net.NioSelectorPool - Using a shared selector for servlet write/read
09:26:02.441 [main] INFO  org.springframework.boot.web.embedded.tomcat.TomcatWebServer - Tomcat started on port(s): 8086 (http) with context path ''
09:26:02.447 [main] INFO  com.rick.demologicweb.DemoLogicWebApplication - Started DemoLogicWebApplication in 4.641 seconds (JVM running for 5.53)
09:26:11.697 [http-nio-8086-exec-1] INFO  org.apache.catalina.core.ContainerBase.[Tomcat].[localhost].[/] - Initializing Spring FrameworkServlet 'dispatcherServlet'
09:26:11.697 [http-nio-8086-exec-1] INFO  org.springframework.web.servlet.DispatcherServlet - FrameworkServlet 'dispatcherServlet': initialization started
09:26:11.719 [http-nio-8086-exec-1] INFO  org.springframework.web.servlet.DispatcherServlet - FrameworkServlet 'dispatcherServlet': initialization completed in 22 ms
09:28:12.617 [main] INFO  com.rick.demologicweb.DemoLogicWebApplication - Starting DemoLogicWebApplication on Ric-PC with PID 7524 (D:\GitHubForRick\swagger_demo\demo-logic\demo-logic-web\target\classes started by admin in D:\GitHubForRick\swagger_demo\demo-logic\demo-logic-web)
09:28:12.618 [main] INFO  com.rick.demologicweb.DemoLogicWebApplication - The following profiles are active: dev
09:28:12.660 [main] INFO  org.springframework.boot.web.servlet.context.AnnotationConfigServletWebServerApplicationContext - Refreshing org.springframework.boot.web.servlet.context.AnnotationConfigServletWebServerApplicationContext@58fb7731: startup date [Mon Dec 24 09:28:12 CST 2018]; root of context hierarchy
09:28:13.654 [main] INFO  org.springframework.context.support.PostProcessorRegistrationDelegate$BeanPostProcessorChecker - Bean 'org.springframework.transaction.annotation.ProxyTransactionManagementConfiguration' of type [org.springframework.transaction.annotation.ProxyTransactionManagementConfiguration$$EnhancerBySpringCGLIB$$940d49ea] is not eligible for getting processed by all BeanPostProcessors (for example: not eligible for auto-proxying)
09:28:13.690 [main] INFO  org.springframework.context.support.PostProcessorRegistrationDelegate$BeanPostProcessorChecker - Bean 'org.springframework.hateoas.config.HateoasConfiguration' of type [org.springframework.hateoas.config.HateoasConfiguration$$EnhancerBySpringCGLIB$$138d971c] is not eligible for getting processed by all BeanPostProcessors (for example: not eligible for auto-proxying)
09:28:14.064 [main] INFO  org.springframework.boot.web.embedded.tomcat.TomcatWebServer - Tomcat initialized with port(s): 8086 (http)
09:28:14.078 [main] INFO  org.apache.coyote.http11.Http11NioProtocol - Initializing ProtocolHandler ["http-nio-8086"]
09:28:14.087 [main] INFO  org.apache.catalina.core.StandardService - Starting service [Tomcat]
09:28:14.088 [main] INFO  org.apache.catalina.core.StandardEngine - Starting Servlet Engine: Apache Tomcat/8.5.32
09:28:14.093 [localhost-startStop-1] INFO  org.apache.catalina.core.AprLifecycleListener - The APR based Apache Tomcat Native library which allows optimal performance in production environments was not found on the java.library.path: [C:\Program Files\Java\jdk1.8.0_102\bin;C:\Windows\Sun\Java\bin;C:\Windows\system32;C:\Windows;C:\ProgramData\Oracle\Java\javapath;C:\Windows\system32;C:\Windows;C:\Windows\system32\wbem;C:\Program Files\nodejs\;E:\python11;C:\Program Files\Java\jdk1.8.0_102\bin;C:\Program Files\Java\jdk1.8.0_102\jre\bin;C:\Windows\system32;C:\Windows;C:\Windows\System32\Wbem;C:\Windows\SysWOW64%CATALINA_HOME%\lib;%CATALINA_HOME%\bin ;C:\Users\admin\AppData\Roaming\npm;C:\Users\admin\Desktop\wget;.]
09:28:14.352 [localhost-startStop-1] INFO  org.apache.jasper.servlet.TldScanner - At least one JAR was scanned for TLDs yet contained no TLDs. Enable debug logging for this logger for a complete list of JARs that were scanned but no TLDs were found in them. Skipping unneeded JARs during scanning can improve startup time and JSP compilation time.
09:28:14.356 [localhost-startStop-1] INFO  org.apache.catalina.core.ContainerBase.[Tomcat].[localhost].[/] - Initializing Spring embedded WebApplicationContext
09:28:14.356 [localhost-startStop-1] INFO  org.springframework.web.context.ContextLoader - Root WebApplicationContext: initialization completed in 1696 ms
09:28:14.453 [localhost-startStop-1] INFO  org.springframework.boot.web.servlet.ServletRegistrationBean - Servlet dispatcherServlet mapped to [/]
09:28:14.455 [localhost-startStop-1] INFO  org.springframework.boot.web.servlet.ServletRegistrationBean - Servlet statViewServlet mapped to [/druid/*]
09:28:14.458 [localhost-startStop-1] INFO  org.springframework.boot.web.servlet.FilterRegistrationBean - Mapping filter: 'characterEncodingFilter' to: [/*]
09:28:14.458 [localhost-startStop-1] INFO  org.springframework.boot.web.servlet.FilterRegistrationBean - Mapping filter: 'hiddenHttpMethodFilter' to: [/*]
09:28:14.458 [localhost-startStop-1] INFO  org.springframework.boot.web.servlet.FilterRegistrationBean - Mapping filter: 'httpPutFormContentFilter' to: [/*]
09:28:14.458 [localhost-startStop-1] INFO  org.springframework.boot.web.servlet.FilterRegistrationBean - Mapping filter: 'requestContextFilter' to: [/*]
09:28:14.458 [localhost-startStop-1] INFO  org.springframework.boot.web.servlet.FilterRegistrationBean - Mapping filter: 'webStatFilter' to urls: [/*]
09:28:14.541 [main] INFO  com.alibaba.druid.spring.boot.autoconfigure.DruidDataSourceAutoConfigure - Init DruidDataSource
09:28:14.709 [main] INFO  com.alibaba.druid.pool.DruidDataSource - {dataSource-1} inited
09:28:15.443 [main] INFO  org.springframework.web.servlet.handler.SimpleUrlHandlerMapping - Mapped URL path [/**/favicon.ico] onto handler of type [class org.springframework.web.servlet.resource.ResourceHttpRequestHandler]
09:28:15.707 [main] INFO  org.springframework.web.servlet.mvc.method.annotation.RequestMappingHandlerAdapter - Looking for @ControllerAdvice: org.springframework.boot.web.servlet.context.AnnotationConfigServletWebServerApplicationContext@58fb7731: startup date [Mon Dec 24 09:28:12 CST 2018]; root of context hierarchy
09:28:15.772 [main] INFO  org.springframework.web.servlet.mvc.method.annotation.RequestMappingHandlerMapping - Mapped "{[/logic/save.do],methods=[POST]}" onto public java.lang.String com.rick.demologicweb.controller.LogicController.save(com.rick.demoLogic.model.LogicUser)
09:28:15.774 [main] INFO  org.springframework.web.servlet.mvc.method.annotation.RequestMappingHandlerMapping - Mapped "{[/logic/saveUser]}" onto public java.lang.String com.rick.demologicweb.controller.LogicController.saveUser(com.rick.demoLogic.model.LogicUser)
09:28:15.774 [main] INFO  org.springframework.web.servlet.mvc.method.annotation.RequestMappingHandlerMapping - Mapped "{[/logic/saveUser.do]}" onto public java.lang.String com.rick.demologicweb.controller.LogicController.jumpToSaveJsp()
09:28:15.774 [main] INFO  org.springframework.web.servlet.mvc.method.annotation.RequestMappingHandlerMapping - Mapped "{[/logic/querylist.do]}" onto public java.lang.String com.rick.demologicweb.controller.LogicController.queryList(org.springframework.ui.Model)
09:28:15.775 [main] INFO  org.springframework.web.servlet.mvc.method.annotation.RequestMappingHandlerMapping - Mapped "{[/logic/delete.do]}" onto public java.lang.String com.rick.demologicweb.controller.LogicController.deleteUser(java.lang.Integer)
09:28:15.775 [main] INFO  org.springframework.web.servlet.mvc.method.annotation.RequestMappingHandlerMapping - Mapped "{[/logic/login.do]}" onto public java.lang.Integer com.rick.demologicweb.controller.LogicController.login(org.springframework.ui.Model,java.lang.String,java.lang.String)
09:28:15.775 [main] INFO  org.springframework.web.servlet.mvc.method.annotation.RequestMappingHandlerMapping - Mapped "{[/logic/loginSuccess.do]}" onto public java.lang.String com.rick.demologicweb.controller.LogicController.loginSuccess(org.springframework.ui.Model,java.lang.Integer)
09:28:15.775 [main] INFO  org.springframework.web.servlet.mvc.method.annotation.RequestMappingHandlerMapping - Mapped "{[/logic/newUser.do]}" onto public java.lang.String com.rick.demologicweb.controller.LogicController.saveNewUser(com.rick.demoLogic.model.User)
09:28:15.776 [main] INFO  org.springframework.web.servlet.mvc.method.annotation.RequestMappingHandlerMapping - Mapped "{[/test]}" onto public java.util.List<com.rick.demoLogic.model.DepartmentVO> com.rick.demologicweb.controller.TestController.getTreeNode()
09:28:15.776 [main] INFO  org.springframework.web.servlet.mvc.method.annotation.RequestMappingHandlerMapping - Mapped "{[/test/getTreeNodes]}" onto public java.lang.String com.rick.demologicweb.controller.TestController.getTreeNodes()
09:28:15.777 [main] INFO  org.springframework.web.servlet.mvc.method.annotation.RequestMappingHandlerMapping - Mapped "{[/upload/upload.do],methods=[POST]}" onto public java.lang.String com.rick.demologicweb.controller.UploadController.uploadFile(org.springframework.web.multipart.MultipartFile,java.lang.String) throws java.io.IOException
09:28:15.777 [main] INFO  org.springframework.web.servlet.mvc.method.annotation.RequestMappingHandlerMapping - Mapped "{[/upload/queryPhotoList.do]}" onto public org.springframework.web.servlet.ModelAndView com.rick.demologicweb.controller.UploadController.queryPhotoList(org.springframework.ui.Model)
09:28:15.777 [main] INFO  org.springframework.web.servlet.mvc.method.annotation.RequestMappingHandlerMapping - Mapped "{[/upload/deletePhoto.do]}" onto public java.lang.String com.rick.demologicweb.controller.UploadController.deletePhoto(java.lang.Integer)
09:28:15.780 [main] INFO  org.springframework.web.servlet.mvc.method.annotation.RequestMappingHandlerMapping - Mapped "{[/error]}" onto public org.springframework.http.ResponseEntity<java.util.Map<java.lang.String, java.lang.Object>> org.springframework.boot.autoconfigure.web.servlet.error.BasicErrorController.error(javax.servlet.http.HttpServletRequest)
09:28:15.780 [main] INFO  org.springframework.web.servlet.mvc.method.annotation.RequestMappingHandlerMapping - Mapped "{[/error],produces=[text/html]}" onto public org.springframework.web.servlet.ModelAndView org.springframework.boot.autoconfigure.web.servlet.error.BasicErrorController.errorHtml(javax.servlet.http.HttpServletRequest,javax.servlet.http.HttpServletResponse)
09:28:15.794 [main] INFO  org.springframework.web.servlet.handler.SimpleUrlHandlerMapping - Mapped URL path [/logic/index] onto handler of type [class org.springframework.web.servlet.mvc.ParameterizableViewController]
09:28:15.795 [main] INFO  org.springframework.web.servlet.handler.SimpleUrlHandlerMapping - Mapped URL path [/logic/register.do] onto handler of type [class org.springframework.web.servlet.mvc.ParameterizableViewController]
09:28:15.795 [main] INFO  org.springframework.web.servlet.handler.SimpleUrlHandlerMapping - Mapped URL path [/logic/goToUpload.do] onto handler of type [class org.springframework.web.servlet.mvc.ParameterizableViewController]
09:28:15.816 [main] INFO  org.springframework.web.servlet.handler.SimpleUrlHandlerMapping - Mapped URL path [/webjars/**] onto handler of type [class org.springframework.web.servlet.resource.ResourceHttpRequestHandler]
09:28:15.816 [main] INFO  org.springframework.web.servlet.handler.SimpleUrlHandlerMapping - Mapped URL path [/**] onto handler of type [class org.springframework.web.servlet.resource.ResourceHttpRequestHandler]
09:28:15.899 [main] INFO  org.springframework.boot.autoconfigure.web.servlet.WelcomePageHandlerMapping - Adding welcome page template: index
09:28:16.035 [main] INFO  org.springframework.ui.freemarker.SpringTemplateLoader - SpringTemplateLoader for FreeMarker: using resource loader [org.springframework.boot.web.servlet.context.AnnotationConfigServletWebServerApplicationContext@58fb7731: startup date [Mon Dec 24 09:28:12 CST 2018]; root of context hierarchy] and template loader path [classpath:/templates/]
09:28:16.036 [main] INFO  org.springframework.web.servlet.view.freemarker.FreeMarkerConfigurer - ClassTemplateLoader for Spring macros added to FreeMarker configuration
09:28:16.281 [main] INFO  org.springframework.jmx.export.annotation.AnnotationMBeanExporter - Registering beans for JMX exposure on startup
09:28:16.282 [main] INFO  org.springframework.jmx.export.annotation.AnnotationMBeanExporter - Bean with name 'statFilter' has been autodetected for JMX exposure
09:28:16.282 [main] INFO  org.springframework.jmx.export.annotation.AnnotationMBeanExporter - Bean with name 'dataSource' has been autodetected for JMX exposure
09:28:16.288 [main] INFO  org.springframework.jmx.export.annotation.AnnotationMBeanExporter - Located MBean 'dataSource': registering with JMX server as MBean [com.alibaba.druid.spring.boot.autoconfigure:name=dataSource,type=DruidDataSourceWrapper]
09:28:16.288 [main] INFO  org.springframework.jmx.export.annotation.AnnotationMBeanExporter - Located MBean 'statFilter': registering with JMX server as MBean [com.alibaba.druid.filter.stat:name=statFilter,type=StatFilter]
09:28:16.323 [main] INFO  org.apache.coyote.http11.Http11NioProtocol - Starting ProtocolHandler ["http-nio-8086"]
09:28:16.332 [main] INFO  org.apache.tomcat.util.net.NioSelectorPool - Using a shared selector for servlet write/read
09:28:16.355 [main] INFO  org.springframework.boot.web.embedded.tomcat.TomcatWebServer - Tomcat started on port(s): 8086 (http) with context path ''
09:28:16.358 [main] INFO  com.rick.demologicweb.DemoLogicWebApplication - Started DemoLogicWebApplication in 4.602 seconds (JVM running for 5.53)
09:28:21.830 [http-nio-8086-exec-1] INFO  org.apache.catalina.core.ContainerBase.[Tomcat].[localhost].[/] - Initializing Spring FrameworkServlet 'dispatcherServlet'
09:28:21.830 [http-nio-8086-exec-1] INFO  org.springframework.web.servlet.DispatcherServlet - FrameworkServlet 'dispatcherServlet': initialization started
09:28:21.849 [http-nio-8086-exec-1] INFO  org.springframework.web.servlet.DispatcherServlet - FrameworkServlet 'dispatcherServlet': initialization completed in 19 ms
09:52:34.592 [main] INFO  com.rick.demologicweb.DemoLogicWebApplication - Starting DemoLogicWebApplication on Ric-PC with PID 9360 (D:\GitHubForRick\swagger_demo\demo-logic\demo-logic-web\target\classes started by admin in D:\GitHubForRick\swagger_demo\demo-logic\demo-logic-web)
09:52:34.594 [main] INFO  com.rick.demologicweb.DemoLogicWebApplication - The following profiles are active: dev
09:52:34.670 [main] INFO  org.springframework.boot.web.servlet.context.AnnotationConfigServletWebServerApplicationContext - Refreshing org.springframework.boot.web.servlet.context.AnnotationConfigServletWebServerApplicationContext@5a85c92: startup date [Mon Dec 24 09:52:34 CST 2018]; root of context hierarchy
09:52:35.621 [main] INFO  org.springframework.context.support.PostProcessorRegistrationDelegate$BeanPostProcessorChecker - Bean 'org.springframework.transaction.annotation.ProxyTransactionManagementConfiguration' of type [org.springframework.transaction.annotation.ProxyTransactionManagementConfiguration$$EnhancerBySpringCGLIB$$845669dc] is not eligible for getting processed by all BeanPostProcessors (for example: not eligible for auto-proxying)
09:52:35.661 [main] INFO  org.springframework.context.support.PostProcessorRegistrationDelegate$BeanPostProcessorChecker - Bean 'org.springframework.hateoas.config.HateoasConfiguration' of type [org.springframework.hateoas.config.HateoasConfiguration$$EnhancerBySpringCGLIB$$3d6b70e] is not eligible for getting processed by all BeanPostProcessors (for example: not eligible for auto-proxying)
09:52:36.051 [main] INFO  org.springframework.boot.web.embedded.tomcat.TomcatWebServer - Tomcat initialized with port(s): 8086 (http)
09:52:36.065 [main] INFO  org.apache.coyote.http11.Http11NioProtocol - Initializing ProtocolHandler ["http-nio-8086"]
09:52:36.074 [main] INFO  org.apache.catalina.core.StandardService - Starting service [Tomcat]
09:52:36.075 [main] INFO  org.apache.catalina.core.StandardEngine - Starting Servlet Engine: Apache Tomcat/8.5.32
09:52:36.081 [localhost-startStop-1] INFO  org.apache.catalina.core.AprLifecycleListener - The APR based Apache Tomcat Native library which allows optimal performance in production environments was not found on the java.library.path: [C:\Program Files\Java\jdk1.8.0_102\bin;C:\Windows\Sun\Java\bin;C:\Windows\system32;C:\Windows;C:\ProgramData\Oracle\Java\javapath;C:\Windows\system32;C:\Windows;C:\Windows\system32\wbem;C:\Program Files\nodejs\;E:\python11;C:\Program Files\Java\jdk1.8.0_102\bin;C:\Program Files\Java\jdk1.8.0_102\jre\bin;C:\Windows\system32;C:\Windows;C:\Windows\System32\Wbem;C:\Windows\SysWOW64%CATALINA_HOME%\lib;%CATALINA_HOME%\bin ;C:\Users\admin\AppData\Roaming\npm;C:\Users\admin\Desktop\wget;.]
09:52:36.329 [localhost-startStop-1] INFO  org.apache.jasper.servlet.TldScanner - At least one JAR was scanned for TLDs yet contained no TLDs. Enable debug logging for this logger for a complete list of JARs that were scanned but no TLDs were found in them. Skipping unneeded JARs during scanning can improve startup time and JSP compilation time.
09:52:36.332 [localhost-startStop-1] INFO  org.apache.catalina.core.ContainerBase.[Tomcat].[localhost].[/] - Initializing Spring embedded WebApplicationContext
09:52:36.332 [localhost-startStop-1] INFO  org.springframework.web.context.ContextLoader - Root WebApplicationContext: initialization completed in 1662 ms
09:52:36.436 [localhost-startStop-1] INFO  org.springframework.boot.web.servlet.ServletRegistrationBean - Servlet dispatcherServlet mapped to [/]
09:52:36.437 [localhost-startStop-1] INFO  org.springframework.boot.web.servlet.ServletRegistrationBean - Servlet statViewServlet mapped to [/druid/*]
09:52:36.460 [localhost-startStop-1] INFO  org.springframework.boot.web.servlet.FilterRegistrationBean - Mapping filter: 'characterEncodingFilter' to: [/*]
09:52:36.460 [localhost-startStop-1] INFO  org.springframework.boot.web.servlet.FilterRegistrationBean - Mapping filter: 'hiddenHttpMethodFilter' to: [/*]
09:52:36.461 [localhost-startStop-1] INFO  org.springframework.boot.web.servlet.FilterRegistrationBean - Mapping filter: 'httpPutFormContentFilter' to: [/*]
09:52:36.461 [localhost-startStop-1] INFO  org.springframework.boot.web.servlet.FilterRegistrationBean - Mapping filter: 'requestContextFilter' to: [/*]
09:52:36.461 [localhost-startStop-1] INFO  org.springframework.boot.web.servlet.FilterRegistrationBean - Mapping filter: 'webStatFilter' to urls: [/*]
09:52:36.534 [main] INFO  com.alibaba.druid.spring.boot.autoconfigure.DruidDataSourceAutoConfigure - Init DruidDataSource
09:52:36.683 [main] INFO  com.alibaba.druid.pool.DruidDataSource - {dataSource-1} inited
09:52:37.346 [main] INFO  org.springframework.web.servlet.handler.SimpleUrlHandlerMapping - Mapped URL path [/**/favicon.ico] onto handler of type [class org.springframework.web.servlet.resource.ResourceHttpRequestHandler]
09:52:37.636 [main] INFO  org.springframework.web.servlet.mvc.method.annotation.RequestMappingHandlerAdapter - Looking for @ControllerAdvice: org.springframework.boot.web.servlet.context.AnnotationConfigServletWebServerApplicationContext@5a85c92: startup date [Mon Dec 24 09:52:34 CST 2018]; root of context hierarchy
09:52:37.721 [main] INFO  org.springframework.web.servlet.mvc.method.annotation.RequestMappingHandlerMapping - Mapped "{[/logic/save.do],methods=[POST]}" onto public java.lang.String com.rick.demologicweb.controller.LogicController.save(com.rick.demoLogic.model.LogicUser)
09:52:37.722 [main] INFO  org.springframework.web.servlet.mvc.method.annotation.RequestMappingHandlerMapping - Mapped "{[/logic/saveUser]}" onto public java.lang.String com.rick.demologicweb.controller.LogicController.saveUser(com.rick.demoLogic.model.LogicUser)
09:52:37.722 [main] INFO  org.springframework.web.servlet.mvc.method.annotation.RequestMappingHandlerMapping - Mapped "{[/logic/saveUser.do]}" onto public java.lang.String com.rick.demologicweb.controller.LogicController.jumpToSaveJsp()
09:52:37.723 [main] INFO  org.springframework.web.servlet.mvc.method.annotation.RequestMappingHandlerMapping - Mapped "{[/logic/querylist.do]}" onto public java.lang.String com.rick.demologicweb.controller.LogicController.queryList(org.springframework.ui.Model)
09:52:37.723 [main] INFO  org.springframework.web.servlet.mvc.method.annotation.RequestMappingHandlerMapping - Mapped "{[/logic/delete.do]}" onto public java.lang.String com.rick.demologicweb.controller.LogicController.deleteUser(java.lang.Integer)
09:52:37.723 [main] INFO  org.springframework.web.servlet.mvc.method.annotation.RequestMappingHandlerMapping - Mapped "{[/logic/login.do]}" onto public java.lang.Integer com.rick.demologicweb.controller.LogicController.login(org.springframework.ui.Model,java.lang.String,java.lang.String)
09:52:37.723 [main] INFO  org.springframework.web.servlet.mvc.method.annotation.RequestMappingHandlerMapping - Mapped "{[/logic/loginSuccess.do]}" onto public java.lang.String com.rick.demologicweb.controller.LogicController.loginSuccess(org.springframework.ui.Model,java.lang.Integer)
09:52:37.724 [main] INFO  org.springframework.web.servlet.mvc.method.annotation.RequestMappingHandlerMapping - Mapped "{[/logic/newUser.do]}" onto public java.lang.String com.rick.demologicweb.controller.LogicController.saveNewUser(com.rick.demoLogic.model.User)
09:52:37.725 [main] INFO  org.springframework.web.servlet.mvc.method.annotation.RequestMappingHandlerMapping - Mapped "{[/test]}" onto public java.util.List<com.rick.demoLogic.model.DepartmentVO> com.rick.demologicweb.controller.TestController.getTreeNode()
09:52:37.726 [main] INFO  org.springframework.web.servlet.mvc.method.annotation.RequestMappingHandlerMapping - Mapped "{[/test/getTreeNodes]}" onto public java.lang.String com.rick.demologicweb.controller.TestController.getTreeNodes()
09:52:37.726 [main] INFO  org.springframework.web.servlet.mvc.method.annotation.RequestMappingHandlerMapping - Mapped "{[/upload/upload.do],methods=[POST]}" onto public java.lang.String com.rick.demologicweb.controller.UploadController.uploadFile(org.springframework.web.multipart.MultipartFile,java.lang.String) throws java.io.IOException
09:52:37.727 [main] INFO  org.springframework.web.servlet.mvc.method.annotation.RequestMappingHandlerMapping - Mapped "{[/upload/queryPhotoList.do]}" onto public org.springframework.web.servlet.ModelAndView com.rick.demologicweb.controller.UploadController.queryPhotoList(org.springframework.ui.Model)
09:52:37.727 [main] INFO  org.springframework.web.servlet.mvc.method.annotation.RequestMappingHandlerMapping - Mapped "{[/upload/deletePhoto.do]}" onto public java.lang.String com.rick.demologicweb.controller.UploadController.deletePhoto(java.lang.Integer)
09:52:37.730 [main] INFO  org.springframework.web.servlet.mvc.method.annotation.RequestMappingHandlerMapping - Mapped "{[/error]}" onto public org.springframework.http.ResponseEntity<java.util.Map<java.lang.String, java.lang.Object>> org.springframework.boot.autoconfigure.web.servlet.error.BasicErrorController.error(javax.servlet.http.HttpServletRequest)
09:52:37.730 [main] INFO  org.springframework.web.servlet.mvc.method.annotation.RequestMappingHandlerMapping - Mapped "{[/error],produces=[text/html]}" onto public org.springframework.web.servlet.ModelAndView org.springframework.boot.autoconfigure.web.servlet.error.BasicErrorController.errorHtml(javax.servlet.http.HttpServletRequest,javax.servlet.http.HttpServletResponse)
09:52:37.743 [main] INFO  org.springframework.web.servlet.handler.SimpleUrlHandlerMapping - Mapped URL path [/logic/index] onto handler of type [class org.springframework.web.servlet.mvc.ParameterizableViewController]
09:52:37.743 [main] INFO  org.springframework.web.servlet.handler.SimpleUrlHandlerMapping - Mapped URL path [/logic/register.do] onto handler of type [class org.springframework.web.servlet.mvc.ParameterizableViewController]
09:52:37.743 [main] INFO  org.springframework.web.servlet.handler.SimpleUrlHandlerMapping - Mapped URL path [/logic/goToUpload.do] onto handler of type [class org.springframework.web.servlet.mvc.ParameterizableViewController]
09:52:37.764 [main] INFO  org.springframework.web.servlet.handler.SimpleUrlHandlerMapping - Mapped URL path [/webjars/**] onto handler of type [class org.springframework.web.servlet.resource.ResourceHttpRequestHandler]
09:52:37.764 [main] INFO  org.springframework.web.servlet.handler.SimpleUrlHandlerMapping - Mapped URL path [/**] onto handler of type [class org.springframework.web.servlet.resource.ResourceHttpRequestHandler]
09:52:37.839 [main] INFO  org.springframework.boot.autoconfigure.web.servlet.WelcomePageHandlerMapping - Adding welcome page template: index
09:52:37.983 [main] INFO  org.springframework.ui.freemarker.SpringTemplateLoader - SpringTemplateLoader for FreeMarker: using resource loader [org.springframework.boot.web.servlet.context.AnnotationConfigServletWebServerApplicationContext@5a85c92: startup date [Mon Dec 24 09:52:34 CST 2018]; root of context hierarchy] and template loader path [classpath:/templates/]
09:52:37.983 [main] INFO  org.springframework.web.servlet.view.freemarker.FreeMarkerConfigurer - ClassTemplateLoader for Spring macros added to FreeMarker configuration
09:52:38.234 [main] INFO  org.springframework.jmx.export.annotation.AnnotationMBeanExporter - Registering beans for JMX exposure on startup
09:52:38.236 [main] INFO  org.springframework.jmx.export.annotation.AnnotationMBeanExporter - Bean with name 'statFilter' has been autodetected for JMX exposure
09:52:38.236 [main] INFO  org.springframework.jmx.export.annotation.AnnotationMBeanExporter - Bean with name 'dataSource' has been autodetected for JMX exposure
09:52:38.241 [main] INFO  org.springframework.jmx.export.annotation.AnnotationMBeanExporter - Located MBean 'dataSource': registering with JMX server as MBean [com.alibaba.druid.spring.boot.autoconfigure:name=dataSource,type=DruidDataSourceWrapper]
09:52:38.242 [main] INFO  org.springframework.jmx.export.annotation.AnnotationMBeanExporter - Located MBean 'statFilter': registering with JMX server as MBean [com.alibaba.druid.filter.stat:name=statFilter,type=StatFilter]
09:52:38.260 [main] INFO  org.apache.coyote.http11.Http11NioProtocol - Starting ProtocolHandler ["http-nio-8086"]
09:52:38.268 [main] INFO  org.apache.tomcat.util.net.NioSelectorPool - Using a shared selector for servlet write/read
09:52:38.289 [main] INFO  org.springframework.boot.web.embedded.tomcat.TomcatWebServer - Tomcat started on port(s): 8086 (http) with context path ''
09:52:38.294 [main] INFO  com.rick.demologicweb.DemoLogicWebApplication - Started DemoLogicWebApplication in 4.177 seconds (JVM running for 6.564)
09:52:57.104 [main] INFO  com.rick.demologicweb.DemoLogicWebApplication - Starting DemoLogicWebApplication on Ric-PC with PID 8124 (D:\GitHubForRick\swagger_demo\demo-logic\demo-logic-web\target\classes started by admin in D:\GitHubForRick\swagger_demo\demo-logic\demo-logic-web)
09:52:57.107 [main] INFO  com.rick.demologicweb.DemoLogicWebApplication - The following profiles are active: dev
09:52:57.160 [main] INFO  org.springframework.boot.web.servlet.context.AnnotationConfigServletWebServerApplicationContext - Refreshing org.springframework.boot.web.servlet.context.AnnotationConfigServletWebServerApplicationContext@72c28d64: startup date [Mon Dec 24 09:52:57 CST 2018]; root of context hierarchy
09:52:58.134 [main] INFO  org.springframework.context.support.PostProcessorRegistrationDelegate$BeanPostProcessorChecker - Bean 'org.springframework.transaction.annotation.ProxyTransactionManagementConfiguration' of type [org.springframework.transaction.annotation.ProxyTransactionManagementConfiguration$$EnhancerBySpringCGLIB$$dbe357ac] is not eligible for getting processed by all BeanPostProcessors (for example: not eligible for auto-proxying)
09:52:58.170 [main] INFO  org.springframework.context.support.PostProcessorRegistrationDelegate$BeanPostProcessorChecker - Bean 'org.springframework.hateoas.config.HateoasConfiguration' of type [org.springframework.hateoas.config.HateoasConfiguration$$EnhancerBySpringCGLIB$$5b63a4de] is not eligible for getting processed by all BeanPostProcessors (for example: not eligible for auto-proxying)
09:52:58.563 [main] INFO  org.springframework.boot.web.embedded.tomcat.TomcatWebServer - Tomcat initialized with port(s): 8086 (http)
09:52:58.581 [main] INFO  org.apache.coyote.http11.Http11NioProtocol - Initializing ProtocolHandler ["http-nio-8086"]
09:52:58.593 [main] INFO  org.apache.catalina.core.StandardService - Starting service [Tomcat]
09:52:58.593 [main] INFO  org.apache.catalina.core.StandardEngine - Starting Servlet Engine: Apache Tomcat/8.5.32
09:52:58.598 [localhost-startStop-1] INFO  org.apache.catalina.core.AprLifecycleListener - The APR based Apache Tomcat Native library which allows optimal performance in production environments was not found on the java.library.path: [C:\Program Files\Java\jdk1.8.0_102\bin;C:\Windows\Sun\Java\bin;C:\Windows\system32;C:\Windows;C:\ProgramData\Oracle\Java\javapath;C:\Windows\system32;C:\Windows;C:\Windows\system32\wbem;C:\Program Files\nodejs\;E:\python11;C:\Program Files\Java\jdk1.8.0_102\bin;C:\Program Files\Java\jdk1.8.0_102\jre\bin;C:\Windows\system32;C:\Windows;C:\Windows\System32\Wbem;C:\Windows\SysWOW64%CATALINA_HOME%\lib;%CATALINA_HOME%\bin ;C:\Users\admin\AppData\Roaming\npm;C:\Users\admin\Desktop\wget;.]
09:52:58.856 [localhost-startStop-1] INFO  org.apache.jasper.servlet.TldScanner - At least one JAR was scanned for TLDs yet contained no TLDs. Enable debug logging for this logger for a complete list of JARs that were scanned but no TLDs were found in them. Skipping unneeded JARs during scanning can improve startup time and JSP compilation time.
09:52:58.860 [localhost-startStop-1] INFO  org.apache.catalina.core.ContainerBase.[Tomcat].[localhost].[/] - Initializing Spring embedded WebApplicationContext
09:52:58.860 [localhost-startStop-1] INFO  org.springframework.web.context.ContextLoader - Root WebApplicationContext: initialization completed in 1700 ms
09:52:58.950 [localhost-startStop-1] INFO  org.springframework.boot.web.servlet.ServletRegistrationBean - Servlet dispatcherServlet mapped to [/]
09:52:58.952 [localhost-startStop-1] INFO  org.springframework.boot.web.servlet.ServletRegistrationBean - Servlet statViewServlet mapped to [/druid/*]
09:52:58.955 [localhost-startStop-1] INFO  org.springframework.boot.web.servlet.FilterRegistrationBean - Mapping filter: 'characterEncodingFilter' to: [/*]
09:52:58.955 [localhost-startStop-1] INFO  org.springframework.boot.web.servlet.FilterRegistrationBean - Mapping filter: 'hiddenHttpMethodFilter' to: [/*]
09:52:58.955 [localhost-startStop-1] INFO  org.springframework.boot.web.servlet.FilterRegistrationBean - Mapping filter: 'httpPutFormContentFilter' to: [/*]
09:52:58.955 [localhost-startStop-1] INFO  org.springframework.boot.web.servlet.FilterRegistrationBean - Mapping filter: 'requestContextFilter' to: [/*]
09:52:58.955 [localhost-startStop-1] INFO  org.springframework.boot.web.servlet.FilterRegistrationBean - Mapping filter: 'webStatFilter' to urls: [/*]
09:52:59.026 [main] INFO  com.alibaba.druid.spring.boot.autoconfigure.DruidDataSourceAutoConfigure - Init DruidDataSource
09:52:59.175 [main] INFO  com.alibaba.druid.pool.DruidDataSource - {dataSource-1} inited
09:52:59.821 [main] INFO  org.springframework.web.servlet.handler.SimpleUrlHandlerMapping - Mapped URL path [/**/favicon.ico] onto handler of type [class org.springframework.web.servlet.resource.ResourceHttpRequestHandler]
09:53:00.081 [main] INFO  org.springframework.web.servlet.mvc.method.annotation.RequestMappingHandlerAdapter - Looking for @ControllerAdvice: org.springframework.boot.web.servlet.context.AnnotationConfigServletWebServerApplicationContext@72c28d64: startup date [Mon Dec 24 09:52:57 CST 2018]; root of context hierarchy
09:53:00.144 [main] INFO  org.springframework.web.servlet.mvc.method.annotation.RequestMappingHandlerMapping - Mapped "{[/logic/save.do],methods=[POST]}" onto public java.lang.String com.rick.demologicweb.controller.LogicController.save(com.rick.demoLogic.model.LogicUser)
09:53:00.145 [main] INFO  org.springframework.web.servlet.mvc.method.annotation.RequestMappingHandlerMapping - Mapped "{[/logic/saveUser]}" onto public java.lang.String com.rick.demologicweb.controller.LogicController.saveUser(com.rick.demoLogic.model.LogicUser)
09:53:00.146 [main] INFO  org.springframework.web.servlet.mvc.method.annotation.RequestMappingHandlerMapping - Mapped "{[/logic/saveUser.do]}" onto public java.lang.String com.rick.demologicweb.controller.LogicController.jumpToSaveJsp()
09:53:00.146 [main] INFO  org.springframework.web.servlet.mvc.method.annotation.RequestMappingHandlerMapping - Mapped "{[/logic/querylist.do]}" onto public java.lang.String com.rick.demologicweb.controller.LogicController.queryList(org.springframework.ui.Model)
09:53:00.146 [main] INFO  org.springframework.web.servlet.mvc.method.annotation.RequestMappingHandlerMapping - Mapped "{[/logic/delete.do]}" onto public java.lang.String com.rick.demologicweb.controller.LogicController.deleteUser(java.lang.Integer)
09:53:00.146 [main] INFO  org.springframework.web.servlet.mvc.method.annotation.RequestMappingHandlerMapping - Mapped "{[/logic/login.do]}" onto public java.lang.Integer com.rick.demologicweb.controller.LogicController.login(org.springframework.ui.Model,java.lang.String,java.lang.String)
09:53:00.146 [main] INFO  org.springframework.web.servlet.mvc.method.annotation.RequestMappingHandlerMapping - Mapped "{[/logic/loginSuccess.do]}" onto public java.lang.String com.rick.demologicweb.controller.LogicController.loginSuccess(org.springframework.ui.Model,java.lang.Integer)
09:53:00.147 [main] INFO  org.springframework.web.servlet.mvc.method.annotation.RequestMappingHandlerMapping - Mapped "{[/logic/newUser.do]}" onto public java.lang.String com.rick.demologicweb.controller.LogicController.saveNewUser(com.rick.demoLogic.model.User)
09:53:00.147 [main] INFO  org.springframework.web.servlet.mvc.method.annotation.RequestMappingHandlerMapping - Mapped "{[/test]}" onto public java.util.List<com.rick.demoLogic.model.DepartmentVO> com.rick.demologicweb.controller.TestController.getTreeNode()
09:53:00.147 [main] INFO  org.springframework.web.servlet.mvc.method.annotation.RequestMappingHandlerMapping - Mapped "{[/test/getTreeNodes]}" onto public java.lang.String com.rick.demologicweb.controller.TestController.getTreeNodes()
09:53:00.148 [main] INFO  org.springframework.web.servlet.mvc.method.annotation.RequestMappingHandlerMapping - Mapped "{[/upload/upload.do],methods=[POST]}" onto public java.lang.String com.rick.demologicweb.controller.UploadController.uploadFile(org.springframework.web.multipart.MultipartFile,java.lang.String) throws java.io.IOException
09:53:00.148 [main] INFO  org.springframework.web.servlet.mvc.method.annotation.RequestMappingHandlerMapping - Mapped "{[/upload/queryPhotoList.do]}" onto public org.springframework.web.servlet.ModelAndView com.rick.demologicweb.controller.UploadController.queryPhotoList(org.springframework.ui.Model)
09:53:00.148 [main] INFO  org.springframework.web.servlet.mvc.method.annotation.RequestMappingHandlerMapping - Mapped "{[/upload/deletePhoto.do]}" onto public java.lang.String com.rick.demologicweb.controller.UploadController.deletePhoto(java.lang.Integer)
09:53:00.151 [main] INFO  org.springframework.web.servlet.mvc.method.annotation.RequestMappingHandlerMapping - Mapped "{[/error]}" onto public org.springframework.http.ResponseEntity<java.util.Map<java.lang.String, java.lang.Object>> org.springframework.boot.autoconfigure.web.servlet.error.BasicErrorController.error(javax.servlet.http.HttpServletRequest)
09:53:00.151 [main] INFO  org.springframework.web.servlet.mvc.method.annotation.RequestMappingHandlerMapping - Mapped "{[/error],produces=[text/html]}" onto public org.springframework.web.servlet.ModelAndView org.springframework.boot.autoconfigure.web.servlet.error.BasicErrorController.errorHtml(javax.servlet.http.HttpServletRequest,javax.servlet.http.HttpServletResponse)
09:53:00.163 [main] INFO  org.springframework.web.servlet.handler.SimpleUrlHandlerMapping - Mapped URL path [/logic/index] onto handler of type [class org.springframework.web.servlet.mvc.ParameterizableViewController]
09:53:00.163 [main] INFO  org.springframework.web.servlet.handler.SimpleUrlHandlerMapping - Mapped URL path [/logic/register.do] onto handler of type [class org.springframework.web.servlet.mvc.ParameterizableViewController]
09:53:00.163 [main] INFO  org.springframework.web.servlet.handler.SimpleUrlHandlerMapping - Mapped URL path [/logic/goToUpload.do] onto handler of type [class org.springframework.web.servlet.mvc.ParameterizableViewController]
09:53:00.188 [main] INFO  org.springframework.web.servlet.handler.SimpleUrlHandlerMapping - Mapped URL path [/webjars/**] onto handler of type [class org.springframework.web.servlet.resource.ResourceHttpRequestHandler]
09:53:00.188 [main] INFO  org.springframework.web.servlet.handler.SimpleUrlHandlerMapping - Mapped URL path [/**] onto handler of type [class org.springframework.web.servlet.resource.ResourceHttpRequestHandler]
09:53:00.282 [main] INFO  org.springframework.boot.autoconfigure.web.servlet.WelcomePageHandlerMapping - Adding welcome page template: index
09:53:00.415 [main] INFO  org.springframework.ui.freemarker.SpringTemplateLoader - SpringTemplateLoader for FreeMarker: using resource loader [org.springframework.boot.web.servlet.context.AnnotationConfigServletWebServerApplicationContext@72c28d64: startup date [Mon Dec 24 09:52:57 CST 2018]; root of context hierarchy] and template loader path [classpath:/templates/]
09:53:00.416 [main] INFO  org.springframework.web.servlet.view.freemarker.FreeMarkerConfigurer - ClassTemplateLoader for Spring macros added to FreeMarker configuration
09:53:00.693 [main] INFO  org.springframework.jmx.export.annotation.AnnotationMBeanExporter - Registering beans for JMX exposure on startup
09:53:00.694 [main] INFO  org.springframework.jmx.export.annotation.AnnotationMBeanExporter - Bean with name 'statFilter' has been autodetected for JMX exposure
09:53:00.694 [main] INFO  org.springframework.jmx.export.annotation.AnnotationMBeanExporter - Bean with name 'dataSource' has been autodetected for JMX exposure
09:53:00.699 [main] INFO  org.springframework.jmx.export.annotation.AnnotationMBeanExporter - Located MBean 'dataSource': registering with JMX server as MBean [com.alibaba.druid.spring.boot.autoconfigure:name=dataSource,type=DruidDataSourceWrapper]
09:53:00.699 [main] INFO  org.springframework.jmx.export.annotation.AnnotationMBeanExporter - Located MBean 'statFilter': registering with JMX server as MBean [com.alibaba.druid.filter.stat:name=statFilter,type=StatFilter]
09:53:00.716 [main] INFO  org.apache.coyote.http11.Http11NioProtocol - Starting ProtocolHandler ["http-nio-8086"]
09:53:00.725 [main] INFO  org.apache.tomcat.util.net.NioSelectorPool - Using a shared selector for servlet write/read
09:53:00.745 [main] INFO  org.springframework.boot.web.embedded.tomcat.TomcatWebServer - Tomcat started on port(s): 8086 (http) with context path ''
09:53:00.749 [main] INFO  com.rick.demologicweb.DemoLogicWebApplication - Started DemoLogicWebApplication in 4.789 seconds (JVM running for 5.674)
09:53:07.169 [http-nio-8086-exec-1] INFO  org.apache.catalina.core.ContainerBase.[Tomcat].[localhost].[/] - Initializing Spring FrameworkServlet 'dispatcherServlet'
09:53:07.169 [http-nio-8086-exec-1] INFO  org.springframework.web.servlet.DispatcherServlet - FrameworkServlet 'dispatcherServlet': initialization started
09:53:07.191 [http-nio-8086-exec-1] INFO  org.springframework.web.servlet.DispatcherServlet - FrameworkServlet 'dispatcherServlet': initialization completed in 22 ms
