10:16:51.564 [main] INFO  com.rick.demologicweb.DemoLogicWebApplication - Starting DemoLogicWebApplication on Ric-PC with PID 10436 (D:\GitHubForRick\swagger_demo\demo-logic\demo-logic-web\target\classes started by admin in D:\GitHubForRick\swagger_demo\demo-logic\demo-logic-web)
10:16:51.565 [main] INFO  com.rick.demologicweb.DemoLogicWebApplication - The following profiles are active: dev
10:16:51.702 [main] INFO  org.springframework.boot.web.servlet.context.AnnotationConfigServletWebServerApplicationContext - Refreshing org.springframework.boot.web.servlet.context.AnnotationConfigServletWebServerApplicationContext@2374d36a: startup date [Tue Jan 15 10:16:51 CST 2019]; root of context hierarchy
10:16:53.965 [main] INFO  org.springframework.context.support.PostProcessorRegistrationDelegate$BeanPostProcessorChecker - Bean 'org.springframework.transaction.annotation.ProxyTransactionManagementConfiguration' of type [org.springframework.transaction.annotation.ProxyTransactionManagementConfiguration$$EnhancerBySpringCGLIB$$45542147] is not eligible for getting processed by all BeanPostProcessors (for example: not eligible for auto-proxying)
10:16:54.005 [main] INFO  org.springframework.context.support.PostProcessorRegistrationDelegate$BeanPostProcessorChecker - Bean 'org.springframework.hateoas.config.HateoasConfiguration' of type [org.springframework.hateoas.config.HateoasConfiguration$$EnhancerBySpringCGLIB$$c4d46e79] is not eligible for getting processed by all BeanPostProcessors (for example: not eligible for auto-proxying)
10:16:55.031 [main] INFO  org.springframework.boot.web.embedded.tomcat.TomcatWebServer - Tomcat initialized with port(s): 8086 (http)
10:16:55.045 [main] INFO  org.apache.coyote.http11.Http11NioProtocol - Initializing ProtocolHandler ["http-nio-8086"]
10:16:55.065 [main] INFO  org.apache.catalina.core.StandardService - Starting service [Tomcat]
10:16:55.065 [main] INFO  org.apache.catalina.core.StandardEngine - Starting Servlet Engine: Apache Tomcat/8.5.32
10:16:55.085 [localhost-startStop-1] INFO  org.apache.catalina.core.AprLifecycleListener - The APR based Apache Tomcat Native library which allows optimal performance in production environments was not found on the java.library.path: [C:\Program Files\Java\jdk1.8.0_102\bin;C:\Windows\Sun\Java\bin;C:\Windows\system32;C:\Windows;C:\ProgramData\Oracle\Java\javapath;C:\Windows\system32;C:\Windows;C:\Windows\system32\wbem;C:\Program Files\nodejs\;E:\python11;C:\Program Files\Java\jdk1.8.0_102\bin;C:\Program Files\Java\jdk1.8.0_102\jre\bin;C:\Windows\system32;C:\Windows;C:\Windows\System32\Wbem;C:\Windows\SysWOW64%CATALINA_HOME%\lib;%CATALINA_HOME%\bin ;C:\Users\admin\AppData\Roaming\npm;C:\Users\admin\Desktop\wget;.]
10:16:55.511 [localhost-startStop-1] INFO  org.apache.jasper.servlet.TldScanner - At least one JAR was scanned for TLDs yet contained no TLDs. Enable debug logging for this logger for a complete list of JARs that were scanned but no TLDs were found in them. Skipping unneeded JARs during scanning can improve startup time and JSP compilation time.
10:16:55.529 [localhost-startStop-1] INFO  org.apache.catalina.core.ContainerBase.[Tomcat].[localhost].[/] - Initializing Spring embedded WebApplicationContext
10:16:55.529 [localhost-startStop-1] INFO  org.springframework.web.context.ContextLoader - Root WebApplicationContext: initialization completed in 3827 ms
10:16:55.738 [localhost-startStop-1] INFO  org.springframework.boot.web.servlet.ServletRegistrationBean - Servlet dispatcherServlet mapped to [/]
10:16:55.740 [localhost-startStop-1] INFO  org.springframework.boot.web.servlet.ServletRegistrationBean - Servlet statViewServlet mapped to [/druid/*]
10:16:55.743 [localhost-startStop-1] INFO  org.springframework.boot.web.servlet.FilterRegistrationBean - Mapping filter: 'characterEncodingFilter' to: [/*]
10:16:55.743 [localhost-startStop-1] INFO  org.springframework.boot.web.servlet.FilterRegistrationBean - Mapping filter: 'hiddenHttpMethodFilter' to: [/*]
10:16:55.743 [localhost-startStop-1] INFO  org.springframework.boot.web.servlet.FilterRegistrationBean - Mapping filter: 'httpPutFormContentFilter' to: [/*]
10:16:55.743 [localhost-startStop-1] INFO  org.springframework.boot.web.servlet.FilterRegistrationBean - Mapping filter: 'requestContextFilter' to: [/*]
10:16:55.743 [localhost-startStop-1] INFO  org.springframework.boot.web.servlet.FilterRegistrationBean - Mapping filter: 'webStatFilter' to urls: [/*]
10:16:55.909 [main] INFO  com.alibaba.druid.spring.boot.autoconfigure.DruidDataSourceAutoConfigure - Init DruidDataSource
10:16:56.282 [main] INFO  com.alibaba.druid.pool.DruidDataSource - {dataSource-1} inited
10:16:57.390 [main] INFO  org.springframework.web.servlet.handler.SimpleUrlHandlerMapping - Mapped URL path [/**/favicon.ico] onto handler of type [class org.springframework.web.servlet.resource.ResourceHttpRequestHandler]
10:16:57.757 [main] INFO  org.springframework.web.servlet.mvc.method.annotation.RequestMappingHandlerAdapter - Looking for @ControllerAdvice: org.springframework.boot.web.servlet.context.AnnotationConfigServletWebServerApplicationContext@2374d36a: startup date [Tue Jan 15 10:16:51 CST 2019]; root of context hierarchy
10:16:57.858 [main] INFO  org.springframework.web.servlet.mvc.method.annotation.RequestMappingHandlerMapping - Mapped "{[/logic/save.do],methods=[POST]}" onto public java.lang.String com.rick.demologicweb.controller.LogicController.save(com.rick.demoLogic.model.LogicUser)
10:16:57.859 [main] INFO  org.springframework.web.servlet.mvc.method.annotation.RequestMappingHandlerMapping - Mapped "{[/logic/saveUser]}" onto public java.lang.String com.rick.demologicweb.controller.LogicController.saveUser(com.rick.demoLogic.model.LogicUser)
10:16:57.859 [main] INFO  org.springframework.web.servlet.mvc.method.annotation.RequestMappingHandlerMapping - Mapped "{[/logic/saveUser.do]}" onto public java.lang.String com.rick.demologicweb.controller.LogicController.jumpToSaveJsp()
10:16:57.859 [main] INFO  org.springframework.web.servlet.mvc.method.annotation.RequestMappingHandlerMapping - Mapped "{[/logic/querylist.do]}" onto public java.lang.String com.rick.demologicweb.controller.LogicController.queryList(org.springframework.ui.Model)
10:16:57.859 [main] INFO  org.springframework.web.servlet.mvc.method.annotation.RequestMappingHandlerMapping - Mapped "{[/logic/delete.do]}" onto public java.lang.String com.rick.demologicweb.controller.LogicController.deleteUser(java.lang.Integer)
10:16:57.859 [main] INFO  org.springframework.web.servlet.mvc.method.annotation.RequestMappingHandlerMapping - Mapped "{[/logic/login.do]}" onto public java.lang.Integer com.rick.demologicweb.controller.LogicController.login(org.springframework.ui.Model,java.lang.String,java.lang.String)
10:16:57.859 [main] INFO  org.springframework.web.servlet.mvc.method.annotation.RequestMappingHandlerMapping - Mapped "{[/logic/loginSuccess.do]}" onto public java.lang.String com.rick.demologicweb.controller.LogicController.loginSuccess(org.springframework.ui.Model,java.lang.Integer)
10:16:57.859 [main] INFO  org.springframework.web.servlet.mvc.method.annotation.RequestMappingHandlerMapping - Mapped "{[/logic/newUser.do]}" onto public java.lang.String com.rick.demologicweb.controller.LogicController.saveNewUser(com.rick.demoLogic.model.User)
10:16:57.860 [main] INFO  org.springframework.web.servlet.mvc.method.annotation.RequestMappingHandlerMapping - Mapped "{[/test]}" onto public java.util.List<com.rick.demoLogic.model.DepartmentVO> com.rick.demologicweb.controller.TestController.getTreeNode()
10:16:57.860 [main] INFO  org.springframework.web.servlet.mvc.method.annotation.RequestMappingHandlerMapping - Mapped "{[/test/getTreeNodes]}" onto public java.lang.String com.rick.demologicweb.controller.TestController.getTreeNodes()
10:16:57.861 [main] INFO  org.springframework.web.servlet.mvc.method.annotation.RequestMappingHandlerMapping - Mapped "{[/upload/upload.do],methods=[POST]}" onto public java.lang.String com.rick.demologicweb.controller.UploadController.uploadFile(org.springframework.web.multipart.MultipartFile,java.lang.String) throws java.io.IOException
10:16:57.862 [main] INFO  org.springframework.web.servlet.mvc.method.annotation.RequestMappingHandlerMapping - Mapped "{[/upload/queryPhotoList.do]}" onto public org.springframework.web.servlet.ModelAndView com.rick.demologicweb.controller.UploadController.queryPhotoList(org.springframework.ui.Model)
10:16:57.862 [main] INFO  org.springframework.web.servlet.mvc.method.annotation.RequestMappingHandlerMapping - Mapped "{[/upload/deletePhoto.do]}" onto public java.lang.String com.rick.demologicweb.controller.UploadController.deletePhoto(java.lang.Integer)
10:16:57.865 [main] INFO  org.springframework.web.servlet.mvc.method.annotation.RequestMappingHandlerMapping - Mapped "{[/error]}" onto public org.springframework.http.ResponseEntity<java.util.Map<java.lang.String, java.lang.Object>> org.springframework.boot.autoconfigure.web.servlet.error.BasicErrorController.error(javax.servlet.http.HttpServletRequest)
10:16:57.865 [main] INFO  org.springframework.web.servlet.mvc.method.annotation.RequestMappingHandlerMapping - Mapped "{[/error],produces=[text/html]}" onto public org.springframework.web.servlet.ModelAndView org.springframework.boot.autoconfigure.web.servlet.error.BasicErrorController.errorHtml(javax.servlet.http.HttpServletRequest,javax.servlet.http.HttpServletResponse)
10:16:57.878 [main] INFO  org.springframework.web.servlet.handler.SimpleUrlHandlerMapping - Mapped URL path [/logic/index] onto handler of type [class org.springframework.web.servlet.mvc.ParameterizableViewController]
10:16:57.878 [main] INFO  org.springframework.web.servlet.handler.SimpleUrlHandlerMapping - Mapped URL path [/logic/register.do] onto handler of type [class org.springframework.web.servlet.mvc.ParameterizableViewController]
10:16:57.878 [main] INFO  org.springframework.web.servlet.handler.SimpleUrlHandlerMapping - Mapped URL path [/logic/goToUpload.do] onto handler of type [class org.springframework.web.servlet.mvc.ParameterizableViewController]
10:16:57.898 [main] INFO  org.springframework.web.servlet.handler.SimpleUrlHandlerMapping - Mapped URL path [/webjars/**] onto handler of type [class org.springframework.web.servlet.resource.ResourceHttpRequestHandler]
10:16:57.898 [main] INFO  org.springframework.web.servlet.handler.SimpleUrlHandlerMapping - Mapped URL path [/**] onto handler of type [class org.springframework.web.servlet.resource.ResourceHttpRequestHandler]
10:16:57.996 [main] INFO  org.springframework.boot.autoconfigure.web.servlet.WelcomePageHandlerMapping - Adding welcome page template: index
10:16:58.324 [main] INFO  org.springframework.ui.freemarker.SpringTemplateLoader - SpringTemplateLoader for FreeMarker: using resource loader [org.springframework.boot.web.servlet.context.AnnotationConfigServletWebServerApplicationContext@2374d36a: startup date [Tue Jan 15 10:16:51 CST 2019]; root of context hierarchy] and template loader path [classpath:/templates/]
10:16:58.325 [main] INFO  org.springframework.web.servlet.view.freemarker.FreeMarkerConfigurer - ClassTemplateLoader for Spring macros added to FreeMarker configuration
10:16:58.686 [main] INFO  org.springframework.jmx.export.annotation.AnnotationMBeanExporter - Registering beans for JMX exposure on startup
10:16:58.687 [main] INFO  org.springframework.jmx.export.annotation.AnnotationMBeanExporter - Bean with name 'statFilter' has been autodetected for JMX exposure
10:16:58.688 [main] INFO  org.springframework.jmx.export.annotation.AnnotationMBeanExporter - Bean with name 'dataSource' has been autodetected for JMX exposure
10:16:58.693 [main] INFO  org.springframework.jmx.export.annotation.AnnotationMBeanExporter - Located MBean 'dataSource': registering with JMX server as MBean [com.alibaba.druid.spring.boot.autoconfigure:name=dataSource,type=DruidDataSourceWrapper]
10:16:58.693 [main] INFO  org.springframework.jmx.export.annotation.AnnotationMBeanExporter - Located MBean 'statFilter': registering with JMX server as MBean [com.alibaba.druid.filter.stat:name=statFilter,type=StatFilter]
10:16:58.731 [main] INFO  org.apache.coyote.http11.Http11NioProtocol - Starting ProtocolHandler ["http-nio-8086"]
10:16:58.740 [main] INFO  org.apache.tomcat.util.net.NioSelectorPool - Using a shared selector for servlet write/read
10:16:58.817 [main] INFO  org.springframework.boot.web.embedded.tomcat.TomcatWebServer - Tomcat started on port(s): 8086 (http) with context path ''
10:16:58.821 [main] INFO  com.rick.demologicweb.DemoLogicWebApplication - Started DemoLogicWebApplication in 9.596 seconds (JVM running for 14.201)
10:17:40.925 [http-nio-8086-exec-1] INFO  org.apache.catalina.core.ContainerBase.[Tomcat].[localhost].[/] - Initializing Spring FrameworkServlet 'dispatcherServlet'
10:17:40.926 [http-nio-8086-exec-1] INFO  org.springframework.web.servlet.DispatcherServlet - FrameworkServlet 'dispatcherServlet': initialization started
10:17:40.959 [http-nio-8086-exec-1] INFO  org.springframework.web.servlet.DispatcherServlet - FrameworkServlet 'dispatcherServlet': initialization completed in 33 ms
