09:29:59.937 [main] INFO  com.rick.demologicweb.DemoLogicWebApplication - Starting DemoLogicWebApplication on Ric-PC with PID 8140 (D:\GitHubForRick\swagger_demo\demo-logic\demo-logic-web\target\classes started by admin in D:\GitHubForRick\swagger_demo\demo-logic\demo-logic-web)
09:29:59.937 [main] INFO  com.rick.demologicweb.DemoLogicWebApplication - The following profiles are active: dev
09:30:00.066 [main] INFO  org.springframework.boot.web.servlet.context.AnnotationConfigServletWebServerApplicationContext - Refreshing org.springframework.boot.web.servlet.context.AnnotationConfigServletWebServerApplicationContext@616fe72b: startup date [Thu Nov 29 09:30:00 CST 2018]; root of context hierarchy
09:30:02.375 [main] INFO  org.springframework.context.support.PostProcessorRegistrationDelegate$BeanPostProcessorChecker - Bean 'org.springframework.transaction.annotation.ProxyTransactionManagementConfiguration' of type [org.springframework.transaction.annotation.ProxyTransactionManagementConfiguration$$EnhancerBySpringCGLIB$$50741e61] is not eligible for getting processed by all BeanPostProcessors (for example: not eligible for auto-proxying)
09:30:02.414 [main] INFO  org.springframework.context.support.PostProcessorRegistrationDelegate$BeanPostProcessorChecker - Bean 'org.springframework.hateoas.config.HateoasConfiguration' of type [org.springframework.hateoas.config.HateoasConfiguration$$EnhancerBySpringCGLIB$$cff46b93] is not eligible for getting processed by all BeanPostProcessors (for example: not eligible for auto-proxying)
09:30:03.402 [main] INFO  org.springframework.boot.web.embedded.tomcat.TomcatWebServer - Tomcat initialized with port(s): 8086 (http)
09:30:03.432 [main] INFO  org.apache.coyote.http11.Http11NioProtocol - Initializing ProtocolHandler ["http-nio-8086"]
09:30:03.453 [main] INFO  org.apache.catalina.core.StandardService - Starting service [Tomcat]
09:30:03.453 [main] INFO  org.apache.catalina.core.StandardEngine - Starting Servlet Engine: Apache Tomcat/8.5.32
09:30:03.487 [localhost-startStop-1] INFO  org.apache.catalina.core.AprLifecycleListener - The APR based Apache Tomcat Native library which allows optimal performance in production environments was not found on the java.library.path: [C:\Program Files\Java\jdk1.8.0_102\bin;C:\Windows\Sun\Java\bin;C:\Windows\system32;C:\Windows;C:\ProgramData\Oracle\Java\javapath;C:\Windows\system32;C:\Windows;C:\Windows\system32\wbem;C:\Program Files\nodejs\;E:\python11;C:\Program Files\Java\jdk1.8.0_102\bin;C:\Program Files\Java\jdk1.8.0_102\jre\bin;C:\Windows\system32;C:\Windows;C:\Windows\System32\Wbem;C:\Windows\SysWOW64%CATALINA_HOME%\lib;%CATALINA_HOME%\bin ;C:\Users\admin\AppData\Roaming\npm;C:\Users\admin\Desktop\wget;.]
09:30:03.999 [localhost-startStop-1] INFO  org.apache.jasper.servlet.TldScanner - At least one JAR was scanned for TLDs yet contained no TLDs. Enable debug logging for this logger for a complete list of JARs that were scanned but no TLDs were found in them. Skipping unneeded JARs during scanning can improve startup time and JSP compilation time.
09:30:04.024 [localhost-startStop-1] INFO  org.apache.catalina.core.ContainerBase.[Tomcat].[localhost].[/] - Initializing Spring embedded WebApplicationContext
09:30:04.024 [localhost-startStop-1] INFO  org.springframework.web.context.ContextLoader - Root WebApplicationContext: initialization completed in 3959 ms
09:30:04.301 [localhost-startStop-1] INFO  org.springframework.boot.web.servlet.ServletRegistrationBean - Servlet dispatcherServlet mapped to [/]
09:30:04.303 [localhost-startStop-1] INFO  org.springframework.boot.web.servlet.ServletRegistrationBean - Servlet statViewServlet mapped to [/druid/*]
09:30:04.310 [localhost-startStop-1] INFO  org.springframework.boot.web.servlet.FilterRegistrationBean - Mapping filter: 'characterEncodingFilter' to: [/*]
09:30:04.310 [localhost-startStop-1] INFO  org.springframework.boot.web.servlet.FilterRegistrationBean - Mapping filter: 'hiddenHttpMethodFilter' to: [/*]
09:30:04.310 [localhost-startStop-1] INFO  org.springframework.boot.web.servlet.FilterRegistrationBean - Mapping filter: 'httpPutFormContentFilter' to: [/*]
09:30:04.310 [localhost-startStop-1] INFO  org.springframework.boot.web.servlet.FilterRegistrationBean - Mapping filter: 'requestContextFilter' to: [/*]
09:30:04.310 [localhost-startStop-1] INFO  org.springframework.boot.web.servlet.FilterRegistrationBean - Mapping filter: 'webStatFilter' to urls: [/*]
09:30:04.504 [main] INFO  com.alibaba.druid.spring.boot.autoconfigure.DruidDataSourceAutoConfigure - Init DruidDataSource
09:30:04.959 [main] INFO  com.alibaba.druid.pool.DruidDataSource - {dataSource-1} inited
09:30:06.005 [main] INFO  org.springframework.web.servlet.handler.SimpleUrlHandlerMapping - Mapped URL path [/**/favicon.ico] onto handler of type [class org.springframework.web.servlet.resource.ResourceHttpRequestHandler]
09:30:06.429 [main] INFO  org.springframework.web.servlet.mvc.method.annotation.RequestMappingHandlerAdapter - Looking for @ControllerAdvice: org.springframework.boot.web.servlet.context.AnnotationConfigServletWebServerApplicationContext@616fe72b: startup date [Thu Nov 29 09:30:00 CST 2018]; root of context hierarchy
09:30:06.525 [main] INFO  org.springframework.web.servlet.mvc.method.annotation.RequestMappingHandlerMapping - Mapped "{[/logic/save.do],methods=[POST]}" onto public java.lang.String com.rick.demologicweb.controller.LogicController.save(com.rick.demoLogic.model.LogicUser)
09:30:06.526 [main] INFO  org.springframework.web.servlet.mvc.method.annotation.RequestMappingHandlerMapping - Mapped "{[/logic/saveUser]}" onto public java.lang.String com.rick.demologicweb.controller.LogicController.saveUser(com.rick.demoLogic.model.LogicUser)
09:30:06.526 [main] INFO  org.springframework.web.servlet.mvc.method.annotation.RequestMappingHandlerMapping - Mapped "{[/logic/saveUser.do]}" onto public java.lang.String com.rick.demologicweb.controller.LogicController.jumpToSaveJsp()
09:30:06.527 [main] INFO  org.springframework.web.servlet.mvc.method.annotation.RequestMappingHandlerMapping - Mapped "{[/logic/querylist.do]}" onto public java.lang.String com.rick.demologicweb.controller.LogicController.queryList(org.springframework.ui.Model)
09:30:06.527 [main] INFO  org.springframework.web.servlet.mvc.method.annotation.RequestMappingHandlerMapping - Mapped "{[/logic/delete.do]}" onto public java.lang.String com.rick.demologicweb.controller.LogicController.deleteUser(java.lang.Integer)
09:30:06.527 [main] INFO  org.springframework.web.servlet.mvc.method.annotation.RequestMappingHandlerMapping - Mapped "{[/logic/login.do]}" onto public java.lang.Integer com.rick.demologicweb.controller.LogicController.login(org.springframework.ui.Model,java.lang.String,java.lang.String)
09:30:06.527 [main] INFO  org.springframework.web.servlet.mvc.method.annotation.RequestMappingHandlerMapping - Mapped "{[/logic/loginSuccess.do]}" onto public java.lang.String com.rick.demologicweb.controller.LogicController.loginSuccess(org.springframework.ui.Model,java.lang.Integer)
09:30:06.527 [main] INFO  org.springframework.web.servlet.mvc.method.annotation.RequestMappingHandlerMapping - Mapped "{[/logic/newUser.do]}" onto public java.lang.String com.rick.demologicweb.controller.LogicController.saveNewUser(com.rick.demoLogic.model.User)
09:30:06.528 [main] INFO  org.springframework.web.servlet.mvc.method.annotation.RequestMappingHandlerMapping - Mapped "{[/upload/upload.do],methods=[POST]}" onto public java.lang.String com.rick.demologicweb.controller.UploadController.uploadFile(org.springframework.web.multipart.MultipartFile,java.lang.String) throws java.io.IOException
09:30:06.528 [main] INFO  org.springframework.web.servlet.mvc.method.annotation.RequestMappingHandlerMapping - Mapped "{[/upload/queryPhotoList.do]}" onto public org.springframework.web.servlet.ModelAndView com.rick.demologicweb.controller.UploadController.queryPhotoList(org.springframework.ui.Model)
09:30:06.529 [main] INFO  org.springframework.web.servlet.mvc.method.annotation.RequestMappingHandlerMapping - Mapped "{[/upload/deletePhoto.do]}" onto public java.lang.String com.rick.demologicweb.controller.UploadController.deletePhoto(java.lang.Integer)
09:30:06.532 [main] INFO  org.springframework.web.servlet.mvc.method.annotation.RequestMappingHandlerMapping - Mapped "{[/error]}" onto public org.springframework.http.ResponseEntity<java.util.Map<java.lang.String, java.lang.Object>> org.springframework.boot.autoconfigure.web.servlet.error.BasicErrorController.error(javax.servlet.http.HttpServletRequest)
09:30:06.532 [main] INFO  org.springframework.web.servlet.mvc.method.annotation.RequestMappingHandlerMapping - Mapped "{[/error],produces=[text/html]}" onto public org.springframework.web.servlet.ModelAndView org.springframework.boot.autoconfigure.web.servlet.error.BasicErrorController.errorHtml(javax.servlet.http.HttpServletRequest,javax.servlet.http.HttpServletResponse)
09:30:06.549 [main] INFO  org.springframework.web.servlet.handler.SimpleUrlHandlerMapping - Mapped URL path [/logic/index] onto handler of type [class org.springframework.web.servlet.mvc.ParameterizableViewController]
09:30:06.549 [main] INFO  org.springframework.web.servlet.handler.SimpleUrlHandlerMapping - Mapped URL path [/logic/register.do] onto handler of type [class org.springframework.web.servlet.mvc.ParameterizableViewController]
09:30:06.549 [main] INFO  org.springframework.web.servlet.handler.SimpleUrlHandlerMapping - Mapped URL path [/logic/goToUpload.do] onto handler of type [class org.springframework.web.servlet.mvc.ParameterizableViewController]
09:30:06.572 [main] INFO  org.springframework.web.servlet.handler.SimpleUrlHandlerMapping - Mapped URL path [/webjars/**] onto handler of type [class org.springframework.web.servlet.resource.ResourceHttpRequestHandler]
09:30:06.572 [main] INFO  org.springframework.web.servlet.handler.SimpleUrlHandlerMapping - Mapped URL path [/**] onto handler of type [class org.springframework.web.servlet.resource.ResourceHttpRequestHandler]
09:30:06.683 [main] INFO  org.springframework.boot.autoconfigure.web.servlet.WelcomePageHandlerMapping - Adding welcome page template: index
09:30:07.010 [main] INFO  org.springframework.ui.freemarker.SpringTemplateLoader - SpringTemplateLoader for FreeMarker: using resource loader [org.springframework.boot.web.servlet.context.AnnotationConfigServletWebServerApplicationContext@616fe72b: startup date [Thu Nov 29 09:30:00 CST 2018]; root of context hierarchy] and template loader path [classpath:/templates/]
09:30:07.011 [main] INFO  org.springframework.web.servlet.view.freemarker.FreeMarkerConfigurer - ClassTemplateLoader for Spring macros added to FreeMarker configuration
09:30:07.406 [main] INFO  org.springframework.jmx.export.annotation.AnnotationMBeanExporter - Registering beans for JMX exposure on startup
09:30:07.407 [main] INFO  org.springframework.jmx.export.annotation.AnnotationMBeanExporter - Bean with name 'statFilter' has been autodetected for JMX exposure
09:30:07.407 [main] INFO  org.springframework.jmx.export.annotation.AnnotationMBeanExporter - Bean with name 'dataSource' has been autodetected for JMX exposure
09:30:07.414 [main] INFO  org.springframework.jmx.export.annotation.AnnotationMBeanExporter - Located MBean 'dataSource': registering with JMX server as MBean [com.alibaba.druid.spring.boot.autoconfigure:name=dataSource,type=DruidDataSourceWrapper]
09:30:07.414 [main] INFO  org.springframework.jmx.export.annotation.AnnotationMBeanExporter - Located MBean 'statFilter': registering with JMX server as MBean [com.alibaba.druid.filter.stat:name=statFilter,type=StatFilter]
09:30:07.454 [main] INFO  org.apache.coyote.http11.Http11NioProtocol - Starting ProtocolHandler ["http-nio-8086"]
09:30:07.470 [main] INFO  org.apache.tomcat.util.net.NioSelectorPool - Using a shared selector for servlet write/read
09:30:07.551 [main] INFO  org.springframework.boot.web.embedded.tomcat.TomcatWebServer - Tomcat started on port(s): 8086 (http) with context path ''
09:30:07.557 [main] INFO  com.rick.demologicweb.DemoLogicWebApplication - Started DemoLogicWebApplication in 8.823 seconds (JVM running for 18.624)
09:30:13.370 [http-nio-8086-exec-1] INFO  org.apache.catalina.core.ContainerBase.[Tomcat].[localhost].[/] - Initializing Spring FrameworkServlet 'dispatcherServlet'
09:30:13.370 [http-nio-8086-exec-1] INFO  org.springframework.web.servlet.DispatcherServlet - FrameworkServlet 'dispatcherServlet': initialization started
09:30:13.405 [http-nio-8086-exec-1] INFO  org.springframework.web.servlet.DispatcherServlet - FrameworkServlet 'dispatcherServlet': initialization completed in 35 ms
16:14:37.887 [main] INFO  com.rick.demologicweb.DemoLogicWebApplication - Starting DemoLogicWebApplication on Ric-PC with PID 8092 (D:\GitHubForRick\swagger_demo\demo-logic\demo-logic-web\target\classes started by admin in D:\GitHubForRick\swagger_demo\demo-logic\demo-logic-web)
16:14:37.901 [main] INFO  com.rick.demologicweb.DemoLogicWebApplication - The following profiles are active: dev
16:14:37.978 [main] INFO  org.springframework.boot.web.servlet.context.AnnotationConfigServletWebServerApplicationContext - Refreshing org.springframework.boot.web.servlet.context.AnnotationConfigServletWebServerApplicationContext@3243b914: startup date [Thu Nov 29 16:14:37 CST 2018]; root of context hierarchy
16:14:39.201 [main] INFO  org.springframework.context.support.PostProcessorRegistrationDelegate$BeanPostProcessorChecker - Bean 'org.springframework.transaction.annotation.ProxyTransactionManagementConfiguration' of type [org.springframework.transaction.annotation.ProxyTransactionManagementConfiguration$$EnhancerBySpringCGLIB$$1f9120bf] is not eligible for getting processed by all BeanPostProcessors (for example: not eligible for auto-proxying)
16:14:39.233 [main] INFO  org.springframework.context.support.PostProcessorRegistrationDelegate$BeanPostProcessorChecker - Bean 'org.springframework.hateoas.config.HateoasConfiguration' of type [org.springframework.hateoas.config.HateoasConfiguration$$EnhancerBySpringCGLIB$$9f116df1] is not eligible for getting processed by all BeanPostProcessors (for example: not eligible for auto-proxying)
16:14:39.632 [main] INFO  org.springframework.boot.web.embedded.tomcat.TomcatWebServer - Tomcat initialized with port(s): 8086 (http)
16:14:39.644 [main] INFO  org.apache.coyote.http11.Http11NioProtocol - Initializing ProtocolHandler ["http-nio-8086"]
16:14:39.655 [main] INFO  org.apache.catalina.core.StandardService - Starting service [Tomcat]
16:14:39.656 [main] INFO  org.apache.catalina.core.StandardEngine - Starting Servlet Engine: Apache Tomcat/8.5.32
16:14:39.662 [localhost-startStop-1] INFO  org.apache.catalina.core.AprLifecycleListener - The APR based Apache Tomcat Native library which allows optimal performance in production environments was not found on the java.library.path: [C:\Program Files\Java\jdk1.8.0_102\bin;C:\Windows\Sun\Java\bin;C:\Windows\system32;C:\Windows;C:\ProgramData\Oracle\Java\javapath;C:\Windows\system32;C:\Windows;C:\Windows\system32\wbem;C:\Program Files\nodejs\;E:\python11;C:\Program Files\Java\jdk1.8.0_102\bin;C:\Program Files\Java\jdk1.8.0_102\jre\bin;C:\Windows\system32;C:\Windows;C:\Windows\System32\Wbem;C:\Windows\SysWOW64%CATALINA_HOME%\lib;%CATALINA_HOME%\bin ;C:\Users\admin\AppData\Roaming\npm;C:\Users\admin\Desktop\wget;.]
16:14:39.971 [localhost-startStop-1] INFO  org.apache.jasper.servlet.TldScanner - At least one JAR was scanned for TLDs yet contained no TLDs. Enable debug logging for this logger for a complete list of JARs that were scanned but no TLDs were found in them. Skipping unneeded JARs during scanning can improve startup time and JSP compilation time.
16:14:39.977 [localhost-startStop-1] INFO  org.apache.catalina.core.ContainerBase.[Tomcat].[localhost].[/] - Initializing Spring embedded WebApplicationContext
16:14:39.977 [localhost-startStop-1] INFO  org.springframework.web.context.ContextLoader - Root WebApplicationContext: initialization completed in 1999 ms
16:14:40.069 [localhost-startStop-1] INFO  org.springframework.boot.web.servlet.ServletRegistrationBean - Servlet dispatcherServlet mapped to [/]
16:14:40.070 [localhost-startStop-1] INFO  org.springframework.boot.web.servlet.ServletRegistrationBean - Servlet statViewServlet mapped to [/druid/*]
16:14:40.073 [localhost-startStop-1] INFO  org.springframework.boot.web.servlet.FilterRegistrationBean - Mapping filter: 'characterEncodingFilter' to: [/*]
16:14:40.074 [localhost-startStop-1] INFO  org.springframework.boot.web.servlet.FilterRegistrationBean - Mapping filter: 'hiddenHttpMethodFilter' to: [/*]
16:14:40.074 [localhost-startStop-1] INFO  org.springframework.boot.web.servlet.FilterRegistrationBean - Mapping filter: 'httpPutFormContentFilter' to: [/*]
16:14:40.074 [localhost-startStop-1] INFO  org.springframework.boot.web.servlet.FilterRegistrationBean - Mapping filter: 'requestContextFilter' to: [/*]
16:14:40.074 [localhost-startStop-1] INFO  org.springframework.boot.web.servlet.FilterRegistrationBean - Mapping filter: 'webStatFilter' to urls: [/*]
16:14:40.151 [main] INFO  com.alibaba.druid.spring.boot.autoconfigure.DruidDataSourceAutoConfigure - Init DruidDataSource
16:14:40.411 [main] INFO  com.alibaba.druid.pool.DruidDataSource - {dataSource-1} inited
16:14:41.373 [main] INFO  org.springframework.web.servlet.handler.SimpleUrlHandlerMapping - Mapped URL path [/**/favicon.ico] onto handler of type [class org.springframework.web.servlet.resource.ResourceHttpRequestHandler]
16:14:41.643 [main] INFO  org.springframework.web.servlet.mvc.method.annotation.RequestMappingHandlerAdapter - Looking for @ControllerAdvice: org.springframework.boot.web.servlet.context.AnnotationConfigServletWebServerApplicationContext@3243b914: startup date [Thu Nov 29 16:14:37 CST 2018]; root of context hierarchy
16:14:41.706 [main] INFO  org.springframework.web.servlet.mvc.method.annotation.RequestMappingHandlerMapping - Mapped "{[/logic/save.do],methods=[POST]}" onto public java.lang.String com.rick.demologicweb.controller.LogicController.save(com.rick.demoLogic.model.LogicUser)
16:14:41.707 [main] INFO  org.springframework.web.servlet.mvc.method.annotation.RequestMappingHandlerMapping - Mapped "{[/logic/saveUser]}" onto public java.lang.String com.rick.demologicweb.controller.LogicController.saveUser(com.rick.demoLogic.model.LogicUser)
16:14:41.707 [main] INFO  org.springframework.web.servlet.mvc.method.annotation.RequestMappingHandlerMapping - Mapped "{[/logic/saveUser.do]}" onto public java.lang.String com.rick.demologicweb.controller.LogicController.jumpToSaveJsp()
16:14:41.707 [main] INFO  org.springframework.web.servlet.mvc.method.annotation.RequestMappingHandlerMapping - Mapped "{[/logic/querylist.do]}" onto public java.lang.String com.rick.demologicweb.controller.LogicController.queryList(org.springframework.ui.Model)
16:14:41.707 [main] INFO  org.springframework.web.servlet.mvc.method.annotation.RequestMappingHandlerMapping - Mapped "{[/logic/delete.do]}" onto public java.lang.String com.rick.demologicweb.controller.LogicController.deleteUser(java.lang.Integer)
16:14:41.708 [main] INFO  org.springframework.web.servlet.mvc.method.annotation.RequestMappingHandlerMapping - Mapped "{[/logic/login.do]}" onto public java.lang.Integer com.rick.demologicweb.controller.LogicController.login(org.springframework.ui.Model,java.lang.String,java.lang.String)
16:14:41.708 [main] INFO  org.springframework.web.servlet.mvc.method.annotation.RequestMappingHandlerMapping - Mapped "{[/logic/loginSuccess.do]}" onto public java.lang.String com.rick.demologicweb.controller.LogicController.loginSuccess(org.springframework.ui.Model,java.lang.Integer)
16:14:41.708 [main] INFO  org.springframework.web.servlet.mvc.method.annotation.RequestMappingHandlerMapping - Mapped "{[/logic/newUser.do]}" onto public java.lang.String com.rick.demologicweb.controller.LogicController.saveNewUser(com.rick.demoLogic.model.User)
16:14:41.709 [main] INFO  org.springframework.web.servlet.mvc.method.annotation.RequestMappingHandlerMapping - Mapped "{[/upload/upload.do],methods=[POST]}" onto public java.lang.String com.rick.demologicweb.controller.UploadController.uploadFile(org.springframework.web.multipart.MultipartFile,java.lang.String) throws java.io.IOException
16:14:41.709 [main] INFO  org.springframework.web.servlet.mvc.method.annotation.RequestMappingHandlerMapping - Mapped "{[/upload/queryPhotoList.do]}" onto public org.springframework.web.servlet.ModelAndView com.rick.demologicweb.controller.UploadController.queryPhotoList(org.springframework.ui.Model)
16:14:41.709 [main] INFO  org.springframework.web.servlet.mvc.method.annotation.RequestMappingHandlerMapping - Mapped "{[/upload/deletePhoto.do]}" onto public java.lang.String com.rick.demologicweb.controller.UploadController.deletePhoto(java.lang.Integer)
16:14:41.712 [main] INFO  org.springframework.web.servlet.mvc.method.annotation.RequestMappingHandlerMapping - Mapped "{[/error]}" onto public org.springframework.http.ResponseEntity<java.util.Map<java.lang.String, java.lang.Object>> org.springframework.boot.autoconfigure.web.servlet.error.BasicErrorController.error(javax.servlet.http.HttpServletRequest)
16:14:41.712 [main] INFO  org.springframework.web.servlet.mvc.method.annotation.RequestMappingHandlerMapping - Mapped "{[/error],produces=[text/html]}" onto public org.springframework.web.servlet.ModelAndView org.springframework.boot.autoconfigure.web.servlet.error.BasicErrorController.errorHtml(javax.servlet.http.HttpServletRequest,javax.servlet.http.HttpServletResponse)
16:14:41.726 [main] INFO  org.springframework.web.servlet.handler.SimpleUrlHandlerMapping - Mapped URL path [/logic/index] onto handler of type [class org.springframework.web.servlet.mvc.ParameterizableViewController]
16:14:41.726 [main] INFO  org.springframework.web.servlet.handler.SimpleUrlHandlerMapping - Mapped URL path [/logic/register.do] onto handler of type [class org.springframework.web.servlet.mvc.ParameterizableViewController]
16:14:41.726 [main] INFO  org.springframework.web.servlet.handler.SimpleUrlHandlerMapping - Mapped URL path [/logic/goToUpload.do] onto handler of type [class org.springframework.web.servlet.mvc.ParameterizableViewController]
16:14:41.755 [main] INFO  org.springframework.web.servlet.handler.SimpleUrlHandlerMapping - Mapped URL path [/webjars/**] onto handler of type [class org.springframework.web.servlet.resource.ResourceHttpRequestHandler]
16:14:41.755 [main] INFO  org.springframework.web.servlet.handler.SimpleUrlHandlerMapping - Mapped URL path [/**] onto handler of type [class org.springframework.web.servlet.resource.ResourceHttpRequestHandler]
16:14:41.849 [main] INFO  org.springframework.boot.autoconfigure.web.servlet.WelcomePageHandlerMapping - Adding welcome page template: index
16:14:41.988 [main] INFO  org.springframework.ui.freemarker.SpringTemplateLoader - SpringTemplateLoader for FreeMarker: using resource loader [org.springframework.boot.web.servlet.context.AnnotationConfigServletWebServerApplicationContext@3243b914: startup date [Thu Nov 29 16:14:37 CST 2018]; root of context hierarchy] and template loader path [classpath:/templates/]
16:14:41.989 [main] INFO  org.springframework.web.servlet.view.freemarker.FreeMarkerConfigurer - ClassTemplateLoader for Spring macros added to FreeMarker configuration
16:14:42.263 [main] INFO  org.springframework.jmx.export.annotation.AnnotationMBeanExporter - Registering beans for JMX exposure on startup
16:14:42.265 [main] INFO  org.springframework.jmx.export.annotation.AnnotationMBeanExporter - Bean with name 'statFilter' has been autodetected for JMX exposure
16:14:42.265 [main] INFO  org.springframework.jmx.export.annotation.AnnotationMBeanExporter - Bean with name 'dataSource' has been autodetected for JMX exposure
16:14:42.270 [main] INFO  org.springframework.jmx.export.annotation.AnnotationMBeanExporter - Located MBean 'dataSource': registering with JMX server as MBean [com.alibaba.druid.spring.boot.autoconfigure:name=dataSource,type=DruidDataSourceWrapper]
16:14:42.271 [main] INFO  org.springframework.jmx.export.annotation.AnnotationMBeanExporter - Located MBean 'statFilter': registering with JMX server as MBean [com.alibaba.druid.filter.stat:name=statFilter,type=StatFilter]
16:14:42.289 [main] INFO  org.apache.coyote.http11.Http11NioProtocol - Starting ProtocolHandler ["http-nio-8086"]
16:14:42.298 [main] INFO  org.apache.tomcat.util.net.NioSelectorPool - Using a shared selector for servlet write/read
16:14:42.320 [main] INFO  org.springframework.boot.web.embedded.tomcat.TomcatWebServer - Tomcat started on port(s): 8086 (http) with context path ''
16:14:42.324 [main] INFO  com.rick.demologicweb.DemoLogicWebApplication - Started DemoLogicWebApplication in 5.165 seconds (JVM running for 6.377)
16:14:52.322 [http-nio-8086-exec-1] INFO  org.apache.catalina.core.ContainerBase.[Tomcat].[localhost].[/] - Initializing Spring FrameworkServlet 'dispatcherServlet'
16:14:52.322 [http-nio-8086-exec-1] INFO  org.springframework.web.servlet.DispatcherServlet - FrameworkServlet 'dispatcherServlet': initialization started
16:14:52.344 [http-nio-8086-exec-1] INFO  org.springframework.web.servlet.DispatcherServlet - FrameworkServlet 'dispatcherServlet': initialization completed in 22 ms
16:15:21.132 [main] INFO  com.rick.demologicweb.DemoLogicWebApplication - Starting DemoLogicWebApplication on Ric-PC with PID 7456 (D:\GitHubForRick\swagger_demo\demo-logic\demo-logic-web\target\classes started by admin in D:\GitHubForRick\swagger_demo\demo-logic\demo-logic-web)
16:15:21.133 [main] INFO  com.rick.demologicweb.DemoLogicWebApplication - The following profiles are active: formal
16:15:21.179 [main] INFO  org.springframework.boot.web.servlet.context.AnnotationConfigServletWebServerApplicationContext - Refreshing org.springframework.boot.web.servlet.context.AnnotationConfigServletWebServerApplicationContext@62e6b5c8: startup date [Thu Nov 29 16:15:21 CST 2018]; root of context hierarchy
16:15:22.207 [main] INFO  org.springframework.context.support.PostProcessorRegistrationDelegate$BeanPostProcessorChecker - Bean 'org.springframework.transaction.annotation.ProxyTransactionManagementConfiguration' of type [org.springframework.transaction.annotation.ProxyTransactionManagementConfiguration$$EnhancerBySpringCGLIB$$6e4f2982] is not eligible for getting processed by all BeanPostProcessors (for example: not eligible for auto-proxying)
16:15:22.242 [main] INFO  org.springframework.context.support.PostProcessorRegistrationDelegate$BeanPostProcessorChecker - Bean 'org.springframework.hateoas.config.HateoasConfiguration' of type [org.springframework.hateoas.config.HateoasConfiguration$$EnhancerBySpringCGLIB$$edcf76b4] is not eligible for getting processed by all BeanPostProcessors (for example: not eligible for auto-proxying)
16:15:22.651 [main] INFO  org.springframework.boot.web.embedded.tomcat.TomcatWebServer - Tomcat initialized with port(s): 8080 (http)
16:15:22.663 [main] INFO  org.apache.coyote.http11.Http11NioProtocol - Initializing ProtocolHandler ["http-nio-8080"]
16:15:22.671 [main] INFO  org.apache.catalina.core.StandardService - Starting service [Tomcat]
16:15:22.672 [main] INFO  org.apache.catalina.core.StandardEngine - Starting Servlet Engine: Apache Tomcat/8.5.32
16:15:22.677 [localhost-startStop-1] INFO  org.apache.catalina.core.AprLifecycleListener - The APR based Apache Tomcat Native library which allows optimal performance in production environments was not found on the java.library.path: [C:\Program Files\Java\jdk1.8.0_102\bin;C:\Windows\Sun\Java\bin;C:\Windows\system32;C:\Windows;C:\ProgramData\Oracle\Java\javapath;C:\Windows\system32;C:\Windows;C:\Windows\system32\wbem;C:\Program Files\nodejs\;E:\python11;C:\Program Files\Java\jdk1.8.0_102\bin;C:\Program Files\Java\jdk1.8.0_102\jre\bin;C:\Windows\system32;C:\Windows;C:\Windows\System32\Wbem;C:\Windows\SysWOW64%CATALINA_HOME%\lib;%CATALINA_HOME%\bin ;C:\Users\admin\AppData\Roaming\npm;C:\Users\admin\Desktop\wget;.]
16:15:22.937 [localhost-startStop-1] INFO  org.apache.jasper.servlet.TldScanner - At least one JAR was scanned for TLDs yet contained no TLDs. Enable debug logging for this logger for a complete list of JARs that were scanned but no TLDs were found in them. Skipping unneeded JARs during scanning can improve startup time and JSP compilation time.
16:15:22.943 [localhost-startStop-1] INFO  org.apache.catalina.core.ContainerBase.[Tomcat].[localhost].[/] - Initializing Spring embedded WebApplicationContext
16:15:22.943 [localhost-startStop-1] INFO  org.springframework.web.context.ContextLoader - Root WebApplicationContext: initialization completed in 1764 ms
16:15:23.051 [localhost-startStop-1] INFO  org.springframework.boot.web.servlet.ServletRegistrationBean - Servlet dispatcherServlet mapped to [/]
16:15:23.052 [localhost-startStop-1] INFO  org.springframework.boot.web.servlet.ServletRegistrationBean - Servlet statViewServlet mapped to [/druid/*]
16:15:23.056 [localhost-startStop-1] INFO  org.springframework.boot.web.servlet.FilterRegistrationBean - Mapping filter: 'characterEncodingFilter' to: [/*]
16:15:23.056 [localhost-startStop-1] INFO  org.springframework.boot.web.servlet.FilterRegistrationBean - Mapping filter: 'hiddenHttpMethodFilter' to: [/*]
16:15:23.056 [localhost-startStop-1] INFO  org.springframework.boot.web.servlet.FilterRegistrationBean - Mapping filter: 'httpPutFormContentFilter' to: [/*]
16:15:23.056 [localhost-startStop-1] INFO  org.springframework.boot.web.servlet.FilterRegistrationBean - Mapping filter: 'requestContextFilter' to: [/*]
16:15:23.056 [localhost-startStop-1] INFO  org.springframework.boot.web.servlet.FilterRegistrationBean - Mapping filter: 'webStatFilter' to urls: [/*]
16:15:23.134 [main] INFO  com.alibaba.druid.spring.boot.autoconfigure.DruidDataSourceAutoConfigure - Init DruidDataSource
16:15:23.378 [main] INFO  com.alibaba.druid.pool.DruidDataSource - {dataSource-1} inited
16:15:24.052 [main] INFO  org.springframework.web.servlet.handler.SimpleUrlHandlerMapping - Mapped URL path [/**/favicon.ico] onto handler of type [class org.springframework.web.servlet.resource.ResourceHttpRequestHandler]
16:15:24.344 [main] INFO  org.springframework.web.servlet.mvc.method.annotation.RequestMappingHandlerAdapter - Looking for @ControllerAdvice: org.springframework.boot.web.servlet.context.AnnotationConfigServletWebServerApplicationContext@62e6b5c8: startup date [Thu Nov 29 16:15:21 CST 2018]; root of context hierarchy
16:15:24.414 [main] INFO  org.springframework.web.servlet.mvc.method.annotation.RequestMappingHandlerMapping - Mapped "{[/logic/save.do],methods=[POST]}" onto public java.lang.String com.rick.demologicweb.controller.LogicController.save(com.rick.demoLogic.model.LogicUser)
16:15:24.415 [main] INFO  org.springframework.web.servlet.mvc.method.annotation.RequestMappingHandlerMapping - Mapped "{[/logic/saveUser]}" onto public java.lang.String com.rick.demologicweb.controller.LogicController.saveUser(com.rick.demoLogic.model.LogicUser)
16:15:24.415 [main] INFO  org.springframework.web.servlet.mvc.method.annotation.RequestMappingHandlerMapping - Mapped "{[/logic/saveUser.do]}" onto public java.lang.String com.rick.demologicweb.controller.LogicController.jumpToSaveJsp()
16:15:24.415 [main] INFO  org.springframework.web.servlet.mvc.method.annotation.RequestMappingHandlerMapping - Mapped "{[/logic/querylist.do]}" onto public java.lang.String com.rick.demologicweb.controller.LogicController.queryList(org.springframework.ui.Model)
16:15:24.416 [main] INFO  org.springframework.web.servlet.mvc.method.annotation.RequestMappingHandlerMapping - Mapped "{[/logic/delete.do]}" onto public java.lang.String com.rick.demologicweb.controller.LogicController.deleteUser(java.lang.Integer)
16:15:24.416 [main] INFO  org.springframework.web.servlet.mvc.method.annotation.RequestMappingHandlerMapping - Mapped "{[/logic/login.do]}" onto public java.lang.Integer com.rick.demologicweb.controller.LogicController.login(org.springframework.ui.Model,java.lang.String,java.lang.String)
16:15:24.416 [main] INFO  org.springframework.web.servlet.mvc.method.annotation.RequestMappingHandlerMapping - Mapped "{[/logic/loginSuccess.do]}" onto public java.lang.String com.rick.demologicweb.controller.LogicController.loginSuccess(org.springframework.ui.Model,java.lang.Integer)
16:15:24.416 [main] INFO  org.springframework.web.servlet.mvc.method.annotation.RequestMappingHandlerMapping - Mapped "{[/logic/newUser.do]}" onto public java.lang.String com.rick.demologicweb.controller.LogicController.saveNewUser(com.rick.demoLogic.model.User)
16:15:24.417 [main] INFO  org.springframework.web.servlet.mvc.method.annotation.RequestMappingHandlerMapping - Mapped "{[/upload/upload.do],methods=[POST]}" onto public java.lang.String com.rick.demologicweb.controller.UploadController.uploadFile(org.springframework.web.multipart.MultipartFile,java.lang.String) throws java.io.IOException
16:15:24.417 [main] INFO  org.springframework.web.servlet.mvc.method.annotation.RequestMappingHandlerMapping - Mapped "{[/upload/queryPhotoList.do]}" onto public org.springframework.web.servlet.ModelAndView com.rick.demologicweb.controller.UploadController.queryPhotoList(org.springframework.ui.Model)
16:15:24.417 [main] INFO  org.springframework.web.servlet.mvc.method.annotation.RequestMappingHandlerMapping - Mapped "{[/upload/deletePhoto.do]}" onto public java.lang.String com.rick.demologicweb.controller.UploadController.deletePhoto(java.lang.Integer)
16:15:24.420 [main] INFO  org.springframework.web.servlet.mvc.method.annotation.RequestMappingHandlerMapping - Mapped "{[/error]}" onto public org.springframework.http.ResponseEntity<java.util.Map<java.lang.String, java.lang.Object>> org.springframework.boot.autoconfigure.web.servlet.error.BasicErrorController.error(javax.servlet.http.HttpServletRequest)
16:15:24.420 [main] INFO  org.springframework.web.servlet.mvc.method.annotation.RequestMappingHandlerMapping - Mapped "{[/error],produces=[text/html]}" onto public org.springframework.web.servlet.ModelAndView org.springframework.boot.autoconfigure.web.servlet.error.BasicErrorController.errorHtml(javax.servlet.http.HttpServletRequest,javax.servlet.http.HttpServletResponse)
16:15:24.435 [main] INFO  org.springframework.web.servlet.handler.SimpleUrlHandlerMapping - Mapped URL path [/logic/index] onto handler of type [class org.springframework.web.servlet.mvc.ParameterizableViewController]
16:15:24.435 [main] INFO  org.springframework.web.servlet.handler.SimpleUrlHandlerMapping - Mapped URL path [/logic/register.do] onto handler of type [class org.springframework.web.servlet.mvc.ParameterizableViewController]
16:15:24.436 [main] INFO  org.springframework.web.servlet.handler.SimpleUrlHandlerMapping - Mapped URL path [/logic/goToUpload.do] onto handler of type [class org.springframework.web.servlet.mvc.ParameterizableViewController]
16:15:24.457 [main] INFO  org.springframework.web.servlet.handler.SimpleUrlHandlerMapping - Mapped URL path [/webjars/**] onto handler of type [class org.springframework.web.servlet.resource.ResourceHttpRequestHandler]
16:15:24.457 [main] INFO  org.springframework.web.servlet.handler.SimpleUrlHandlerMapping - Mapped URL path [/**] onto handler of type [class org.springframework.web.servlet.resource.ResourceHttpRequestHandler]
16:15:24.552 [main] INFO  org.springframework.boot.autoconfigure.web.servlet.WelcomePageHandlerMapping - Adding welcome page template: index
16:15:24.690 [main] INFO  org.springframework.ui.freemarker.SpringTemplateLoader - SpringTemplateLoader for FreeMarker: using resource loader [org.springframework.boot.web.servlet.context.AnnotationConfigServletWebServerApplicationContext@62e6b5c8: startup date [Thu Nov 29 16:15:21 CST 2018]; root of context hierarchy] and template loader path [classpath:/templates/]
16:15:24.691 [main] INFO  org.springframework.web.servlet.view.freemarker.FreeMarkerConfigurer - ClassTemplateLoader for Spring macros added to FreeMarker configuration
16:15:24.976 [main] INFO  org.springframework.jmx.export.annotation.AnnotationMBeanExporter - Registering beans for JMX exposure on startup
16:15:24.977 [main] INFO  org.springframework.jmx.export.annotation.AnnotationMBeanExporter - Bean with name 'statFilter' has been autodetected for JMX exposure
16:15:24.977 [main] INFO  org.springframework.jmx.export.annotation.AnnotationMBeanExporter - Bean with name 'dataSource' has been autodetected for JMX exposure
16:15:24.985 [main] INFO  org.springframework.jmx.export.annotation.AnnotationMBeanExporter - Located MBean 'dataSource': registering with JMX server as MBean [com.alibaba.druid.spring.boot.autoconfigure:name=dataSource,type=DruidDataSourceWrapper]
16:15:24.986 [main] INFO  org.springframework.jmx.export.annotation.AnnotationMBeanExporter - Located MBean 'statFilter': registering with JMX server as MBean [com.alibaba.druid.filter.stat:name=statFilter,type=StatFilter]
16:15:25.004 [main] INFO  org.apache.coyote.http11.Http11NioProtocol - Starting ProtocolHandler ["http-nio-8080"]
16:15:25.014 [main] INFO  org.apache.tomcat.util.net.NioSelectorPool - Using a shared selector for servlet write/read
16:15:25.037 [main] INFO  org.springframework.boot.web.embedded.tomcat.TomcatWebServer - Tomcat started on port(s): 8080 (http) with context path ''
16:15:25.041 [main] INFO  com.rick.demologicweb.DemoLogicWebApplication - Started DemoLogicWebApplication in 4.682 seconds (JVM running for 5.565)
16:15:59.151 [http-nio-8080-exec-1] INFO  org.apache.catalina.core.ContainerBase.[Tomcat].[localhost].[/] - Initializing Spring FrameworkServlet 'dispatcherServlet'
16:15:59.151 [http-nio-8080-exec-1] INFO  org.springframework.web.servlet.DispatcherServlet - FrameworkServlet 'dispatcherServlet': initialization started
16:15:59.175 [http-nio-8080-exec-1] INFO  org.springframework.web.servlet.DispatcherServlet - FrameworkServlet 'dispatcherServlet': initialization completed in 24 ms
16:17:03.427 [main] INFO  com.rick.demologicweb.DemoLogicWebApplication - Starting DemoLogicWebApplication on Ric-PC with PID 6560 (D:\GitHubForRick\swagger_demo\demo-logic\demo-logic-web\target\classes started by admin in D:\GitHubForRick\swagger_demo\demo-logic\demo-logic-web)
16:17:03.429 [main] INFO  com.rick.demologicweb.DemoLogicWebApplication - The following profiles are active: formal
16:17:03.474 [main] INFO  org.springframework.boot.web.servlet.context.AnnotationConfigServletWebServerApplicationContext - Refreshing org.springframework.boot.web.servlet.context.AnnotationConfigServletWebServerApplicationContext@3f6db3fb: startup date [Thu Nov 29 16:17:03 CST 2018]; root of context hierarchy
16:17:04.454 [main] INFO  org.springframework.context.support.PostProcessorRegistrationDelegate$BeanPostProcessorChecker - Bean 'org.springframework.transaction.annotation.ProxyTransactionManagementConfiguration' of type [org.springframework.transaction.annotation.ProxyTransactionManagementConfiguration$$EnhancerBySpringCGLIB$$aa5385b6] is not eligible for getting processed by all BeanPostProcessors (for example: not eligible for auto-proxying)
16:17:04.496 [main] INFO  org.springframework.context.support.PostProcessorRegistrationDelegate$BeanPostProcessorChecker - Bean 'org.springframework.hateoas.config.HateoasConfiguration' of type [org.springframework.hateoas.config.HateoasConfiguration$$EnhancerBySpringCGLIB$$29d3d2e8] is not eligible for getting processed by all BeanPostProcessors (for example: not eligible for auto-proxying)
16:17:04.895 [main] INFO  org.springframework.boot.web.embedded.tomcat.TomcatWebServer - Tomcat initialized with port(s): 8086 (http)
16:17:04.912 [main] INFO  org.apache.coyote.http11.Http11NioProtocol - Initializing ProtocolHandler ["http-nio-8086"]
16:17:04.924 [main] INFO  org.apache.catalina.core.StandardService - Starting service [Tomcat]
16:17:04.924 [main] INFO  org.apache.catalina.core.StandardEngine - Starting Servlet Engine: Apache Tomcat/8.5.32
16:17:04.929 [localhost-startStop-1] INFO  org.apache.catalina.core.AprLifecycleListener - The APR based Apache Tomcat Native library which allows optimal performance in production environments was not found on the java.library.path: [C:\Program Files\Java\jdk1.8.0_102\bin;C:\Windows\Sun\Java\bin;C:\Windows\system32;C:\Windows;C:\ProgramData\Oracle\Java\javapath;C:\Windows\system32;C:\Windows;C:\Windows\system32\wbem;C:\Program Files\nodejs\;E:\python11;C:\Program Files\Java\jdk1.8.0_102\bin;C:\Program Files\Java\jdk1.8.0_102\jre\bin;C:\Windows\system32;C:\Windows;C:\Windows\System32\Wbem;C:\Windows\SysWOW64%CATALINA_HOME%\lib;%CATALINA_HOME%\bin ;C:\Users\admin\AppData\Roaming\npm;C:\Users\admin\Desktop\wget;.]
16:17:05.193 [localhost-startStop-1] INFO  org.apache.jasper.servlet.TldScanner - At least one JAR was scanned for TLDs yet contained no TLDs. Enable debug logging for this logger for a complete list of JARs that were scanned but no TLDs were found in them. Skipping unneeded JARs during scanning can improve startup time and JSP compilation time.
16:17:05.199 [localhost-startStop-1] INFO  org.apache.catalina.core.ContainerBase.[Tomcat].[localhost].[/] - Initializing Spring embedded WebApplicationContext
16:17:05.199 [localhost-startStop-1] INFO  org.springframework.web.context.ContextLoader - Root WebApplicationContext: initialization completed in 1726 ms
16:17:05.291 [localhost-startStop-1] INFO  org.springframework.boot.web.servlet.ServletRegistrationBean - Servlet dispatcherServlet mapped to [/]
16:17:05.292 [localhost-startStop-1] INFO  org.springframework.boot.web.servlet.ServletRegistrationBean - Servlet statViewServlet mapped to [/druid/*]
16:17:05.295 [localhost-startStop-1] INFO  org.springframework.boot.web.servlet.FilterRegistrationBean - Mapping filter: 'characterEncodingFilter' to: [/*]
16:17:05.295 [localhost-startStop-1] INFO  org.springframework.boot.web.servlet.FilterRegistrationBean - Mapping filter: 'hiddenHttpMethodFilter' to: [/*]
16:17:05.295 [localhost-startStop-1] INFO  org.springframework.boot.web.servlet.FilterRegistrationBean - Mapping filter: 'httpPutFormContentFilter' to: [/*]
16:17:05.295 [localhost-startStop-1] INFO  org.springframework.boot.web.servlet.FilterRegistrationBean - Mapping filter: 'requestContextFilter' to: [/*]
16:17:05.295 [localhost-startStop-1] INFO  org.springframework.boot.web.servlet.FilterRegistrationBean - Mapping filter: 'webStatFilter' to urls: [/*]
16:17:05.368 [main] INFO  com.alibaba.druid.spring.boot.autoconfigure.DruidDataSourceAutoConfigure - Init DruidDataSource
16:17:05.629 [main] INFO  com.alibaba.druid.pool.DruidDataSource - {dataSource-1} inited
16:17:06.265 [main] INFO  org.springframework.web.servlet.handler.SimpleUrlHandlerMapping - Mapped URL path [/**/favicon.ico] onto handler of type [class org.springframework.web.servlet.resource.ResourceHttpRequestHandler]
16:17:06.526 [main] INFO  org.springframework.web.servlet.mvc.method.annotation.RequestMappingHandlerAdapter - Looking for @ControllerAdvice: org.springframework.boot.web.servlet.context.AnnotationConfigServletWebServerApplicationContext@3f6db3fb: startup date [Thu Nov 29 16:17:03 CST 2018]; root of context hierarchy
16:17:06.621 [main] INFO  org.springframework.web.servlet.mvc.method.annotation.RequestMappingHandlerMapping - Mapped "{[/logic/save.do],methods=[POST]}" onto public java.lang.String com.rick.demologicweb.controller.LogicController.save(com.rick.demoLogic.model.LogicUser)
16:17:06.623 [main] INFO  org.springframework.web.servlet.mvc.method.annotation.RequestMappingHandlerMapping - Mapped "{[/logic/saveUser]}" onto public java.lang.String com.rick.demologicweb.controller.LogicController.saveUser(com.rick.demoLogic.model.LogicUser)
16:17:06.623 [main] INFO  org.springframework.web.servlet.mvc.method.annotation.RequestMappingHandlerMapping - Mapped "{[/logic/saveUser.do]}" onto public java.lang.String com.rick.demologicweb.controller.LogicController.jumpToSaveJsp()
16:17:06.623 [main] INFO  org.springframework.web.servlet.mvc.method.annotation.RequestMappingHandlerMapping - Mapped "{[/logic/querylist.do]}" onto public java.lang.String com.rick.demologicweb.controller.LogicController.queryList(org.springframework.ui.Model)
16:17:06.623 [main] INFO  org.springframework.web.servlet.mvc.method.annotation.RequestMappingHandlerMapping - Mapped "{[/logic/delete.do]}" onto public java.lang.String com.rick.demologicweb.controller.LogicController.deleteUser(java.lang.Integer)
16:17:06.623 [main] INFO  org.springframework.web.servlet.mvc.method.annotation.RequestMappingHandlerMapping - Mapped "{[/logic/login.do]}" onto public java.lang.Integer com.rick.demologicweb.controller.LogicController.login(org.springframework.ui.Model,java.lang.String,java.lang.String)
16:17:06.623 [main] INFO  org.springframework.web.servlet.mvc.method.annotation.RequestMappingHandlerMapping - Mapped "{[/logic/loginSuccess.do]}" onto public java.lang.String com.rick.demologicweb.controller.LogicController.loginSuccess(org.springframework.ui.Model,java.lang.Integer)
16:17:06.624 [main] INFO  org.springframework.web.servlet.mvc.method.annotation.RequestMappingHandlerMapping - Mapped "{[/logic/newUser.do]}" onto public java.lang.String com.rick.demologicweb.controller.LogicController.saveNewUser(com.rick.demoLogic.model.User)
16:17:06.625 [main] INFO  org.springframework.web.servlet.mvc.method.annotation.RequestMappingHandlerMapping - Mapped "{[/upload/upload.do],methods=[POST]}" onto public java.lang.String com.rick.demologicweb.controller.UploadController.uploadFile(org.springframework.web.multipart.MultipartFile,java.lang.String) throws java.io.IOException
16:17:06.625 [main] INFO  org.springframework.web.servlet.mvc.method.annotation.RequestMappingHandlerMapping - Mapped "{[/upload/queryPhotoList.do]}" onto public org.springframework.web.servlet.ModelAndView com.rick.demologicweb.controller.UploadController.queryPhotoList(org.springframework.ui.Model)
16:17:06.625 [main] INFO  org.springframework.web.servlet.mvc.method.annotation.RequestMappingHandlerMapping - Mapped "{[/upload/deletePhoto.do]}" onto public java.lang.String com.rick.demologicweb.controller.UploadController.deletePhoto(java.lang.Integer)
16:17:06.630 [main] INFO  org.springframework.web.servlet.mvc.method.annotation.RequestMappingHandlerMapping - Mapped "{[/error]}" onto public org.springframework.http.ResponseEntity<java.util.Map<java.lang.String, java.lang.Object>> org.springframework.boot.autoconfigure.web.servlet.error.BasicErrorController.error(javax.servlet.http.HttpServletRequest)
16:17:06.630 [main] INFO  org.springframework.web.servlet.mvc.method.annotation.RequestMappingHandlerMapping - Mapped "{[/error],produces=[text/html]}" onto public org.springframework.web.servlet.ModelAndView org.springframework.boot.autoconfigure.web.servlet.error.BasicErrorController.errorHtml(javax.servlet.http.HttpServletRequest,javax.servlet.http.HttpServletResponse)
16:17:06.644 [main] INFO  org.springframework.web.servlet.handler.SimpleUrlHandlerMapping - Mapped URL path [/logic/index] onto handler of type [class org.springframework.web.servlet.mvc.ParameterizableViewController]
16:17:06.644 [main] INFO  org.springframework.web.servlet.handler.SimpleUrlHandlerMapping - Mapped URL path [/logic/register.do] onto handler of type [class org.springframework.web.servlet.mvc.ParameterizableViewController]
16:17:06.644 [main] INFO  org.springframework.web.servlet.handler.SimpleUrlHandlerMapping - Mapped URL path [/logic/goToUpload.do] onto handler of type [class org.springframework.web.servlet.mvc.ParameterizableViewController]
16:17:06.666 [main] INFO  org.springframework.web.servlet.handler.SimpleUrlHandlerMapping - Mapped URL path [/webjars/**] onto handler of type [class org.springframework.web.servlet.resource.ResourceHttpRequestHandler]
16:17:06.666 [main] INFO  org.springframework.web.servlet.handler.SimpleUrlHandlerMapping - Mapped URL path [/**] onto handler of type [class org.springframework.web.servlet.resource.ResourceHttpRequestHandler]
16:17:06.759 [main] INFO  org.springframework.boot.autoconfigure.web.servlet.WelcomePageHandlerMapping - Adding welcome page template: index
16:17:06.908 [main] INFO  org.springframework.ui.freemarker.SpringTemplateLoader - SpringTemplateLoader for FreeMarker: using resource loader [org.springframework.boot.web.servlet.context.AnnotationConfigServletWebServerApplicationContext@3f6db3fb: startup date [Thu Nov 29 16:17:03 CST 2018]; root of context hierarchy] and template loader path [classpath:/templates/]
16:17:06.908 [main] INFO  org.springframework.web.servlet.view.freemarker.FreeMarkerConfigurer - ClassTemplateLoader for Spring macros added to FreeMarker configuration
16:17:07.216 [main] INFO  org.springframework.jmx.export.annotation.AnnotationMBeanExporter - Registering beans for JMX exposure on startup
16:17:07.218 [main] INFO  org.springframework.jmx.export.annotation.AnnotationMBeanExporter - Bean with name 'statFilter' has been autodetected for JMX exposure
16:17:07.218 [main] INFO  org.springframework.jmx.export.annotation.AnnotationMBeanExporter - Bean with name 'dataSource' has been autodetected for JMX exposure
16:17:07.223 [main] INFO  org.springframework.jmx.export.annotation.AnnotationMBeanExporter - Located MBean 'dataSource': registering with JMX server as MBean [com.alibaba.druid.spring.boot.autoconfigure:name=dataSource,type=DruidDataSourceWrapper]
16:17:07.224 [main] INFO  org.springframework.jmx.export.annotation.AnnotationMBeanExporter - Located MBean 'statFilter': registering with JMX server as MBean [com.alibaba.druid.filter.stat:name=statFilter,type=StatFilter]
16:17:07.245 [main] INFO  org.apache.coyote.http11.Http11NioProtocol - Starting ProtocolHandler ["http-nio-8086"]
16:17:07.257 [main] INFO  org.apache.tomcat.util.net.NioSelectorPool - Using a shared selector for servlet write/read
16:17:07.280 [main] INFO  org.springframework.boot.web.embedded.tomcat.TomcatWebServer - Tomcat started on port(s): 8086 (http) with context path ''
16:17:07.284 [main] INFO  com.rick.demologicweb.DemoLogicWebApplication - Started DemoLogicWebApplication in 4.519 seconds (JVM running for 5.69)
16:17:18.038 [http-nio-8086-exec-1] INFO  org.apache.catalina.core.ContainerBase.[Tomcat].[localhost].[/] - Initializing Spring FrameworkServlet 'dispatcherServlet'
16:17:18.038 [http-nio-8086-exec-1] INFO  org.springframework.web.servlet.DispatcherServlet - FrameworkServlet 'dispatcherServlet': initialization started
16:17:18.061 [http-nio-8086-exec-1] INFO  org.springframework.web.servlet.DispatcherServlet - FrameworkServlet 'dispatcherServlet': initialization completed in 23 ms
