11:21:41.605 [main] INFO  com.rick.demologicweb.DemoLogicWebApplication - Starting DemoLogicWebApplication on Ric-PC with PID 9152 (D:\GitHubForRick\swagger_demo\demo-logic\demo-logic-web\target\classes started by admin in D:\GitHubForRick\swagger_demo\demo-logic\demo-logic-web)
11:21:41.607 [main] INFO  com.rick.demologicweb.DemoLogicWebApplication - The following profiles are active: dev
11:21:41.663 [main] INFO  org.springframework.boot.web.servlet.context.AnnotationConfigServletWebServerApplicationContext - Refreshing org.springframework.boot.web.servlet.context.AnnotationConfigServletWebServerApplicationContext@3d9f6567: startup date [Tue Dec 25 11:21:41 CST 2018]; root of context hierarchy
11:21:43.539 [main] INFO  org.springframework.context.support.PostProcessorRegistrationDelegate$BeanPostProcessorChecker - Bean 'org.springframework.transaction.annotation.ProxyTransactionManagementConfiguration' of type [org.springframework.transaction.annotation.ProxyTransactionManagementConfiguration$$EnhancerBySpringCGLIB$$fc6e61a9] is not eligible for getting processed by all BeanPostProcessors (for example: not eligible for auto-proxying)
11:21:43.593 [main] INFO  org.springframework.context.support.PostProcessorRegistrationDelegate$BeanPostProcessorChecker - Bean 'org.springframework.hateoas.config.HateoasConfiguration' of type [org.springframework.hateoas.config.HateoasConfiguration$$EnhancerBySpringCGLIB$$7beeaedb] is not eligible for getting processed by all BeanPostProcessors (for example: not eligible for auto-proxying)
11:21:44.736 [main] INFO  org.springframework.boot.web.embedded.tomcat.TomcatWebServer - Tomcat initialized with port(s): 8086 (http)
11:21:44.755 [main] INFO  org.apache.coyote.http11.Http11NioProtocol - Initializing ProtocolHandler ["http-nio-8086"]
11:21:44.800 [main] INFO  org.apache.catalina.core.StandardService - Starting service [Tomcat]
11:21:44.801 [main] INFO  org.apache.catalina.core.StandardEngine - Starting Servlet Engine: Apache Tomcat/8.5.32
11:21:44.837 [localhost-startStop-1] INFO  org.apache.catalina.core.AprLifecycleListener - The APR based Apache Tomcat Native library which allows optimal performance in production environments was not found on the java.library.path: [C:\Program Files\Java\jdk1.8.0_102\bin;C:\Windows\Sun\Java\bin;C:\Windows\system32;C:\Windows;C:\ProgramData\Oracle\Java\javapath;C:\Windows\system32;C:\Windows;C:\Windows\system32\wbem;C:\Program Files\nodejs\;E:\python11;C:\Program Files\Java\jdk1.8.0_102\bin;C:\Program Files\Java\jdk1.8.0_102\jre\bin;C:\Windows\system32;C:\Windows;C:\Windows\System32\Wbem;C:\Windows\SysWOW64%CATALINA_HOME%\lib;%CATALINA_HOME%\bin ;C:\Users\admin\AppData\Roaming\npm;C:\Users\admin\Desktop\wget;.]
11:21:45.994 [localhost-startStop-1] INFO  org.apache.jasper.servlet.TldScanner - At least one JAR was scanned for TLDs yet contained no TLDs. Enable debug logging for this logger for a complete list of JARs that were scanned but no TLDs were found in them. Skipping unneeded JARs during scanning can improve startup time and JSP compilation time.
11:21:46.000 [localhost-startStop-1] INFO  org.apache.catalina.core.ContainerBase.[Tomcat].[localhost].[/] - Initializing Spring embedded WebApplicationContext
11:21:46.000 [localhost-startStop-1] INFO  org.springframework.web.context.ContextLoader - Root WebApplicationContext: initialization completed in 4337 ms
11:21:46.331 [localhost-startStop-1] INFO  org.springframework.boot.web.servlet.ServletRegistrationBean - Servlet dispatcherServlet mapped to [/]
11:21:46.332 [localhost-startStop-1] INFO  org.springframework.boot.web.servlet.ServletRegistrationBean - Servlet statViewServlet mapped to [/druid/*]
11:21:46.335 [localhost-startStop-1] INFO  org.springframework.boot.web.servlet.FilterRegistrationBean - Mapping filter: 'characterEncodingFilter' to: [/*]
11:21:46.335 [localhost-startStop-1] INFO  org.springframework.boot.web.servlet.FilterRegistrationBean - Mapping filter: 'hiddenHttpMethodFilter' to: [/*]
11:21:46.335 [localhost-startStop-1] INFO  org.springframework.boot.web.servlet.FilterRegistrationBean - Mapping filter: 'httpPutFormContentFilter' to: [/*]
11:21:46.336 [localhost-startStop-1] INFO  org.springframework.boot.web.servlet.FilterRegistrationBean - Mapping filter: 'requestContextFilter' to: [/*]
11:21:46.336 [localhost-startStop-1] INFO  org.springframework.boot.web.servlet.FilterRegistrationBean - Mapping filter: 'webStatFilter' to urls: [/*]
11:21:46.462 [main] INFO  com.alibaba.druid.spring.boot.autoconfigure.DruidDataSourceAutoConfigure - Init DruidDataSource
11:21:47.695 [main] INFO  com.alibaba.druid.pool.DruidDataSource - {dataSource-1} inited
11:21:48.728 [main] INFO  org.springframework.web.servlet.handler.SimpleUrlHandlerMapping - Mapped URL path [/**/favicon.ico] onto handler of type [class org.springframework.web.servlet.resource.ResourceHttpRequestHandler]
11:21:49.005 [main] INFO  org.springframework.web.servlet.mvc.method.annotation.RequestMappingHandlerAdapter - Looking for @ControllerAdvice: org.springframework.boot.web.servlet.context.AnnotationConfigServletWebServerApplicationContext@3d9f6567: startup date [Tue Dec 25 11:21:41 CST 2018]; root of context hierarchy
11:21:49.071 [main] INFO  org.springframework.web.servlet.mvc.method.annotation.RequestMappingHandlerMapping - Mapped "{[/logic/save.do],methods=[POST]}" onto public java.lang.String com.rick.demologicweb.controller.LogicController.save(com.rick.demoLogic.model.LogicUser)
11:21:49.072 [main] INFO  org.springframework.web.servlet.mvc.method.annotation.RequestMappingHandlerMapping - Mapped "{[/logic/saveUser]}" onto public java.lang.String com.rick.demologicweb.controller.LogicController.saveUser(com.rick.demoLogic.model.LogicUser)
11:21:49.072 [main] INFO  org.springframework.web.servlet.mvc.method.annotation.RequestMappingHandlerMapping - Mapped "{[/logic/saveUser.do]}" onto public java.lang.String com.rick.demologicweb.controller.LogicController.jumpToSaveJsp()
11:21:49.072 [main] INFO  org.springframework.web.servlet.mvc.method.annotation.RequestMappingHandlerMapping - Mapped "{[/logic/querylist.do]}" onto public java.lang.String com.rick.demologicweb.controller.LogicController.queryList(org.springframework.ui.Model)
11:21:49.072 [main] INFO  org.springframework.web.servlet.mvc.method.annotation.RequestMappingHandlerMapping - Mapped "{[/logic/delete.do]}" onto public java.lang.String com.rick.demologicweb.controller.LogicController.deleteUser(java.lang.Integer)
11:21:49.072 [main] INFO  org.springframework.web.servlet.mvc.method.annotation.RequestMappingHandlerMapping - Mapped "{[/logic/login.do]}" onto public java.lang.Integer com.rick.demologicweb.controller.LogicController.login(org.springframework.ui.Model,java.lang.String,java.lang.String)
11:21:49.072 [main] INFO  org.springframework.web.servlet.mvc.method.annotation.RequestMappingHandlerMapping - Mapped "{[/logic/loginSuccess.do]}" onto public java.lang.String com.rick.demologicweb.controller.LogicController.loginSuccess(org.springframework.ui.Model,java.lang.Integer)
11:21:49.072 [main] INFO  org.springframework.web.servlet.mvc.method.annotation.RequestMappingHandlerMapping - Mapped "{[/logic/newUser.do]}" onto public java.lang.String com.rick.demologicweb.controller.LogicController.saveNewUser(com.rick.demoLogic.model.User)
11:21:49.073 [main] INFO  org.springframework.web.servlet.mvc.method.annotation.RequestMappingHandlerMapping - Mapped "{[/test]}" onto public java.util.List<com.rick.demoLogic.model.DepartmentVO> com.rick.demologicweb.controller.TestController.getTreeNode()
11:21:49.073 [main] INFO  org.springframework.web.servlet.mvc.method.annotation.RequestMappingHandlerMapping - Mapped "{[/test/getTreeNodes]}" onto public java.lang.String com.rick.demologicweb.controller.TestController.getTreeNodes()
11:21:49.074 [main] INFO  org.springframework.web.servlet.mvc.method.annotation.RequestMappingHandlerMapping - Mapped "{[/upload/upload.do],methods=[POST]}" onto public java.lang.String com.rick.demologicweb.controller.UploadController.uploadFile(org.springframework.web.multipart.MultipartFile,java.lang.String) throws java.io.IOException
11:21:49.074 [main] INFO  org.springframework.web.servlet.mvc.method.annotation.RequestMappingHandlerMapping - Mapped "{[/upload/queryPhotoList.do]}" onto public org.springframework.web.servlet.ModelAndView com.rick.demologicweb.controller.UploadController.queryPhotoList(org.springframework.ui.Model)
11:21:49.076 [main] INFO  org.springframework.web.servlet.mvc.method.annotation.RequestMappingHandlerMapping - Mapped "{[/upload/deletePhoto.do]}" onto public java.lang.String com.rick.demologicweb.controller.UploadController.deletePhoto(java.lang.Integer)
11:21:49.079 [main] INFO  org.springframework.web.servlet.mvc.method.annotation.RequestMappingHandlerMapping - Mapped "{[/error]}" onto public org.springframework.http.ResponseEntity<java.util.Map<java.lang.String, java.lang.Object>> org.springframework.boot.autoconfigure.web.servlet.error.BasicErrorController.error(javax.servlet.http.HttpServletRequest)
11:21:49.079 [main] INFO  org.springframework.web.servlet.mvc.method.annotation.RequestMappingHandlerMapping - Mapped "{[/error],produces=[text/html]}" onto public org.springframework.web.servlet.ModelAndView org.springframework.boot.autoconfigure.web.servlet.error.BasicErrorController.errorHtml(javax.servlet.http.HttpServletRequest,javax.servlet.http.HttpServletResponse)
11:21:49.090 [main] INFO  org.springframework.web.servlet.handler.SimpleUrlHandlerMapping - Mapped URL path [/logic/index] onto handler of type [class org.springframework.web.servlet.mvc.ParameterizableViewController]
11:21:49.090 [main] INFO  org.springframework.web.servlet.handler.SimpleUrlHandlerMapping - Mapped URL path [/logic/register.do] onto handler of type [class org.springframework.web.servlet.mvc.ParameterizableViewController]
11:21:49.090 [main] INFO  org.springframework.web.servlet.handler.SimpleUrlHandlerMapping - Mapped URL path [/logic/goToUpload.do] onto handler of type [class org.springframework.web.servlet.mvc.ParameterizableViewController]
11:21:49.107 [main] INFO  org.springframework.web.servlet.handler.SimpleUrlHandlerMapping - Mapped URL path [/webjars/**] onto handler of type [class org.springframework.web.servlet.resource.ResourceHttpRequestHandler]
11:21:49.107 [main] INFO  org.springframework.web.servlet.handler.SimpleUrlHandlerMapping - Mapped URL path [/**] onto handler of type [class org.springframework.web.servlet.resource.ResourceHttpRequestHandler]
11:21:49.206 [main] INFO  org.springframework.boot.autoconfigure.web.servlet.WelcomePageHandlerMapping - Adding welcome page template: index
11:21:49.363 [main] INFO  org.springframework.ui.freemarker.SpringTemplateLoader - SpringTemplateLoader for FreeMarker: using resource loader [org.springframework.boot.web.servlet.context.AnnotationConfigServletWebServerApplicationContext@3d9f6567: startup date [Tue Dec 25 11:21:41 CST 2018]; root of context hierarchy] and template loader path [classpath:/templates/]
11:21:49.364 [main] INFO  org.springframework.web.servlet.view.freemarker.FreeMarkerConfigurer - ClassTemplateLoader for Spring macros added to FreeMarker configuration
11:21:49.704 [main] INFO  org.springframework.jmx.export.annotation.AnnotationMBeanExporter - Registering beans for JMX exposure on startup
11:21:49.705 [main] INFO  org.springframework.jmx.export.annotation.AnnotationMBeanExporter - Bean with name 'statFilter' has been autodetected for JMX exposure
11:21:49.705 [main] INFO  org.springframework.jmx.export.annotation.AnnotationMBeanExporter - Bean with name 'dataSource' has been autodetected for JMX exposure
11:21:49.712 [main] INFO  org.springframework.jmx.export.annotation.AnnotationMBeanExporter - Located MBean 'dataSource': registering with JMX server as MBean [com.alibaba.druid.spring.boot.autoconfigure:name=dataSource,type=DruidDataSourceWrapper]
11:21:49.713 [main] INFO  org.springframework.jmx.export.annotation.AnnotationMBeanExporter - Located MBean 'statFilter': registering with JMX server as MBean [com.alibaba.druid.filter.stat:name=statFilter,type=StatFilter]
11:21:49.736 [main] INFO  org.apache.coyote.http11.Http11NioProtocol - Starting ProtocolHandler ["http-nio-8086"]
11:21:49.746 [main] INFO  org.apache.tomcat.util.net.NioSelectorPool - Using a shared selector for servlet write/read
11:21:49.773 [main] INFO  org.springframework.boot.web.embedded.tomcat.TomcatWebServer - Tomcat started on port(s): 8086 (http) with context path ''
11:21:49.778 [main] INFO  com.rick.demologicweb.DemoLogicWebApplication - Started DemoLogicWebApplication in 10.229 seconds (JVM running for 12.435)
11:21:56.079 [http-nio-8086-exec-1] INFO  org.apache.catalina.core.ContainerBase.[Tomcat].[localhost].[/] - Initializing Spring FrameworkServlet 'dispatcherServlet'
11:21:56.079 [http-nio-8086-exec-1] INFO  org.springframework.web.servlet.DispatcherServlet - FrameworkServlet 'dispatcherServlet': initialization started
11:21:56.102 [http-nio-8086-exec-1] INFO  org.springframework.web.servlet.DispatcherServlet - FrameworkServlet 'dispatcherServlet': initialization completed in 23 ms
11:21:56.404 [http-nio-8086-exec-1] INFO  org.springframework.beans.factory.xml.XmlBeanDefinitionReader - Loading XML bean definitions from class path resource [org/springframework/jdbc/support/sql-error-codes.xml]
11:22:28.279 [main] INFO  com.rick.demologicweb.DemoLogicWebApplication - Starting DemoLogicWebApplication on Ric-PC with PID 8008 (D:\GitHubForRick\swagger_demo\demo-logic\demo-logic-web\target\classes started by admin in D:\GitHubForRick\swagger_demo\demo-logic\demo-logic-web)
11:22:28.281 [main] INFO  com.rick.demologicweb.DemoLogicWebApplication - The following profiles are active: dev
11:22:28.320 [main] INFO  org.springframework.boot.web.servlet.context.AnnotationConfigServletWebServerApplicationContext - Refreshing org.springframework.boot.web.servlet.context.AnnotationConfigServletWebServerApplicationContext@71cf1b07: startup date [Tue Dec 25 11:22:28 CST 2018]; root of context hierarchy
11:22:29.305 [main] INFO  org.springframework.context.support.PostProcessorRegistrationDelegate$BeanPostProcessorChecker - Bean 'org.springframework.transaction.annotation.ProxyTransactionManagementConfiguration' of type [org.springframework.transaction.annotation.ProxyTransactionManagementConfiguration$$EnhancerBySpringCGLIB$$d2552d8d] is not eligible for getting processed by all BeanPostProcessors (for example: not eligible for auto-proxying)
11:22:29.351 [main] INFO  org.springframework.context.support.PostProcessorRegistrationDelegate$BeanPostProcessorChecker - Bean 'org.springframework.hateoas.config.HateoasConfiguration' of type [org.springframework.hateoas.config.HateoasConfiguration$$EnhancerBySpringCGLIB$$51d57abf] is not eligible for getting processed by all BeanPostProcessors (for example: not eligible for auto-proxying)
11:22:29.753 [main] INFO  org.springframework.boot.web.embedded.tomcat.TomcatWebServer - Tomcat initialized with port(s): 8086 (http)
11:22:29.769 [main] INFO  org.apache.coyote.http11.Http11NioProtocol - Initializing ProtocolHandler ["http-nio-8086"]
11:22:29.779 [main] INFO  org.apache.catalina.core.StandardService - Starting service [Tomcat]
11:22:29.779 [main] INFO  org.apache.catalina.core.StandardEngine - Starting Servlet Engine: Apache Tomcat/8.5.32
11:22:29.784 [localhost-startStop-1] INFO  org.apache.catalina.core.AprLifecycleListener - The APR based Apache Tomcat Native library which allows optimal performance in production environments was not found on the java.library.path: [C:\Program Files\Java\jdk1.8.0_102\bin;C:\Windows\Sun\Java\bin;C:\Windows\system32;C:\Windows;C:\ProgramData\Oracle\Java\javapath;C:\Windows\system32;C:\Windows;C:\Windows\system32\wbem;C:\Program Files\nodejs\;E:\python11;C:\Program Files\Java\jdk1.8.0_102\bin;C:\Program Files\Java\jdk1.8.0_102\jre\bin;C:\Windows\system32;C:\Windows;C:\Windows\System32\Wbem;C:\Windows\SysWOW64%CATALINA_HOME%\lib;%CATALINA_HOME%\bin ;C:\Users\admin\AppData\Roaming\npm;C:\Users\admin\Desktop\wget;.]
11:22:30.045 [localhost-startStop-1] INFO  org.apache.jasper.servlet.TldScanner - At least one JAR was scanned for TLDs yet contained no TLDs. Enable debug logging for this logger for a complete list of JARs that were scanned but no TLDs were found in them. Skipping unneeded JARs during scanning can improve startup time and JSP compilation time.
11:22:30.048 [localhost-startStop-1] INFO  org.apache.catalina.core.ContainerBase.[Tomcat].[localhost].[/] - Initializing Spring embedded WebApplicationContext
11:22:30.049 [localhost-startStop-1] INFO  org.springframework.web.context.ContextLoader - Root WebApplicationContext: initialization completed in 1729 ms
11:22:30.137 [localhost-startStop-1] INFO  org.springframework.boot.web.servlet.ServletRegistrationBean - Servlet dispatcherServlet mapped to [/]
11:22:30.138 [localhost-startStop-1] INFO  org.springframework.boot.web.servlet.ServletRegistrationBean - Servlet statViewServlet mapped to [/druid/*]
11:22:30.141 [localhost-startStop-1] INFO  org.springframework.boot.web.servlet.FilterRegistrationBean - Mapping filter: 'characterEncodingFilter' to: [/*]
11:22:30.141 [localhost-startStop-1] INFO  org.springframework.boot.web.servlet.FilterRegistrationBean - Mapping filter: 'hiddenHttpMethodFilter' to: [/*]
11:22:30.142 [localhost-startStop-1] INFO  org.springframework.boot.web.servlet.FilterRegistrationBean - Mapping filter: 'httpPutFormContentFilter' to: [/*]
11:22:30.142 [localhost-startStop-1] INFO  org.springframework.boot.web.servlet.FilterRegistrationBean - Mapping filter: 'requestContextFilter' to: [/*]
11:22:30.142 [localhost-startStop-1] INFO  org.springframework.boot.web.servlet.FilterRegistrationBean - Mapping filter: 'webStatFilter' to urls: [/*]
11:22:30.217 [main] INFO  com.alibaba.druid.spring.boot.autoconfigure.DruidDataSourceAutoConfigure - Init DruidDataSource
11:22:30.399 [main] INFO  com.alibaba.druid.pool.DruidDataSource - {dataSource-1} inited
11:22:31.177 [main] INFO  org.springframework.web.servlet.handler.SimpleUrlHandlerMapping - Mapped URL path [/**/favicon.ico] onto handler of type [class org.springframework.web.servlet.resource.ResourceHttpRequestHandler]
11:22:31.501 [main] INFO  org.springframework.web.servlet.mvc.method.annotation.RequestMappingHandlerAdapter - Looking for @ControllerAdvice: org.springframework.boot.web.servlet.context.AnnotationConfigServletWebServerApplicationContext@71cf1b07: startup date [Tue Dec 25 11:22:28 CST 2018]; root of context hierarchy
11:22:31.578 [main] INFO  org.springframework.web.servlet.mvc.method.annotation.RequestMappingHandlerMapping - Mapped "{[/logic/save.do],methods=[POST]}" onto public java.lang.String com.rick.demologicweb.controller.LogicController.save(com.rick.demoLogic.model.LogicUser)
11:22:31.579 [main] INFO  org.springframework.web.servlet.mvc.method.annotation.RequestMappingHandlerMapping - Mapped "{[/logic/saveUser]}" onto public java.lang.String com.rick.demologicweb.controller.LogicController.saveUser(com.rick.demoLogic.model.LogicUser)
11:22:31.579 [main] INFO  org.springframework.web.servlet.mvc.method.annotation.RequestMappingHandlerMapping - Mapped "{[/logic/saveUser.do]}" onto public java.lang.String com.rick.demologicweb.controller.LogicController.jumpToSaveJsp()
11:22:31.579 [main] INFO  org.springframework.web.servlet.mvc.method.annotation.RequestMappingHandlerMapping - Mapped "{[/logic/querylist.do]}" onto public java.lang.String com.rick.demologicweb.controller.LogicController.queryList(org.springframework.ui.Model)
11:22:31.579 [main] INFO  org.springframework.web.servlet.mvc.method.annotation.RequestMappingHandlerMapping - Mapped "{[/logic/delete.do]}" onto public java.lang.String com.rick.demologicweb.controller.LogicController.deleteUser(java.lang.Integer)
11:22:31.579 [main] INFO  org.springframework.web.servlet.mvc.method.annotation.RequestMappingHandlerMapping - Mapped "{[/logic/login.do]}" onto public java.lang.Integer com.rick.demologicweb.controller.LogicController.login(org.springframework.ui.Model,java.lang.String,java.lang.String)
11:22:31.580 [main] INFO  org.springframework.web.servlet.mvc.method.annotation.RequestMappingHandlerMapping - Mapped "{[/logic/loginSuccess.do]}" onto public java.lang.String com.rick.demologicweb.controller.LogicController.loginSuccess(org.springframework.ui.Model,java.lang.Integer)
11:22:31.580 [main] INFO  org.springframework.web.servlet.mvc.method.annotation.RequestMappingHandlerMapping - Mapped "{[/logic/newUser.do]}" onto public java.lang.String com.rick.demologicweb.controller.LogicController.saveNewUser(com.rick.demoLogic.model.User)
11:22:31.580 [main] INFO  org.springframework.web.servlet.mvc.method.annotation.RequestMappingHandlerMapping - Mapped "{[/test]}" onto public java.util.List<com.rick.demoLogic.model.DepartmentVO> com.rick.demologicweb.controller.TestController.getTreeNode()
11:22:31.580 [main] INFO  org.springframework.web.servlet.mvc.method.annotation.RequestMappingHandlerMapping - Mapped "{[/test/getTreeNodes]}" onto public java.lang.String com.rick.demologicweb.controller.TestController.getTreeNodes()
11:22:31.581 [main] INFO  org.springframework.web.servlet.mvc.method.annotation.RequestMappingHandlerMapping - Mapped "{[/upload/upload.do],methods=[POST]}" onto public java.lang.String com.rick.demologicweb.controller.UploadController.uploadFile(org.springframework.web.multipart.MultipartFile,java.lang.String) throws java.io.IOException
11:22:31.581 [main] INFO  org.springframework.web.servlet.mvc.method.annotation.RequestMappingHandlerMapping - Mapped "{[/upload/queryPhotoList.do]}" onto public org.springframework.web.servlet.ModelAndView com.rick.demologicweb.controller.UploadController.queryPhotoList(org.springframework.ui.Model)
11:22:31.583 [main] INFO  org.springframework.web.servlet.mvc.method.annotation.RequestMappingHandlerMapping - Mapped "{[/upload/deletePhoto.do]}" onto public java.lang.String com.rick.demologicweb.controller.UploadController.deletePhoto(java.lang.Integer)
11:22:31.585 [main] INFO  org.springframework.web.servlet.mvc.method.annotation.RequestMappingHandlerMapping - Mapped "{[/error]}" onto public org.springframework.http.ResponseEntity<java.util.Map<java.lang.String, java.lang.Object>> org.springframework.boot.autoconfigure.web.servlet.error.BasicErrorController.error(javax.servlet.http.HttpServletRequest)
11:22:31.585 [main] INFO  org.springframework.web.servlet.mvc.method.annotation.RequestMappingHandlerMapping - Mapped "{[/error],produces=[text/html]}" onto public org.springframework.web.servlet.ModelAndView org.springframework.boot.autoconfigure.web.servlet.error.BasicErrorController.errorHtml(javax.servlet.http.HttpServletRequest,javax.servlet.http.HttpServletResponse)
11:22:31.596 [main] INFO  org.springframework.web.servlet.handler.SimpleUrlHandlerMapping - Mapped URL path [/logic/index] onto handler of type [class org.springframework.web.servlet.mvc.ParameterizableViewController]
11:22:31.596 [main] INFO  org.springframework.web.servlet.handler.SimpleUrlHandlerMapping - Mapped URL path [/logic/register.do] onto handler of type [class org.springframework.web.servlet.mvc.ParameterizableViewController]
11:22:31.596 [main] INFO  org.springframework.web.servlet.handler.SimpleUrlHandlerMapping - Mapped URL path [/logic/goToUpload.do] onto handler of type [class org.springframework.web.servlet.mvc.ParameterizableViewController]
11:22:31.616 [main] INFO  org.springframework.web.servlet.handler.SimpleUrlHandlerMapping - Mapped URL path [/webjars/**] onto handler of type [class org.springframework.web.servlet.resource.ResourceHttpRequestHandler]
11:22:31.616 [main] INFO  org.springframework.web.servlet.handler.SimpleUrlHandlerMapping - Mapped URL path [/**] onto handler of type [class org.springframework.web.servlet.resource.ResourceHttpRequestHandler]
11:22:31.715 [main] INFO  org.springframework.boot.autoconfigure.web.servlet.WelcomePageHandlerMapping - Adding welcome page template: index
11:22:31.854 [main] INFO  org.springframework.ui.freemarker.SpringTemplateLoader - SpringTemplateLoader for FreeMarker: using resource loader [org.springframework.boot.web.servlet.context.AnnotationConfigServletWebServerApplicationContext@71cf1b07: startup date [Tue Dec 25 11:22:28 CST 2018]; root of context hierarchy] and template loader path [classpath:/templates/]
11:22:31.855 [main] INFO  org.springframework.web.servlet.view.freemarker.FreeMarkerConfigurer - ClassTemplateLoader for Spring macros added to FreeMarker configuration
11:22:32.123 [main] INFO  org.springframework.jmx.export.annotation.AnnotationMBeanExporter - Registering beans for JMX exposure on startup
11:22:32.127 [main] INFO  org.springframework.jmx.export.annotation.AnnotationMBeanExporter - Bean with name 'statFilter' has been autodetected for JMX exposure
11:22:32.127 [main] INFO  org.springframework.jmx.export.annotation.AnnotationMBeanExporter - Bean with name 'dataSource' has been autodetected for JMX exposure
11:22:32.133 [main] INFO  org.springframework.jmx.export.annotation.AnnotationMBeanExporter - Located MBean 'dataSource': registering with JMX server as MBean [com.alibaba.druid.spring.boot.autoconfigure:name=dataSource,type=DruidDataSourceWrapper]
11:22:32.134 [main] INFO  org.springframework.jmx.export.annotation.AnnotationMBeanExporter - Located MBean 'statFilter': registering with JMX server as MBean [com.alibaba.druid.filter.stat:name=statFilter,type=StatFilter]
11:22:32.156 [main] INFO  org.apache.coyote.http11.Http11NioProtocol - Starting ProtocolHandler ["http-nio-8086"]
11:22:32.169 [main] INFO  org.apache.tomcat.util.net.NioSelectorPool - Using a shared selector for servlet write/read
11:22:32.196 [main] INFO  org.springframework.boot.web.embedded.tomcat.TomcatWebServer - Tomcat started on port(s): 8086 (http) with context path ''
11:22:32.200 [main] INFO  com.rick.demologicweb.DemoLogicWebApplication - Started DemoLogicWebApplication in 4.891 seconds (JVM running for 5.919)
11:22:45.646 [http-nio-8086-exec-1] INFO  org.apache.catalina.core.ContainerBase.[Tomcat].[localhost].[/] - Initializing Spring FrameworkServlet 'dispatcherServlet'
11:22:45.646 [http-nio-8086-exec-1] INFO  org.springframework.web.servlet.DispatcherServlet - FrameworkServlet 'dispatcherServlet': initialization started
11:22:45.668 [http-nio-8086-exec-1] INFO  org.springframework.web.servlet.DispatcherServlet - FrameworkServlet 'dispatcherServlet': initialization completed in 22 ms
11:23:31.862 [main] INFO  com.rick.demologicweb.DemoLogicWebApplication - Starting DemoLogicWebApplication on Ric-PC with PID 4264 (D:\GitHubForRick\swagger_demo\demo-logic\demo-logic-web\target\classes started by admin in D:\GitHubForRick\swagger_demo\demo-logic\demo-logic-web)
11:23:31.863 [main] INFO  com.rick.demologicweb.DemoLogicWebApplication - The following profiles are active: dev
11:23:31.940 [main] INFO  org.springframework.boot.web.servlet.context.AnnotationConfigServletWebServerApplicationContext - Refreshing org.springframework.boot.web.servlet.context.AnnotationConfigServletWebServerApplicationContext@3eeb318f: startup date [Tue Dec 25 11:23:31 CST 2018]; root of context hierarchy
11:23:32.877 [main] INFO  org.springframework.context.support.PostProcessorRegistrationDelegate$BeanPostProcessorChecker - Bean 'org.springframework.transaction.annotation.ProxyTransactionManagementConfiguration' of type [org.springframework.transaction.annotation.ProxyTransactionManagementConfiguration$$EnhancerBySpringCGLIB$$a70389ec] is not eligible for getting processed by all BeanPostProcessors (for example: not eligible for auto-proxying)
11:23:32.918 [main] INFO  org.springframework.context.support.PostProcessorRegistrationDelegate$BeanPostProcessorChecker - Bean 'org.springframework.hateoas.config.HateoasConfiguration' of type [org.springframework.hateoas.config.HateoasConfiguration$$EnhancerBySpringCGLIB$$2683d71e] is not eligible for getting processed by all BeanPostProcessors (for example: not eligible for auto-proxying)
11:23:33.312 [main] INFO  org.springframework.boot.web.embedded.tomcat.TomcatWebServer - Tomcat initialized with port(s): 8086 (http)
11:23:33.325 [main] INFO  org.apache.coyote.http11.Http11NioProtocol - Initializing ProtocolHandler ["http-nio-8086"]
11:23:33.336 [main] INFO  org.apache.catalina.core.StandardService - Starting service [Tomcat]
11:23:33.337 [main] INFO  org.apache.catalina.core.StandardEngine - Starting Servlet Engine: Apache Tomcat/8.5.32
11:23:33.343 [localhost-startStop-1] INFO  org.apache.catalina.core.AprLifecycleListener - The APR based Apache Tomcat Native library which allows optimal performance in production environments was not found on the java.library.path: [C:\Program Files\Java\jdk1.8.0_102\bin;C:\Windows\Sun\Java\bin;C:\Windows\system32;C:\Windows;C:\ProgramData\Oracle\Java\javapath;C:\Windows\system32;C:\Windows;C:\Windows\system32\wbem;C:\Program Files\nodejs\;E:\python11;C:\Program Files\Java\jdk1.8.0_102\bin;C:\Program Files\Java\jdk1.8.0_102\jre\bin;C:\Windows\system32;C:\Windows;C:\Windows\System32\Wbem;C:\Windows\SysWOW64%CATALINA_HOME%\lib;%CATALINA_HOME%\bin ;C:\Users\admin\AppData\Roaming\npm;C:\Users\admin\Desktop\wget;.]
11:23:33.602 [localhost-startStop-1] INFO  org.apache.jasper.servlet.TldScanner - At least one JAR was scanned for TLDs yet contained no TLDs. Enable debug logging for this logger for a complete list of JARs that were scanned but no TLDs were found in them. Skipping unneeded JARs during scanning can improve startup time and JSP compilation time.
11:23:33.606 [localhost-startStop-1] INFO  org.apache.catalina.core.ContainerBase.[Tomcat].[localhost].[/] - Initializing Spring embedded WebApplicationContext
11:23:33.606 [localhost-startStop-1] INFO  org.springframework.web.context.ContextLoader - Root WebApplicationContext: initialization completed in 1666 ms
11:23:33.719 [localhost-startStop-1] INFO  org.springframework.boot.web.servlet.ServletRegistrationBean - Servlet dispatcherServlet mapped to [/]
11:23:33.720 [localhost-startStop-1] INFO  org.springframework.boot.web.servlet.ServletRegistrationBean - Servlet statViewServlet mapped to [/druid/*]
11:23:33.724 [localhost-startStop-1] INFO  org.springframework.boot.web.servlet.FilterRegistrationBean - Mapping filter: 'characterEncodingFilter' to: [/*]
11:23:33.725 [localhost-startStop-1] INFO  org.springframework.boot.web.servlet.FilterRegistrationBean - Mapping filter: 'hiddenHttpMethodFilter' to: [/*]
11:23:33.725 [localhost-startStop-1] INFO  org.springframework.boot.web.servlet.FilterRegistrationBean - Mapping filter: 'httpPutFormContentFilter' to: [/*]
11:23:33.725 [localhost-startStop-1] INFO  org.springframework.boot.web.servlet.FilterRegistrationBean - Mapping filter: 'requestContextFilter' to: [/*]
11:23:33.725 [localhost-startStop-1] INFO  org.springframework.boot.web.servlet.FilterRegistrationBean - Mapping filter: 'webStatFilter' to urls: [/*]
11:23:33.798 [main] INFO  com.alibaba.druid.spring.boot.autoconfigure.DruidDataSourceAutoConfigure - Init DruidDataSource
11:23:33.966 [main] INFO  com.alibaba.druid.pool.DruidDataSource - {dataSource-1} inited
11:23:34.647 [main] INFO  org.springframework.web.servlet.handler.SimpleUrlHandlerMapping - Mapped URL path [/**/favicon.ico] onto handler of type [class org.springframework.web.servlet.resource.ResourceHttpRequestHandler]
11:23:34.899 [main] INFO  org.springframework.web.servlet.mvc.method.annotation.RequestMappingHandlerAdapter - Looking for @ControllerAdvice: org.springframework.boot.web.servlet.context.AnnotationConfigServletWebServerApplicationContext@3eeb318f: startup date [Tue Dec 25 11:23:31 CST 2018]; root of context hierarchy
11:23:34.964 [main] INFO  org.springframework.web.servlet.mvc.method.annotation.RequestMappingHandlerMapping - Mapped "{[/logic/save.do],methods=[POST]}" onto public java.lang.String com.rick.demologicweb.controller.LogicController.save(com.rick.demoLogic.model.LogicUser)
11:23:34.965 [main] INFO  org.springframework.web.servlet.mvc.method.annotation.RequestMappingHandlerMapping - Mapped "{[/logic/saveUser]}" onto public java.lang.String com.rick.demologicweb.controller.LogicController.saveUser(com.rick.demoLogic.model.LogicUser)
11:23:34.965 [main] INFO  org.springframework.web.servlet.mvc.method.annotation.RequestMappingHandlerMapping - Mapped "{[/logic/saveUser.do]}" onto public java.lang.String com.rick.demologicweb.controller.LogicController.jumpToSaveJsp()
11:23:34.965 [main] INFO  org.springframework.web.servlet.mvc.method.annotation.RequestMappingHandlerMapping - Mapped "{[/logic/querylist.do]}" onto public java.lang.String com.rick.demologicweb.controller.LogicController.queryList(org.springframework.ui.Model)
11:23:34.965 [main] INFO  org.springframework.web.servlet.mvc.method.annotation.RequestMappingHandlerMapping - Mapped "{[/logic/delete.do]}" onto public java.lang.String com.rick.demologicweb.controller.LogicController.deleteUser(java.lang.Integer)
11:23:34.966 [main] INFO  org.springframework.web.servlet.mvc.method.annotation.RequestMappingHandlerMapping - Mapped "{[/logic/login.do]}" onto public java.lang.Integer com.rick.demologicweb.controller.LogicController.login(org.springframework.ui.Model,java.lang.String,java.lang.String)
11:23:34.966 [main] INFO  org.springframework.web.servlet.mvc.method.annotation.RequestMappingHandlerMapping - Mapped "{[/logic/loginSuccess.do]}" onto public java.lang.String com.rick.demologicweb.controller.LogicController.loginSuccess(org.springframework.ui.Model,java.lang.Integer)
11:23:34.966 [main] INFO  org.springframework.web.servlet.mvc.method.annotation.RequestMappingHandlerMapping - Mapped "{[/logic/newUser.do]}" onto public java.lang.String com.rick.demologicweb.controller.LogicController.saveNewUser(com.rick.demoLogic.model.User)
11:23:34.966 [main] INFO  org.springframework.web.servlet.mvc.method.annotation.RequestMappingHandlerMapping - Mapped "{[/test]}" onto public java.util.List<com.rick.demoLogic.model.DepartmentVO> com.rick.demologicweb.controller.TestController.getTreeNode()
11:23:34.967 [main] INFO  org.springframework.web.servlet.mvc.method.annotation.RequestMappingHandlerMapping - Mapped "{[/test/getTreeNodes]}" onto public java.lang.String com.rick.demologicweb.controller.TestController.getTreeNodes()
11:23:34.968 [main] INFO  org.springframework.web.servlet.mvc.method.annotation.RequestMappingHandlerMapping - Mapped "{[/upload/upload.do],methods=[POST]}" onto public java.lang.String com.rick.demologicweb.controller.UploadController.uploadFile(org.springframework.web.multipart.MultipartFile,java.lang.String) throws java.io.IOException
11:23:34.968 [main] INFO  org.springframework.web.servlet.mvc.method.annotation.RequestMappingHandlerMapping - Mapped "{[/upload/queryPhotoList.do]}" onto public org.springframework.web.servlet.ModelAndView com.rick.demologicweb.controller.UploadController.queryPhotoList(org.springframework.ui.Model)
11:23:34.968 [main] INFO  org.springframework.web.servlet.mvc.method.annotation.RequestMappingHandlerMapping - Mapped "{[/upload/deletePhoto.do]}" onto public java.lang.String com.rick.demologicweb.controller.UploadController.deletePhoto(java.lang.Integer)
11:23:34.971 [main] INFO  org.springframework.web.servlet.mvc.method.annotation.RequestMappingHandlerMapping - Mapped "{[/error]}" onto public org.springframework.http.ResponseEntity<java.util.Map<java.lang.String, java.lang.Object>> org.springframework.boot.autoconfigure.web.servlet.error.BasicErrorController.error(javax.servlet.http.HttpServletRequest)
11:23:34.971 [main] INFO  org.springframework.web.servlet.mvc.method.annotation.RequestMappingHandlerMapping - Mapped "{[/error],produces=[text/html]}" onto public org.springframework.web.servlet.ModelAndView org.springframework.boot.autoconfigure.web.servlet.error.BasicErrorController.errorHtml(javax.servlet.http.HttpServletRequest,javax.servlet.http.HttpServletResponse)
11:23:34.984 [main] INFO  org.springframework.web.servlet.handler.SimpleUrlHandlerMapping - Mapped URL path [/logic/index] onto handler of type [class org.springframework.web.servlet.mvc.ParameterizableViewController]
11:23:34.984 [main] INFO  org.springframework.web.servlet.handler.SimpleUrlHandlerMapping - Mapped URL path [/logic/register.do] onto handler of type [class org.springframework.web.servlet.mvc.ParameterizableViewController]
11:23:34.984 [main] INFO  org.springframework.web.servlet.handler.SimpleUrlHandlerMapping - Mapped URL path [/logic/goToUpload.do] onto handler of type [class org.springframework.web.servlet.mvc.ParameterizableViewController]
11:23:35.010 [main] INFO  org.springframework.web.servlet.handler.SimpleUrlHandlerMapping - Mapped URL path [/webjars/**] onto handler of type [class org.springframework.web.servlet.resource.ResourceHttpRequestHandler]
11:23:35.010 [main] INFO  org.springframework.web.servlet.handler.SimpleUrlHandlerMapping - Mapped URL path [/**] onto handler of type [class org.springframework.web.servlet.resource.ResourceHttpRequestHandler]
11:23:35.098 [main] INFO  org.springframework.boot.autoconfigure.web.servlet.WelcomePageHandlerMapping - Adding welcome page template: index
11:23:35.259 [main] INFO  org.springframework.ui.freemarker.SpringTemplateLoader - SpringTemplateLoader for FreeMarker: using resource loader [org.springframework.boot.web.servlet.context.AnnotationConfigServletWebServerApplicationContext@3eeb318f: startup date [Tue Dec 25 11:23:31 CST 2018]; root of context hierarchy] and template loader path [classpath:/templates/]
11:23:35.260 [main] INFO  org.springframework.web.servlet.view.freemarker.FreeMarkerConfigurer - ClassTemplateLoader for Spring macros added to FreeMarker configuration
11:23:35.539 [main] INFO  org.springframework.jmx.export.annotation.AnnotationMBeanExporter - Registering beans for JMX exposure on startup
11:23:35.541 [main] INFO  org.springframework.jmx.export.annotation.AnnotationMBeanExporter - Bean with name 'statFilter' has been autodetected for JMX exposure
11:23:35.541 [main] INFO  org.springframework.jmx.export.annotation.AnnotationMBeanExporter - Bean with name 'dataSource' has been autodetected for JMX exposure
11:23:35.547 [main] INFO  org.springframework.jmx.export.annotation.AnnotationMBeanExporter - Located MBean 'dataSource': registering with JMX server as MBean [com.alibaba.druid.spring.boot.autoconfigure:name=dataSource,type=DruidDataSourceWrapper]
11:23:35.548 [main] INFO  org.springframework.jmx.export.annotation.AnnotationMBeanExporter - Located MBean 'statFilter': registering with JMX server as MBean [com.alibaba.druid.filter.stat:name=statFilter,type=StatFilter]
11:23:35.573 [main] INFO  org.apache.coyote.http11.Http11NioProtocol - Starting ProtocolHandler ["http-nio-8086"]
11:23:35.585 [main] INFO  org.apache.tomcat.util.net.NioSelectorPool - Using a shared selector for servlet write/read
11:23:35.617 [main] INFO  org.springframework.boot.web.embedded.tomcat.TomcatWebServer - Tomcat started on port(s): 8086 (http) with context path ''
11:23:35.622 [main] INFO  com.rick.demologicweb.DemoLogicWebApplication - Started DemoLogicWebApplication in 4.207 seconds (JVM running for 5.821)
11:23:39.803 [http-nio-8086-exec-2] INFO  org.apache.catalina.core.ContainerBase.[Tomcat].[localhost].[/] - Initializing Spring FrameworkServlet 'dispatcherServlet'
11:23:39.803 [http-nio-8086-exec-2] INFO  org.springframework.web.servlet.DispatcherServlet - FrameworkServlet 'dispatcherServlet': initialization started
11:23:39.821 [http-nio-8086-exec-2] INFO  org.springframework.web.servlet.DispatcherServlet - FrameworkServlet 'dispatcherServlet': initialization completed in 18 ms
11:26:25.723 [main] INFO  com.rick.demologicweb.DemoLogicWebApplication - Starting DemoLogicWebApplication on Ric-PC with PID 10228 (D:\GitHubForRick\swagger_demo\demo-logic\demo-logic-web\target\classes started by admin in D:\GitHubForRick\swagger_demo\demo-logic\demo-logic-web)
11:26:25.723 [main] INFO  com.rick.demologicweb.DemoLogicWebApplication - The following profiles are active: dev
11:26:25.771 [main] INFO  org.springframework.boot.web.servlet.context.AnnotationConfigServletWebServerApplicationContext - Refreshing org.springframework.boot.web.servlet.context.AnnotationConfigServletWebServerApplicationContext@616fe72b: startup date [Tue Dec 25 11:26:25 CST 2018]; root of context hierarchy
11:26:26.885 [main] INFO  org.springframework.context.support.PostProcessorRegistrationDelegate$BeanPostProcessorChecker - Bean 'org.springframework.transaction.annotation.ProxyTransactionManagementConfiguration' of type [org.springframework.transaction.annotation.ProxyTransactionManagementConfiguration$$EnhancerBySpringCGLIB$$fecca244] is not eligible for getting processed by all BeanPostProcessors (for example: not eligible for auto-proxying)
11:26:26.928 [main] INFO  org.springframework.context.support.PostProcessorRegistrationDelegate$BeanPostProcessorChecker - Bean 'org.springframework.hateoas.config.HateoasConfiguration' of type [org.springframework.hateoas.config.HateoasConfiguration$$EnhancerBySpringCGLIB$$7e4cef76] is not eligible for getting processed by all BeanPostProcessors (for example: not eligible for auto-proxying)
11:26:27.328 [main] INFO  org.springframework.boot.web.embedded.tomcat.TomcatWebServer - Tomcat initialized with port(s): 8086 (http)
11:26:27.342 [main] INFO  org.apache.coyote.http11.Http11NioProtocol - Initializing ProtocolHandler ["http-nio-8086"]
11:26:27.352 [main] INFO  org.apache.catalina.core.StandardService - Starting service [Tomcat]
11:26:27.352 [main] INFO  org.apache.catalina.core.StandardEngine - Starting Servlet Engine: Apache Tomcat/8.5.32
11:26:27.357 [localhost-startStop-1] INFO  org.apache.catalina.core.AprLifecycleListener - The APR based Apache Tomcat Native library which allows optimal performance in production environments was not found on the java.library.path: [C:\Program Files\Java\jdk1.8.0_102\bin;C:\Windows\Sun\Java\bin;C:\Windows\system32;C:\Windows;C:\ProgramData\Oracle\Java\javapath;C:\Windows\system32;C:\Windows;C:\Windows\system32\wbem;C:\Program Files\nodejs\;E:\python11;C:\Program Files\Java\jdk1.8.0_102\bin;C:\Program Files\Java\jdk1.8.0_102\jre\bin;C:\Windows\system32;C:\Windows;C:\Windows\System32\Wbem;C:\Windows\SysWOW64%CATALINA_HOME%\lib;%CATALINA_HOME%\bin ;C:\Users\admin\AppData\Roaming\npm;C:\Users\admin\Desktop\wget;.]
11:26:27.641 [localhost-startStop-1] INFO  org.apache.jasper.servlet.TldScanner - At least one JAR was scanned for TLDs yet contained no TLDs. Enable debug logging for this logger for a complete list of JARs that were scanned but no TLDs were found in them. Skipping unneeded JARs during scanning can improve startup time and JSP compilation time.
11:26:27.646 [localhost-startStop-1] INFO  org.apache.catalina.core.ContainerBase.[Tomcat].[localhost].[/] - Initializing Spring embedded WebApplicationContext
11:26:27.647 [localhost-startStop-1] INFO  org.springframework.web.context.ContextLoader - Root WebApplicationContext: initialization completed in 1877 ms
11:26:27.742 [localhost-startStop-1] INFO  org.springframework.boot.web.servlet.ServletRegistrationBean - Servlet dispatcherServlet mapped to [/]
11:26:27.743 [localhost-startStop-1] INFO  org.springframework.boot.web.servlet.ServletRegistrationBean - Servlet statViewServlet mapped to [/druid/*]
11:26:27.747 [localhost-startStop-1] INFO  org.springframework.boot.web.servlet.FilterRegistrationBean - Mapping filter: 'characterEncodingFilter' to: [/*]
11:26:27.747 [localhost-startStop-1] INFO  org.springframework.boot.web.servlet.FilterRegistrationBean - Mapping filter: 'hiddenHttpMethodFilter' to: [/*]
11:26:27.747 [localhost-startStop-1] INFO  org.springframework.boot.web.servlet.FilterRegistrationBean - Mapping filter: 'httpPutFormContentFilter' to: [/*]
11:26:27.747 [localhost-startStop-1] INFO  org.springframework.boot.web.servlet.FilterRegistrationBean - Mapping filter: 'requestContextFilter' to: [/*]
11:26:27.747 [localhost-startStop-1] INFO  org.springframework.boot.web.servlet.FilterRegistrationBean - Mapping filter: 'webStatFilter' to urls: [/*]
11:26:27.824 [main] INFO  com.alibaba.druid.spring.boot.autoconfigure.DruidDataSourceAutoConfigure - Init DruidDataSource
11:26:28.081 [main] INFO  com.alibaba.druid.pool.DruidDataSource - {dataSource-1} inited
11:26:28.685 [main] INFO  org.springframework.web.servlet.handler.SimpleUrlHandlerMapping - Mapped URL path [/**/favicon.ico] onto handler of type [class org.springframework.web.servlet.resource.ResourceHttpRequestHandler]
11:26:28.962 [main] INFO  org.springframework.web.servlet.mvc.method.annotation.RequestMappingHandlerAdapter - Looking for @ControllerAdvice: org.springframework.boot.web.servlet.context.AnnotationConfigServletWebServerApplicationContext@616fe72b: startup date [Tue Dec 25 11:26:25 CST 2018]; root of context hierarchy
11:26:29.050 [main] INFO  org.springframework.web.servlet.mvc.method.annotation.RequestMappingHandlerMapping - Mapped "{[/logic/save.do],methods=[POST]}" onto public java.lang.String com.rick.demologicweb.controller.LogicController.save(com.rick.demoLogic.model.LogicUser)
11:26:29.051 [main] INFO  org.springframework.web.servlet.mvc.method.annotation.RequestMappingHandlerMapping - Mapped "{[/logic/saveUser]}" onto public java.lang.String com.rick.demologicweb.controller.LogicController.saveUser(com.rick.demoLogic.model.LogicUser)
11:26:29.052 [main] INFO  org.springframework.web.servlet.mvc.method.annotation.RequestMappingHandlerMapping - Mapped "{[/logic/saveUser.do]}" onto public java.lang.String com.rick.demologicweb.controller.LogicController.jumpToSaveJsp()
11:26:29.052 [main] INFO  org.springframework.web.servlet.mvc.method.annotation.RequestMappingHandlerMapping - Mapped "{[/logic/querylist.do]}" onto public java.lang.String com.rick.demologicweb.controller.LogicController.queryList(org.springframework.ui.Model)
11:26:29.052 [main] INFO  org.springframework.web.servlet.mvc.method.annotation.RequestMappingHandlerMapping - Mapped "{[/logic/delete.do]}" onto public java.lang.String com.rick.demologicweb.controller.LogicController.deleteUser(java.lang.Integer)
11:26:29.053 [main] INFO  org.springframework.web.servlet.mvc.method.annotation.RequestMappingHandlerMapping - Mapped "{[/logic/login.do]}" onto public java.lang.Integer com.rick.demologicweb.controller.LogicController.login(org.springframework.ui.Model,java.lang.String,java.lang.String)
11:26:29.053 [main] INFO  org.springframework.web.servlet.mvc.method.annotation.RequestMappingHandlerMapping - Mapped "{[/logic/loginSuccess.do]}" onto public java.lang.String com.rick.demologicweb.controller.LogicController.loginSuccess(org.springframework.ui.Model,java.lang.Integer)
11:26:29.053 [main] INFO  org.springframework.web.servlet.mvc.method.annotation.RequestMappingHandlerMapping - Mapped "{[/logic/newUser.do]}" onto public java.lang.String com.rick.demologicweb.controller.LogicController.saveNewUser(com.rick.demoLogic.model.User)
11:26:29.054 [main] INFO  org.springframework.web.servlet.mvc.method.annotation.RequestMappingHandlerMapping - Mapped "{[/test]}" onto public java.util.List<com.rick.demoLogic.model.DepartmentVO> com.rick.demologicweb.controller.TestController.getTreeNode()
11:26:29.054 [main] INFO  org.springframework.web.servlet.mvc.method.annotation.RequestMappingHandlerMapping - Mapped "{[/test/getTreeNodes]}" onto public java.lang.String com.rick.demologicweb.controller.TestController.getTreeNodes()
11:26:29.055 [main] INFO  org.springframework.web.servlet.mvc.method.annotation.RequestMappingHandlerMapping - Mapped "{[/upload/upload.do],methods=[POST]}" onto public java.lang.String com.rick.demologicweb.controller.UploadController.uploadFile(org.springframework.web.multipart.MultipartFile,java.lang.String) throws java.io.IOException
11:26:29.055 [main] INFO  org.springframework.web.servlet.mvc.method.annotation.RequestMappingHandlerMapping - Mapped "{[/upload/queryPhotoList.do]}" onto public org.springframework.web.servlet.ModelAndView com.rick.demologicweb.controller.UploadController.queryPhotoList(org.springframework.ui.Model)
11:26:29.055 [main] INFO  org.springframework.web.servlet.mvc.method.annotation.RequestMappingHandlerMapping - Mapped "{[/upload/deletePhoto.do]}" onto public java.lang.String com.rick.demologicweb.controller.UploadController.deletePhoto(java.lang.Integer)
11:26:29.059 [main] INFO  org.springframework.web.servlet.mvc.method.annotation.RequestMappingHandlerMapping - Mapped "{[/error]}" onto public org.springframework.http.ResponseEntity<java.util.Map<java.lang.String, java.lang.Object>> org.springframework.boot.autoconfigure.web.servlet.error.BasicErrorController.error(javax.servlet.http.HttpServletRequest)
11:26:29.060 [main] INFO  org.springframework.web.servlet.mvc.method.annotation.RequestMappingHandlerMapping - Mapped "{[/error],produces=[text/html]}" onto public org.springframework.web.servlet.ModelAndView org.springframework.boot.autoconfigure.web.servlet.error.BasicErrorController.errorHtml(javax.servlet.http.HttpServletRequest,javax.servlet.http.HttpServletResponse)
11:26:29.074 [main] INFO  org.springframework.web.servlet.handler.SimpleUrlHandlerMapping - Mapped URL path [/logic/index] onto handler of type [class org.springframework.web.servlet.mvc.ParameterizableViewController]
11:26:29.074 [main] INFO  org.springframework.web.servlet.handler.SimpleUrlHandlerMapping - Mapped URL path [/logic/register.do] onto handler of type [class org.springframework.web.servlet.mvc.ParameterizableViewController]
11:26:29.074 [main] INFO  org.springframework.web.servlet.handler.SimpleUrlHandlerMapping - Mapped URL path [/logic/goToUpload.do] onto handler of type [class org.springframework.web.servlet.mvc.ParameterizableViewController]
11:26:29.096 [main] INFO  org.springframework.web.servlet.handler.SimpleUrlHandlerMapping - Mapped URL path [/webjars/**] onto handler of type [class org.springframework.web.servlet.resource.ResourceHttpRequestHandler]
11:26:29.096 [main] INFO  org.springframework.web.servlet.handler.SimpleUrlHandlerMapping - Mapped URL path [/**] onto handler of type [class org.springframework.web.servlet.resource.ResourceHttpRequestHandler]
11:26:29.179 [main] INFO  org.springframework.boot.autoconfigure.web.servlet.WelcomePageHandlerMapping - Adding welcome page template: index
11:26:29.336 [main] INFO  org.springframework.ui.freemarker.SpringTemplateLoader - SpringTemplateLoader for FreeMarker: using resource loader [org.springframework.boot.web.servlet.context.AnnotationConfigServletWebServerApplicationContext@616fe72b: startup date [Tue Dec 25 11:26:25 CST 2018]; root of context hierarchy] and template loader path [classpath:/templates/]
11:26:29.336 [main] INFO  org.springframework.web.servlet.view.freemarker.FreeMarkerConfigurer - ClassTemplateLoader for Spring macros added to FreeMarker configuration
11:26:29.637 [main] INFO  org.springframework.jmx.export.annotation.AnnotationMBeanExporter - Registering beans for JMX exposure on startup
11:26:29.638 [main] INFO  org.springframework.jmx.export.annotation.AnnotationMBeanExporter - Bean with name 'statFilter' has been autodetected for JMX exposure
11:26:29.638 [main] INFO  org.springframework.jmx.export.annotation.AnnotationMBeanExporter - Bean with name 'dataSource' has been autodetected for JMX exposure
11:26:29.647 [main] INFO  org.springframework.jmx.export.annotation.AnnotationMBeanExporter - Located MBean 'dataSource': registering with JMX server as MBean [com.alibaba.druid.spring.boot.autoconfigure:name=dataSource,type=DruidDataSourceWrapper]
11:26:29.648 [main] INFO  org.springframework.jmx.export.annotation.AnnotationMBeanExporter - Located MBean 'statFilter': registering with JMX server as MBean [com.alibaba.druid.filter.stat:name=statFilter,type=StatFilter]
11:26:29.671 [main] INFO  org.apache.coyote.http11.Http11NioProtocol - Starting ProtocolHandler ["http-nio-8086"]
11:26:29.685 [main] INFO  org.apache.tomcat.util.net.NioSelectorPool - Using a shared selector for servlet write/read
11:26:29.714 [main] INFO  org.springframework.boot.web.embedded.tomcat.TomcatWebServer - Tomcat started on port(s): 8086 (http) with context path ''
11:26:29.719 [main] INFO  com.rick.demologicweb.DemoLogicWebApplication - Started DemoLogicWebApplication in 4.895 seconds (JVM running for 5.745)
11:26:33.635 [http-nio-8086-exec-1] INFO  org.apache.catalina.core.ContainerBase.[Tomcat].[localhost].[/] - Initializing Spring FrameworkServlet 'dispatcherServlet'
11:26:33.635 [http-nio-8086-exec-1] INFO  org.springframework.web.servlet.DispatcherServlet - FrameworkServlet 'dispatcherServlet': initialization started
11:26:33.664 [http-nio-8086-exec-1] INFO  org.springframework.web.servlet.DispatcherServlet - FrameworkServlet 'dispatcherServlet': initialization completed in 29 ms
11:26:59.556 [main] INFO  com.rick.demologicweb.DemoLogicWebApplication - Starting DemoLogicWebApplication on Ric-PC with PID 4996 (D:\GitHubForRick\swagger_demo\demo-logic\demo-logic-web\target\classes started by admin in D:\GitHubForRick\swagger_demo\demo-logic\demo-logic-web)
11:26:59.563 [main] INFO  com.rick.demologicweb.DemoLogicWebApplication - The following profiles are active: dev
11:26:59.616 [main] INFO  org.springframework.boot.web.servlet.context.AnnotationConfigServletWebServerApplicationContext - Refreshing org.springframework.boot.web.servlet.context.AnnotationConfigServletWebServerApplicationContext@c35172e: startup date [Tue Dec 25 11:26:59 CST 2018]; root of context hierarchy
11:27:00.992 [main] INFO  org.springframework.context.support.PostProcessorRegistrationDelegate$BeanPostProcessorChecker - Bean 'org.springframework.transaction.annotation.ProxyTransactionManagementConfiguration' of type [org.springframework.transaction.annotation.ProxyTransactionManagementConfiguration$$EnhancerBySpringCGLIB$$ed8e3dc8] is not eligible for getting processed by all BeanPostProcessors (for example: not eligible for auto-proxying)
11:27:01.049 [main] INFO  org.springframework.context.support.PostProcessorRegistrationDelegate$BeanPostProcessorChecker - Bean 'org.springframework.hateoas.config.HateoasConfiguration' of type [org.springframework.hateoas.config.HateoasConfiguration$$EnhancerBySpringCGLIB$$6d0e8afa] is not eligible for getting processed by all BeanPostProcessors (for example: not eligible for auto-proxying)
11:27:01.454 [main] INFO  org.springframework.boot.web.embedded.tomcat.TomcatWebServer - Tomcat initialized with port(s): 8086 (http)
11:27:01.470 [main] INFO  org.apache.coyote.http11.Http11NioProtocol - Initializing ProtocolHandler ["http-nio-8086"]
11:27:01.481 [main] INFO  org.apache.catalina.core.StandardService - Starting service [Tomcat]
11:27:01.481 [main] INFO  org.apache.catalina.core.StandardEngine - Starting Servlet Engine: Apache Tomcat/8.5.32
11:27:01.486 [localhost-startStop-1] INFO  org.apache.catalina.core.AprLifecycleListener - The APR based Apache Tomcat Native library which allows optimal performance in production environments was not found on the java.library.path: [C:\Program Files\Java\jdk1.8.0_102\bin;C:\Windows\Sun\Java\bin;C:\Windows\system32;C:\Windows;C:\ProgramData\Oracle\Java\javapath;C:\Windows\system32;C:\Windows;C:\Windows\system32\wbem;C:\Program Files\nodejs\;E:\python11;C:\Program Files\Java\jdk1.8.0_102\bin;C:\Program Files\Java\jdk1.8.0_102\jre\bin;C:\Windows\system32;C:\Windows;C:\Windows\System32\Wbem;C:\Windows\SysWOW64%CATALINA_HOME%\lib;%CATALINA_HOME%\bin ;C:\Users\admin\AppData\Roaming\npm;C:\Users\admin\Desktop\wget;.]
11:27:01.742 [localhost-startStop-1] INFO  org.apache.jasper.servlet.TldScanner - At least one JAR was scanned for TLDs yet contained no TLDs. Enable debug logging for this logger for a complete list of JARs that were scanned but no TLDs were found in them. Skipping unneeded JARs during scanning can improve startup time and JSP compilation time.
11:27:01.745 [localhost-startStop-1] INFO  org.apache.catalina.core.ContainerBase.[Tomcat].[localhost].[/] - Initializing Spring embedded WebApplicationContext
11:27:01.746 [localhost-startStop-1] INFO  org.springframework.web.context.ContextLoader - Root WebApplicationContext: initialization completed in 2130 ms
11:27:01.854 [localhost-startStop-1] INFO  org.springframework.boot.web.servlet.ServletRegistrationBean - Servlet dispatcherServlet mapped to [/]
11:27:01.855 [localhost-startStop-1] INFO  org.springframework.boot.web.servlet.ServletRegistrationBean - Servlet statViewServlet mapped to [/druid/*]
11:27:01.858 [localhost-startStop-1] INFO  org.springframework.boot.web.servlet.FilterRegistrationBean - Mapping filter: 'characterEncodingFilter' to: [/*]
11:27:01.859 [localhost-startStop-1] INFO  org.springframework.boot.web.servlet.FilterRegistrationBean - Mapping filter: 'hiddenHttpMethodFilter' to: [/*]
11:27:01.859 [localhost-startStop-1] INFO  org.springframework.boot.web.servlet.FilterRegistrationBean - Mapping filter: 'httpPutFormContentFilter' to: [/*]
11:27:01.859 [localhost-startStop-1] INFO  org.springframework.boot.web.servlet.FilterRegistrationBean - Mapping filter: 'requestContextFilter' to: [/*]
11:27:01.859 [localhost-startStop-1] INFO  org.springframework.boot.web.servlet.FilterRegistrationBean - Mapping filter: 'webStatFilter' to urls: [/*]
11:27:01.938 [main] INFO  com.alibaba.druid.spring.boot.autoconfigure.DruidDataSourceAutoConfigure - Init DruidDataSource
11:27:02.113 [main] INFO  com.alibaba.druid.pool.DruidDataSource - {dataSource-1} inited
11:27:02.811 [main] INFO  org.springframework.web.servlet.handler.SimpleUrlHandlerMapping - Mapped URL path [/**/favicon.ico] onto handler of type [class org.springframework.web.servlet.resource.ResourceHttpRequestHandler]
11:27:03.086 [main] INFO  org.springframework.web.servlet.mvc.method.annotation.RequestMappingHandlerAdapter - Looking for @ControllerAdvice: org.springframework.boot.web.servlet.context.AnnotationConfigServletWebServerApplicationContext@c35172e: startup date [Tue Dec 25 11:26:59 CST 2018]; root of context hierarchy
11:27:03.161 [main] INFO  org.springframework.web.servlet.mvc.method.annotation.RequestMappingHandlerMapping - Mapped "{[/logic/save.do],methods=[POST]}" onto public java.lang.String com.rick.demologicweb.controller.LogicController.save(com.rick.demoLogic.model.LogicUser)
11:27:03.162 [main] INFO  org.springframework.web.servlet.mvc.method.annotation.RequestMappingHandlerMapping - Mapped "{[/logic/saveUser]}" onto public java.lang.String com.rick.demologicweb.controller.LogicController.saveUser(com.rick.demoLogic.model.LogicUser)
11:27:03.162 [main] INFO  org.springframework.web.servlet.mvc.method.annotation.RequestMappingHandlerMapping - Mapped "{[/logic/saveUser.do]}" onto public java.lang.String com.rick.demologicweb.controller.LogicController.jumpToSaveJsp()
11:27:03.163 [main] INFO  org.springframework.web.servlet.mvc.method.annotation.RequestMappingHandlerMapping - Mapped "{[/logic/querylist.do]}" onto public java.lang.String com.rick.demologicweb.controller.LogicController.queryList(org.springframework.ui.Model)
11:27:03.163 [main] INFO  org.springframework.web.servlet.mvc.method.annotation.RequestMappingHandlerMapping - Mapped "{[/logic/delete.do]}" onto public java.lang.String com.rick.demologicweb.controller.LogicController.deleteUser(java.lang.Integer)
11:27:03.163 [main] INFO  org.springframework.web.servlet.mvc.method.annotation.RequestMappingHandlerMapping - Mapped "{[/logic/login.do]}" onto public java.lang.Integer com.rick.demologicweb.controller.LogicController.login(org.springframework.ui.Model,java.lang.String,java.lang.String)
11:27:03.163 [main] INFO  org.springframework.web.servlet.mvc.method.annotation.RequestMappingHandlerMapping - Mapped "{[/logic/loginSuccess.do]}" onto public java.lang.String com.rick.demologicweb.controller.LogicController.loginSuccess(org.springframework.ui.Model,java.lang.Integer)
11:27:03.163 [main] INFO  org.springframework.web.servlet.mvc.method.annotation.RequestMappingHandlerMapping - Mapped "{[/logic/newUser.do]}" onto public java.lang.String com.rick.demologicweb.controller.LogicController.saveNewUser(com.rick.demoLogic.model.User)
11:27:03.164 [main] INFO  org.springframework.web.servlet.mvc.method.annotation.RequestMappingHandlerMapping - Mapped "{[/test]}" onto public java.util.List<com.rick.demoLogic.model.DepartmentVO> com.rick.demologicweb.controller.TestController.getTreeNode()
11:27:03.164 [main] INFO  org.springframework.web.servlet.mvc.method.annotation.RequestMappingHandlerMapping - Mapped "{[/test/getTreeNodes]}" onto public java.lang.String com.rick.demologicweb.controller.TestController.getTreeNodes()
11:27:03.165 [main] INFO  org.springframework.web.servlet.mvc.method.annotation.RequestMappingHandlerMapping - Mapped "{[/upload/upload.do],methods=[POST]}" onto public java.lang.String com.rick.demologicweb.controller.UploadController.uploadFile(org.springframework.web.multipart.MultipartFile,java.lang.String) throws java.io.IOException
11:27:03.165 [main] INFO  org.springframework.web.servlet.mvc.method.annotation.RequestMappingHandlerMapping - Mapped "{[/upload/queryPhotoList.do]}" onto public org.springframework.web.servlet.ModelAndView com.rick.demologicweb.controller.UploadController.queryPhotoList(org.springframework.ui.Model)
11:27:03.165 [main] INFO  org.springframework.web.servlet.mvc.method.annotation.RequestMappingHandlerMapping - Mapped "{[/upload/deletePhoto.do]}" onto public java.lang.String com.rick.demologicweb.controller.UploadController.deletePhoto(java.lang.Integer)
11:27:03.168 [main] INFO  org.springframework.web.servlet.mvc.method.annotation.RequestMappingHandlerMapping - Mapped "{[/error]}" onto public org.springframework.http.ResponseEntity<java.util.Map<java.lang.String, java.lang.Object>> org.springframework.boot.autoconfigure.web.servlet.error.BasicErrorController.error(javax.servlet.http.HttpServletRequest)
11:27:03.168 [main] INFO  org.springframework.web.servlet.mvc.method.annotation.RequestMappingHandlerMapping - Mapped "{[/error],produces=[text/html]}" onto public org.springframework.web.servlet.ModelAndView org.springframework.boot.autoconfigure.web.servlet.error.BasicErrorController.errorHtml(javax.servlet.http.HttpServletRequest,javax.servlet.http.HttpServletResponse)
11:27:03.185 [main] INFO  org.springframework.web.servlet.handler.SimpleUrlHandlerMapping - Mapped URL path [/logic/index] onto handler of type [class org.springframework.web.servlet.mvc.ParameterizableViewController]
11:27:03.185 [main] INFO  org.springframework.web.servlet.handler.SimpleUrlHandlerMapping - Mapped URL path [/logic/register.do] onto handler of type [class org.springframework.web.servlet.mvc.ParameterizableViewController]
11:27:03.185 [main] INFO  org.springframework.web.servlet.handler.SimpleUrlHandlerMapping - Mapped URL path [/logic/goToUpload.do] onto handler of type [class org.springframework.web.servlet.mvc.ParameterizableViewController]
11:27:03.207 [main] INFO  org.springframework.web.servlet.handler.SimpleUrlHandlerMapping - Mapped URL path [/webjars/**] onto handler of type [class org.springframework.web.servlet.resource.ResourceHttpRequestHandler]
11:27:03.207 [main] INFO  org.springframework.web.servlet.handler.SimpleUrlHandlerMapping - Mapped URL path [/**] onto handler of type [class org.springframework.web.servlet.resource.ResourceHttpRequestHandler]
11:27:03.303 [main] INFO  org.springframework.boot.autoconfigure.web.servlet.WelcomePageHandlerMapping - Adding welcome page template: index
11:27:03.442 [main] INFO  org.springframework.ui.freemarker.SpringTemplateLoader - SpringTemplateLoader for FreeMarker: using resource loader [org.springframework.boot.web.servlet.context.AnnotationConfigServletWebServerApplicationContext@c35172e: startup date [Tue Dec 25 11:26:59 CST 2018]; root of context hierarchy] and template loader path [classpath:/templates/]
11:27:03.444 [main] INFO  org.springframework.web.servlet.view.freemarker.FreeMarkerConfigurer - ClassTemplateLoader for Spring macros added to FreeMarker configuration
11:27:03.685 [main] INFO  org.springframework.jmx.export.annotation.AnnotationMBeanExporter - Registering beans for JMX exposure on startup
11:27:03.686 [main] INFO  org.springframework.jmx.export.annotation.AnnotationMBeanExporter - Bean with name 'statFilter' has been autodetected for JMX exposure
11:27:03.687 [main] INFO  org.springframework.jmx.export.annotation.AnnotationMBeanExporter - Bean with name 'dataSource' has been autodetected for JMX exposure
11:27:03.692 [main] INFO  org.springframework.jmx.export.annotation.AnnotationMBeanExporter - Located MBean 'dataSource': registering with JMX server as MBean [com.alibaba.druid.spring.boot.autoconfigure:name=dataSource,type=DruidDataSourceWrapper]
11:27:03.692 [main] INFO  org.springframework.jmx.export.annotation.AnnotationMBeanExporter - Located MBean 'statFilter': registering with JMX server as MBean [com.alibaba.druid.filter.stat:name=statFilter,type=StatFilter]
11:27:03.710 [main] INFO  org.apache.coyote.http11.Http11NioProtocol - Starting ProtocolHandler ["http-nio-8086"]
11:27:03.719 [main] INFO  org.apache.tomcat.util.net.NioSelectorPool - Using a shared selector for servlet write/read
11:27:03.741 [main] INFO  org.springframework.boot.web.embedded.tomcat.TomcatWebServer - Tomcat started on port(s): 8086 (http) with context path ''
11:27:03.745 [main] INFO  com.rick.demologicweb.DemoLogicWebApplication - Started DemoLogicWebApplication in 4.839 seconds (JVM running for 5.905)
11:27:07.716 [http-nio-8086-exec-1] INFO  org.apache.catalina.core.ContainerBase.[Tomcat].[localhost].[/] - Initializing Spring FrameworkServlet 'dispatcherServlet'
11:27:07.716 [http-nio-8086-exec-1] INFO  org.springframework.web.servlet.DispatcherServlet - FrameworkServlet 'dispatcherServlet': initialization started
11:27:07.749 [http-nio-8086-exec-1] INFO  org.springframework.web.servlet.DispatcherServlet - FrameworkServlet 'dispatcherServlet': initialization completed in 33 ms
