16:06:12.468 [main] INFO  com.rick.demologicweb.DemoLogicWebApplication - Starting DemoLogicWebApplication on Ric-PC with PID 2864 (D:\GitHubForRick\swagger_demo\demo-logic\demo-logic-web\target\classes started by admin in D:\GitHubForRick\swagger_demo\demo-logic\demo-logic-web)
16:06:12.469 [main] INFO  com.rick.demologicweb.DemoLogicWebApplication - The following profiles are active: formal
16:06:12.610 [main] INFO  org.springframework.boot.web.servlet.context.AnnotationConfigServletWebServerApplicationContext - Refreshing org.springframework.boot.web.servlet.context.AnnotationConfigServletWebServerApplicationContext@687e99d8: startup date [Fri Dec 14 16:06:12 CST 2018]; root of context hierarchy
16:06:15.167 [main] INFO  org.springframework.context.support.PostProcessorRegistrationDelegate$BeanPostProcessorChecker - Bean 'org.springframework.transaction.annotation.ProxyTransactionManagementConfiguration' of type [org.springframework.transaction.annotation.ProxyTransactionManagementConfiguration$$EnhancerBySpringCGLIB$$5f6c32f4] is not eligible for getting processed by all BeanPostProcessors (for example: not eligible for auto-proxying)
16:06:15.207 [main] INFO  org.springframework.context.support.PostProcessorRegistrationDelegate$BeanPostProcessorChecker - Bean 'org.springframework.hateoas.config.HateoasConfiguration' of type [org.springframework.hateoas.config.HateoasConfiguration$$EnhancerBySpringCGLIB$$deec8026] is not eligible for getting processed by all BeanPostProcessors (for example: not eligible for auto-proxying)
16:06:16.143 [main] INFO  org.springframework.boot.web.embedded.tomcat.TomcatWebServer - Tomcat initialized with port(s): 8086 (http)
16:06:16.170 [main] INFO  org.apache.coyote.http11.Http11NioProtocol - Initializing ProtocolHandler ["http-nio-8086"]
16:06:16.185 [main] INFO  org.apache.catalina.core.StandardService - Starting service [Tomcat]
16:06:16.185 [main] INFO  org.apache.catalina.core.StandardEngine - Starting Servlet Engine: Apache Tomcat/8.5.32
16:06:16.197 [localhost-startStop-1] INFO  org.apache.catalina.core.AprLifecycleListener - The APR based Apache Tomcat Native library which allows optimal performance in production environments was not found on the java.library.path: [C:\Program Files\Java\jdk1.8.0_102\bin;C:\Windows\Sun\Java\bin;C:\Windows\system32;C:\Windows;C:\ProgramData\Oracle\Java\javapath;C:\Windows\system32;C:\Windows;C:\Windows\system32\wbem;C:\Program Files\nodejs\;E:\python11;C:\Program Files\Java\jdk1.8.0_102\bin;C:\Program Files\Java\jdk1.8.0_102\jre\bin;C:\Windows\system32;C:\Windows;C:\Windows\System32\Wbem;C:\Windows\SysWOW64%CATALINA_HOME%\lib;%CATALINA_HOME%\bin ;C:\Users\admin\AppData\Roaming\npm;C:\Users\admin\Desktop\wget;.]
16:06:16.565 [localhost-startStop-1] INFO  org.apache.jasper.servlet.TldScanner - At least one JAR was scanned for TLDs yet contained no TLDs. Enable debug logging for this logger for a complete list of JARs that were scanned but no TLDs were found in them. Skipping unneeded JARs during scanning can improve startup time and JSP compilation time.
16:06:16.583 [localhost-startStop-1] INFO  org.apache.catalina.core.ContainerBase.[Tomcat].[localhost].[/] - Initializing Spring embedded WebApplicationContext
16:06:16.583 [localhost-startStop-1] INFO  org.springframework.web.context.ContextLoader - Root WebApplicationContext: initialization completed in 3973 ms
16:06:16.817 [localhost-startStop-1] INFO  org.springframework.boot.web.servlet.ServletRegistrationBean - Servlet dispatcherServlet mapped to [/]
16:06:16.818 [localhost-startStop-1] INFO  org.springframework.boot.web.servlet.ServletRegistrationBean - Servlet statViewServlet mapped to [/druid/*]
16:06:16.822 [localhost-startStop-1] INFO  org.springframework.boot.web.servlet.FilterRegistrationBean - Mapping filter: 'characterEncodingFilter' to: [/*]
16:06:16.822 [localhost-startStop-1] INFO  org.springframework.boot.web.servlet.FilterRegistrationBean - Mapping filter: 'hiddenHttpMethodFilter' to: [/*]
16:06:16.822 [localhost-startStop-1] INFO  org.springframework.boot.web.servlet.FilterRegistrationBean - Mapping filter: 'httpPutFormContentFilter' to: [/*]
16:06:16.822 [localhost-startStop-1] INFO  org.springframework.boot.web.servlet.FilterRegistrationBean - Mapping filter: 'requestContextFilter' to: [/*]
16:06:16.822 [localhost-startStop-1] INFO  org.springframework.boot.web.servlet.FilterRegistrationBean - Mapping filter: 'webStatFilter' to urls: [/*]
16:06:16.981 [main] INFO  com.alibaba.druid.spring.boot.autoconfigure.DruidDataSourceAutoConfigure - Init DruidDataSource
16:06:17.406 [main] INFO  com.alibaba.druid.pool.DruidDataSource - {dataSource-1} inited
16:09:19.338 [main] INFO  org.springframework.web.servlet.handler.SimpleUrlHandlerMapping - Mapped URL path [/**/favicon.ico] onto handler of type [class org.springframework.web.servlet.resource.ResourceHttpRequestHandler]
16:09:19.704 [main] INFO  org.springframework.web.servlet.mvc.method.annotation.RequestMappingHandlerAdapter - Looking for @ControllerAdvice: org.springframework.boot.web.servlet.context.AnnotationConfigServletWebServerApplicationContext@687e99d8: startup date [Fri Dec 14 16:06:12 CST 2018]; root of context hierarchy
16:09:19.774 [main] INFO  org.springframework.web.servlet.mvc.method.annotation.RequestMappingHandlerMapping - Mapped "{[/logic/save.do],methods=[POST]}" onto public java.lang.String com.rick.demologicweb.controller.LogicController.save(com.rick.demoLogic.model.LogicUser)
16:09:19.775 [main] INFO  org.springframework.web.servlet.mvc.method.annotation.RequestMappingHandlerMapping - Mapped "{[/logic/saveUser]}" onto public java.lang.String com.rick.demologicweb.controller.LogicController.saveUser(com.rick.demoLogic.model.LogicUser)
16:09:19.775 [main] INFO  org.springframework.web.servlet.mvc.method.annotation.RequestMappingHandlerMapping - Mapped "{[/logic/saveUser.do]}" onto public java.lang.String com.rick.demologicweb.controller.LogicController.jumpToSaveJsp()
16:09:19.775 [main] INFO  org.springframework.web.servlet.mvc.method.annotation.RequestMappingHandlerMapping - Mapped "{[/logic/querylist.do]}" onto public java.lang.String com.rick.demologicweb.controller.LogicController.queryList(org.springframework.ui.Model)
16:09:19.775 [main] INFO  org.springframework.web.servlet.mvc.method.annotation.RequestMappingHandlerMapping - Mapped "{[/logic/delete.do]}" onto public java.lang.String com.rick.demologicweb.controller.LogicController.deleteUser(java.lang.Integer)
16:09:19.776 [main] INFO  org.springframework.web.servlet.mvc.method.annotation.RequestMappingHandlerMapping - Mapped "{[/logic/login.do]}" onto public java.lang.Integer com.rick.demologicweb.controller.LogicController.login(org.springframework.ui.Model,java.lang.String,java.lang.String)
16:09:19.776 [main] INFO  org.springframework.web.servlet.mvc.method.annotation.RequestMappingHandlerMapping - Mapped "{[/logic/loginSuccess.do]}" onto public java.lang.String com.rick.demologicweb.controller.LogicController.loginSuccess(org.springframework.ui.Model,java.lang.Integer)
16:09:19.776 [main] INFO  org.springframework.web.servlet.mvc.method.annotation.RequestMappingHandlerMapping - Mapped "{[/logic/newUser.do]}" onto public java.lang.String com.rick.demologicweb.controller.LogicController.saveNewUser(com.rick.demoLogic.model.User)
16:09:19.777 [main] INFO  org.springframework.web.servlet.mvc.method.annotation.RequestMappingHandlerMapping - Mapped "{[/upload/upload.do],methods=[POST]}" onto public java.lang.String com.rick.demologicweb.controller.UploadController.uploadFile(org.springframework.web.multipart.MultipartFile,java.lang.String) throws java.io.IOException
16:09:19.777 [main] INFO  org.springframework.web.servlet.mvc.method.annotation.RequestMappingHandlerMapping - Mapped "{[/upload/queryPhotoList.do]}" onto public org.springframework.web.servlet.ModelAndView com.rick.demologicweb.controller.UploadController.queryPhotoList(org.springframework.ui.Model)
16:09:19.777 [main] INFO  org.springframework.web.servlet.mvc.method.annotation.RequestMappingHandlerMapping - Mapped "{[/upload/deletePhoto.do]}" onto public java.lang.String com.rick.demologicweb.controller.UploadController.deletePhoto(java.lang.Integer)
16:09:19.779 [main] INFO  org.springframework.web.servlet.mvc.method.annotation.RequestMappingHandlerMapping - Mapped "{[/error]}" onto public org.springframework.http.ResponseEntity<java.util.Map<java.lang.String, java.lang.Object>> org.springframework.boot.autoconfigure.web.servlet.error.BasicErrorController.error(javax.servlet.http.HttpServletRequest)
16:09:19.779 [main] INFO  org.springframework.web.servlet.mvc.method.annotation.RequestMappingHandlerMapping - Mapped "{[/error],produces=[text/html]}" onto public org.springframework.web.servlet.ModelAndView org.springframework.boot.autoconfigure.web.servlet.error.BasicErrorController.errorHtml(javax.servlet.http.HttpServletRequest,javax.servlet.http.HttpServletResponse)
16:09:19.789 [main] INFO  org.springframework.web.servlet.handler.SimpleUrlHandlerMapping - Mapped URL path [/logic/index] onto handler of type [class org.springframework.web.servlet.mvc.ParameterizableViewController]
16:09:19.789 [main] INFO  org.springframework.web.servlet.handler.SimpleUrlHandlerMapping - Mapped URL path [/logic/register.do] onto handler of type [class org.springframework.web.servlet.mvc.ParameterizableViewController]
16:09:19.789 [main] INFO  org.springframework.web.servlet.handler.SimpleUrlHandlerMapping - Mapped URL path [/logic/goToUpload.do] onto handler of type [class org.springframework.web.servlet.mvc.ParameterizableViewController]
16:09:19.806 [main] INFO  org.springframework.web.servlet.handler.SimpleUrlHandlerMapping - Mapped URL path [/webjars/**] onto handler of type [class org.springframework.web.servlet.resource.ResourceHttpRequestHandler]
16:09:19.806 [main] INFO  org.springframework.web.servlet.handler.SimpleUrlHandlerMapping - Mapped URL path [/**] onto handler of type [class org.springframework.web.servlet.resource.ResourceHttpRequestHandler]
16:09:19.895 [main] INFO  org.springframework.boot.autoconfigure.web.servlet.WelcomePageHandlerMapping - Adding welcome page template: index
16:09:20.211 [main] INFO  org.springframework.ui.freemarker.SpringTemplateLoader - SpringTemplateLoader for FreeMarker: using resource loader [org.springframework.boot.web.servlet.context.AnnotationConfigServletWebServerApplicationContext@687e99d8: startup date [Fri Dec 14 16:06:12 CST 2018]; root of context hierarchy] and template loader path [classpath:/templates/]
16:09:20.212 [main] INFO  org.springframework.web.servlet.view.freemarker.FreeMarkerConfigurer - ClassTemplateLoader for Spring macros added to FreeMarker configuration
16:09:20.620 [main] INFO  org.springframework.jmx.export.annotation.AnnotationMBeanExporter - Registering beans for JMX exposure on startup
16:09:20.621 [main] INFO  org.springframework.jmx.export.annotation.AnnotationMBeanExporter - Bean with name 'statFilter' has been autodetected for JMX exposure
16:09:20.621 [main] INFO  org.springframework.jmx.export.annotation.AnnotationMBeanExporter - Bean with name 'dataSource' has been autodetected for JMX exposure
16:09:20.626 [main] INFO  org.springframework.jmx.export.annotation.AnnotationMBeanExporter - Located MBean 'dataSource': registering with JMX server as MBean [com.alibaba.druid.spring.boot.autoconfigure:name=dataSource,type=DruidDataSourceWrapper]
16:09:20.627 [main] INFO  org.springframework.jmx.export.annotation.AnnotationMBeanExporter - Located MBean 'statFilter': registering with JMX server as MBean [com.alibaba.druid.filter.stat:name=statFilter,type=StatFilter]
16:09:20.654 [main] INFO  org.apache.coyote.http11.Http11NioProtocol - Starting ProtocolHandler ["http-nio-8086"]
16:09:20.661 [main] INFO  org.apache.tomcat.util.net.NioSelectorPool - Using a shared selector for servlet write/read
16:09:20.747 [main] INFO  org.springframework.boot.web.embedded.tomcat.TomcatWebServer - Tomcat started on port(s): 8086 (http) with context path ''
16:09:20.750 [main] INFO  com.rick.demologicweb.DemoLogicWebApplication - Started DemoLogicWebApplication in 190.358 seconds (JVM running for 193.583)
16:09:29.342 [main] INFO  com.rick.demologicweb.DemoLogicWebApplication - Starting DemoLogicWebApplication on Ric-PC with PID 3840 (D:\GitHubForRick\swagger_demo\demo-logic\demo-logic-web\target\classes started by admin in D:\GitHubForRick\swagger_demo\demo-logic\demo-logic-web)
16:09:29.343 [main] INFO  com.rick.demologicweb.DemoLogicWebApplication - The following profiles are active: formal
16:09:29.485 [main] INFO  org.springframework.boot.web.servlet.context.AnnotationConfigServletWebServerApplicationContext - Refreshing org.springframework.boot.web.servlet.context.AnnotationConfigServletWebServerApplicationContext@45c7e403: startup date [Fri Dec 14 16:09:29 CST 2018]; root of context hierarchy
16:09:30.669 [main] INFO  org.springframework.context.support.PostProcessorRegistrationDelegate$BeanPostProcessorChecker - Bean 'org.springframework.transaction.annotation.ProxyTransactionManagementConfiguration' of type [org.springframework.transaction.annotation.ProxyTransactionManagementConfiguration$$EnhancerBySpringCGLIB$$c409b983] is not eligible for getting processed by all BeanPostProcessors (for example: not eligible for auto-proxying)
16:09:30.706 [main] INFO  org.springframework.context.support.PostProcessorRegistrationDelegate$BeanPostProcessorChecker - Bean 'org.springframework.hateoas.config.HateoasConfiguration' of type [org.springframework.hateoas.config.HateoasConfiguration$$EnhancerBySpringCGLIB$$438a06b5] is not eligible for getting processed by all BeanPostProcessors (for example: not eligible for auto-proxying)
16:09:31.050 [main] INFO  org.springframework.boot.web.embedded.tomcat.TomcatWebServer - Tomcat initialized with port(s): 8086 (http)
16:09:31.064 [main] INFO  org.apache.coyote.http11.Http11NioProtocol - Initializing ProtocolHandler ["http-nio-8086"]
16:09:31.073 [main] INFO  org.apache.catalina.core.StandardService - Starting service [Tomcat]
16:09:31.073 [main] INFO  org.apache.catalina.core.StandardEngine - Starting Servlet Engine: Apache Tomcat/8.5.32
16:09:31.079 [localhost-startStop-1] INFO  org.apache.catalina.core.AprLifecycleListener - The APR based Apache Tomcat Native library which allows optimal performance in production environments was not found on the java.library.path: [C:\Program Files\Java\jdk1.8.0_102\bin;C:\Windows\Sun\Java\bin;C:\Windows\system32;C:\Windows;C:\ProgramData\Oracle\Java\javapath;C:\Windows\system32;C:\Windows;C:\Windows\system32\wbem;C:\Program Files\nodejs\;E:\python11;C:\Program Files\Java\jdk1.8.0_102\bin;C:\Program Files\Java\jdk1.8.0_102\jre\bin;C:\Windows\system32;C:\Windows;C:\Windows\System32\Wbem;C:\Windows\SysWOW64%CATALINA_HOME%\lib;%CATALINA_HOME%\bin ;C:\Users\admin\AppData\Roaming\npm;C:\Users\admin\Desktop\wget;.]
16:09:31.341 [localhost-startStop-1] INFO  org.apache.jasper.servlet.TldScanner - At least one JAR was scanned for TLDs yet contained no TLDs. Enable debug logging for this logger for a complete list of JARs that were scanned but no TLDs were found in them. Skipping unneeded JARs during scanning can improve startup time and JSP compilation time.
16:09:31.346 [localhost-startStop-1] INFO  org.apache.catalina.core.ContainerBase.[Tomcat].[localhost].[/] - Initializing Spring embedded WebApplicationContext
16:09:31.346 [localhost-startStop-1] INFO  org.springframework.web.context.ContextLoader - Root WebApplicationContext: initialization completed in 1861 ms
16:09:31.419 [localhost-startStop-1] INFO  org.springframework.boot.web.servlet.ServletRegistrationBean - Servlet dispatcherServlet mapped to [/]
16:09:31.420 [localhost-startStop-1] INFO  org.springframework.boot.web.servlet.ServletRegistrationBean - Servlet statViewServlet mapped to [/druid/*]
16:09:31.423 [localhost-startStop-1] INFO  org.springframework.boot.web.servlet.FilterRegistrationBean - Mapping filter: 'characterEncodingFilter' to: [/*]
16:09:31.423 [localhost-startStop-1] INFO  org.springframework.boot.web.servlet.FilterRegistrationBean - Mapping filter: 'hiddenHttpMethodFilter' to: [/*]
16:09:31.423 [localhost-startStop-1] INFO  org.springframework.boot.web.servlet.FilterRegistrationBean - Mapping filter: 'httpPutFormContentFilter' to: [/*]
16:09:31.423 [localhost-startStop-1] INFO  org.springframework.boot.web.servlet.FilterRegistrationBean - Mapping filter: 'requestContextFilter' to: [/*]
16:09:31.423 [localhost-startStop-1] INFO  org.springframework.boot.web.servlet.FilterRegistrationBean - Mapping filter: 'webStatFilter' to urls: [/*]
16:09:31.486 [main] INFO  com.alibaba.druid.spring.boot.autoconfigure.DruidDataSourceAutoConfigure - Init DruidDataSource
16:09:31.619 [main] INFO  com.alibaba.druid.pool.DruidDataSource - {dataSource-1} inited
16:09:32.232 [main] INFO  org.springframework.web.servlet.handler.SimpleUrlHandlerMapping - Mapped URL path [/**/favicon.ico] onto handler of type [class org.springframework.web.servlet.resource.ResourceHttpRequestHandler]
16:09:32.460 [main] INFO  org.springframework.web.servlet.mvc.method.annotation.RequestMappingHandlerAdapter - Looking for @ControllerAdvice: org.springframework.boot.web.servlet.context.AnnotationConfigServletWebServerApplicationContext@45c7e403: startup date [Fri Dec 14 16:09:29 CST 2018]; root of context hierarchy
16:09:32.525 [main] INFO  org.springframework.web.servlet.mvc.method.annotation.RequestMappingHandlerMapping - Mapped "{[/logic/save.do],methods=[POST]}" onto public java.lang.String com.rick.demologicweb.controller.LogicController.save(com.rick.demoLogic.model.LogicUser)
16:09:32.527 [main] INFO  org.springframework.web.servlet.mvc.method.annotation.RequestMappingHandlerMapping - Mapped "{[/logic/saveUser]}" onto public java.lang.String com.rick.demologicweb.controller.LogicController.saveUser(com.rick.demoLogic.model.LogicUser)
16:09:32.527 [main] INFO  org.springframework.web.servlet.mvc.method.annotation.RequestMappingHandlerMapping - Mapped "{[/logic/saveUser.do]}" onto public java.lang.String com.rick.demologicweb.controller.LogicController.jumpToSaveJsp()
16:09:32.527 [main] INFO  org.springframework.web.servlet.mvc.method.annotation.RequestMappingHandlerMapping - Mapped "{[/logic/querylist.do]}" onto public java.lang.String com.rick.demologicweb.controller.LogicController.queryList(org.springframework.ui.Model)
16:09:32.527 [main] INFO  org.springframework.web.servlet.mvc.method.annotation.RequestMappingHandlerMapping - Mapped "{[/logic/delete.do]}" onto public java.lang.String com.rick.demologicweb.controller.LogicController.deleteUser(java.lang.Integer)
16:09:32.527 [main] INFO  org.springframework.web.servlet.mvc.method.annotation.RequestMappingHandlerMapping - Mapped "{[/logic/login.do]}" onto public java.lang.Integer com.rick.demologicweb.controller.LogicController.login(org.springframework.ui.Model,java.lang.String,java.lang.String)
16:09:32.528 [main] INFO  org.springframework.web.servlet.mvc.method.annotation.RequestMappingHandlerMapping - Mapped "{[/logic/loginSuccess.do]}" onto public java.lang.String com.rick.demologicweb.controller.LogicController.loginSuccess(org.springframework.ui.Model,java.lang.Integer)
16:09:32.528 [main] INFO  org.springframework.web.servlet.mvc.method.annotation.RequestMappingHandlerMapping - Mapped "{[/logic/newUser.do]}" onto public java.lang.String com.rick.demologicweb.controller.LogicController.saveNewUser(com.rick.demoLogic.model.User)
16:09:32.529 [main] INFO  org.springframework.web.servlet.mvc.method.annotation.RequestMappingHandlerMapping - Mapped "{[/upload/upload.do],methods=[POST]}" onto public java.lang.String com.rick.demologicweb.controller.UploadController.uploadFile(org.springframework.web.multipart.MultipartFile,java.lang.String) throws java.io.IOException
16:09:32.529 [main] INFO  org.springframework.web.servlet.mvc.method.annotation.RequestMappingHandlerMapping - Mapped "{[/upload/queryPhotoList.do]}" onto public org.springframework.web.servlet.ModelAndView com.rick.demologicweb.controller.UploadController.queryPhotoList(org.springframework.ui.Model)
16:09:32.529 [main] INFO  org.springframework.web.servlet.mvc.method.annotation.RequestMappingHandlerMapping - Mapped "{[/upload/deletePhoto.do]}" onto public java.lang.String com.rick.demologicweb.controller.UploadController.deletePhoto(java.lang.Integer)
16:09:32.531 [main] INFO  org.springframework.web.servlet.mvc.method.annotation.RequestMappingHandlerMapping - Mapped "{[/error]}" onto public org.springframework.http.ResponseEntity<java.util.Map<java.lang.String, java.lang.Object>> org.springframework.boot.autoconfigure.web.servlet.error.BasicErrorController.error(javax.servlet.http.HttpServletRequest)
16:09:32.531 [main] INFO  org.springframework.web.servlet.mvc.method.annotation.RequestMappingHandlerMapping - Mapped "{[/error],produces=[text/html]}" onto public org.springframework.web.servlet.ModelAndView org.springframework.boot.autoconfigure.web.servlet.error.BasicErrorController.errorHtml(javax.servlet.http.HttpServletRequest,javax.servlet.http.HttpServletResponse)
16:09:32.541 [main] INFO  org.springframework.web.servlet.handler.SimpleUrlHandlerMapping - Mapped URL path [/logic/index] onto handler of type [class org.springframework.web.servlet.mvc.ParameterizableViewController]
16:09:32.541 [main] INFO  org.springframework.web.servlet.handler.SimpleUrlHandlerMapping - Mapped URL path [/logic/register.do] onto handler of type [class org.springframework.web.servlet.mvc.ParameterizableViewController]
16:09:32.541 [main] INFO  org.springframework.web.servlet.handler.SimpleUrlHandlerMapping - Mapped URL path [/logic/goToUpload.do] onto handler of type [class org.springframework.web.servlet.mvc.ParameterizableViewController]
16:09:32.557 [main] INFO  org.springframework.web.servlet.handler.SimpleUrlHandlerMapping - Mapped URL path [/webjars/**] onto handler of type [class org.springframework.web.servlet.resource.ResourceHttpRequestHandler]
16:09:32.557 [main] INFO  org.springframework.web.servlet.handler.SimpleUrlHandlerMapping - Mapped URL path [/**] onto handler of type [class org.springframework.web.servlet.resource.ResourceHttpRequestHandler]
16:09:32.618 [main] INFO  org.springframework.boot.autoconfigure.web.servlet.WelcomePageHandlerMapping - Adding welcome page template: index
16:09:32.756 [main] INFO  org.springframework.ui.freemarker.SpringTemplateLoader - SpringTemplateLoader for FreeMarker: using resource loader [org.springframework.boot.web.servlet.context.AnnotationConfigServletWebServerApplicationContext@45c7e403: startup date [Fri Dec 14 16:09:29 CST 2018]; root of context hierarchy] and template loader path [classpath:/templates/]
16:09:32.757 [main] INFO  org.springframework.web.servlet.view.freemarker.FreeMarkerConfigurer - ClassTemplateLoader for Spring macros added to FreeMarker configuration
16:09:32.985 [main] INFO  org.springframework.jmx.export.annotation.AnnotationMBeanExporter - Registering beans for JMX exposure on startup
16:09:32.986 [main] INFO  org.springframework.jmx.export.annotation.AnnotationMBeanExporter - Bean with name 'statFilter' has been autodetected for JMX exposure
16:09:32.986 [main] INFO  org.springframework.jmx.export.annotation.AnnotationMBeanExporter - Bean with name 'dataSource' has been autodetected for JMX exposure
16:09:32.991 [main] INFO  org.springframework.jmx.export.annotation.AnnotationMBeanExporter - Located MBean 'dataSource': registering with JMX server as MBean [com.alibaba.druid.spring.boot.autoconfigure:name=dataSource,type=DruidDataSourceWrapper]
16:09:32.992 [main] INFO  org.springframework.jmx.export.annotation.AnnotationMBeanExporter - Located MBean 'statFilter': registering with JMX server as MBean [com.alibaba.druid.filter.stat:name=statFilter,type=StatFilter]
16:09:33.009 [main] INFO  org.apache.coyote.http11.Http11NioProtocol - Starting ProtocolHandler ["http-nio-8086"]
16:09:33.016 [main] INFO  org.apache.tomcat.util.net.NioSelectorPool - Using a shared selector for servlet write/read
16:09:33.035 [main] INFO  org.springframework.boot.web.embedded.tomcat.TomcatWebServer - Tomcat started on port(s): 8086 (http) with context path ''
16:09:33.038 [main] INFO  com.rick.demologicweb.DemoLogicWebApplication - Started DemoLogicWebApplication in 4.238 seconds (JVM running for 4.938)
16:09:45.836 [http-nio-8086-exec-1] INFO  org.apache.catalina.core.ContainerBase.[Tomcat].[localhost].[/] - Initializing Spring FrameworkServlet 'dispatcherServlet'
16:09:45.836 [http-nio-8086-exec-1] INFO  org.springframework.web.servlet.DispatcherServlet - FrameworkServlet 'dispatcherServlet': initialization started
16:09:45.871 [http-nio-8086-exec-1] INFO  org.springframework.web.servlet.DispatcherServlet - FrameworkServlet 'dispatcherServlet': initialization completed in 35 ms
16:12:24.855 [main] INFO  com.rick.demologicweb.DemoLogicWebApplication - Starting DemoLogicWebApplication on Ric-PC with PID 6260 (D:\GitHubForRick\swagger_demo\demo-logic\demo-logic-web\target\classes started by admin in D:\GitHubForRick\swagger_demo\demo-logic\demo-logic-web)
16:12:24.857 [main] INFO  com.rick.demologicweb.DemoLogicWebApplication - The following profiles are active: formal
16:12:24.896 [main] INFO  org.springframework.boot.web.servlet.context.AnnotationConfigServletWebServerApplicationContext - Refreshing org.springframework.boot.web.servlet.context.AnnotationConfigServletWebServerApplicationContext@1e178745: startup date [Fri Dec 14 16:12:24 CST 2018]; root of context hierarchy
16:12:25.746 [main] INFO  org.springframework.context.support.PostProcessorRegistrationDelegate$BeanPostProcessorChecker - Bean 'org.springframework.transaction.annotation.ProxyTransactionManagementConfiguration' of type [org.springframework.transaction.annotation.ProxyTransactionManagementConfiguration$$EnhancerBySpringCGLIB$$b5189d38] is not eligible for getting processed by all BeanPostProcessors (for example: not eligible for auto-proxying)
16:12:25.778 [main] INFO  org.springframework.context.support.PostProcessorRegistrationDelegate$BeanPostProcessorChecker - Bean 'org.springframework.hateoas.config.HateoasConfiguration' of type [org.springframework.hateoas.config.HateoasConfiguration$$EnhancerBySpringCGLIB$$3498ea6a] is not eligible for getting processed by all BeanPostProcessors (for example: not eligible for auto-proxying)
16:12:26.104 [main] INFO  org.springframework.boot.web.embedded.tomcat.TomcatWebServer - Tomcat initialized with port(s): 8086 (http)
16:12:26.114 [main] INFO  org.apache.coyote.http11.Http11NioProtocol - Initializing ProtocolHandler ["http-nio-8086"]
16:12:26.121 [main] INFO  org.apache.catalina.core.StandardService - Starting service [Tomcat]
16:12:26.121 [main] INFO  org.apache.catalina.core.StandardEngine - Starting Servlet Engine: Apache Tomcat/8.5.32
16:12:26.125 [localhost-startStop-1] INFO  org.apache.catalina.core.AprLifecycleListener - The APR based Apache Tomcat Native library which allows optimal performance in production environments was not found on the java.library.path: [C:\Program Files\Java\jdk1.8.0_102\bin;C:\Windows\Sun\Java\bin;C:\Windows\system32;C:\Windows;C:\ProgramData\Oracle\Java\javapath;C:\Windows\system32;C:\Windows;C:\Windows\system32\wbem;C:\Program Files\nodejs\;E:\python11;C:\Program Files\Java\jdk1.8.0_102\bin;C:\Program Files\Java\jdk1.8.0_102\jre\bin;C:\Windows\system32;C:\Windows;C:\Windows\System32\Wbem;C:\Windows\SysWOW64%CATALINA_HOME%\lib;%CATALINA_HOME%\bin ;C:\Users\admin\AppData\Roaming\npm;C:\Users\admin\Desktop\wget;.]
16:12:26.363 [localhost-startStop-1] INFO  org.apache.jasper.servlet.TldScanner - At least one JAR was scanned for TLDs yet contained no TLDs. Enable debug logging for this logger for a complete list of JARs that were scanned but no TLDs were found in them. Skipping unneeded JARs during scanning can improve startup time and JSP compilation time.
16:12:26.367 [localhost-startStop-1] INFO  org.apache.catalina.core.ContainerBase.[Tomcat].[localhost].[/] - Initializing Spring embedded WebApplicationContext
16:12:26.367 [localhost-startStop-1] INFO  org.springframework.web.context.ContextLoader - Root WebApplicationContext: initialization completed in 1471 ms
16:12:26.438 [localhost-startStop-1] INFO  org.springframework.boot.web.servlet.ServletRegistrationBean - Servlet dispatcherServlet mapped to [/]
16:12:26.439 [localhost-startStop-1] INFO  org.springframework.boot.web.servlet.ServletRegistrationBean - Servlet statViewServlet mapped to [/druid/*]
16:12:26.442 [localhost-startStop-1] INFO  org.springframework.boot.web.servlet.FilterRegistrationBean - Mapping filter: 'characterEncodingFilter' to: [/*]
16:12:26.442 [localhost-startStop-1] INFO  org.springframework.boot.web.servlet.FilterRegistrationBean - Mapping filter: 'hiddenHttpMethodFilter' to: [/*]
16:12:26.442 [localhost-startStop-1] INFO  org.springframework.boot.web.servlet.FilterRegistrationBean - Mapping filter: 'httpPutFormContentFilter' to: [/*]
16:12:26.442 [localhost-startStop-1] INFO  org.springframework.boot.web.servlet.FilterRegistrationBean - Mapping filter: 'requestContextFilter' to: [/*]
16:12:26.442 [localhost-startStop-1] INFO  org.springframework.boot.web.servlet.FilterRegistrationBean - Mapping filter: 'webStatFilter' to urls: [/*]
16:12:26.500 [main] INFO  com.alibaba.druid.spring.boot.autoconfigure.DruidDataSourceAutoConfigure - Init DruidDataSource
16:12:26.631 [main] INFO  com.alibaba.druid.pool.DruidDataSource - {dataSource-1} inited
16:12:27.260 [main] INFO  org.springframework.web.servlet.handler.SimpleUrlHandlerMapping - Mapped URL path [/**/favicon.ico] onto handler of type [class org.springframework.web.servlet.resource.ResourceHttpRequestHandler]
16:12:27.459 [main] INFO  org.springframework.web.servlet.mvc.method.annotation.RequestMappingHandlerAdapter - Looking for @ControllerAdvice: org.springframework.boot.web.servlet.context.AnnotationConfigServletWebServerApplicationContext@1e178745: startup date [Fri Dec 14 16:12:24 CST 2018]; root of context hierarchy
16:12:27.516 [main] INFO  org.springframework.web.servlet.mvc.method.annotation.RequestMappingHandlerMapping - Mapped "{[/logic/save.do],methods=[POST]}" onto public java.lang.String com.rick.demologicweb.controller.LogicController.save(com.rick.demoLogic.model.LogicUser)
16:12:27.517 [main] INFO  org.springframework.web.servlet.mvc.method.annotation.RequestMappingHandlerMapping - Mapped "{[/logic/saveUser]}" onto public java.lang.String com.rick.demologicweb.controller.LogicController.saveUser(com.rick.demoLogic.model.LogicUser)
16:12:27.517 [main] INFO  org.springframework.web.servlet.mvc.method.annotation.RequestMappingHandlerMapping - Mapped "{[/logic/saveUser.do]}" onto public java.lang.String com.rick.demologicweb.controller.LogicController.jumpToSaveJsp()
16:12:27.517 [main] INFO  org.springframework.web.servlet.mvc.method.annotation.RequestMappingHandlerMapping - Mapped "{[/logic/querylist.do]}" onto public java.lang.String com.rick.demologicweb.controller.LogicController.queryList(org.springframework.ui.Model)
16:12:27.517 [main] INFO  org.springframework.web.servlet.mvc.method.annotation.RequestMappingHandlerMapping - Mapped "{[/logic/delete.do]}" onto public java.lang.String com.rick.demologicweb.controller.LogicController.deleteUser(java.lang.Integer)
16:12:27.517 [main] INFO  org.springframework.web.servlet.mvc.method.annotation.RequestMappingHandlerMapping - Mapped "{[/logic/login.do]}" onto public java.lang.Integer com.rick.demologicweb.controller.LogicController.login(org.springframework.ui.Model,java.lang.String,java.lang.String)
16:12:27.517 [main] INFO  org.springframework.web.servlet.mvc.method.annotation.RequestMappingHandlerMapping - Mapped "{[/logic/loginSuccess.do]}" onto public java.lang.String com.rick.demologicweb.controller.LogicController.loginSuccess(org.springframework.ui.Model,java.lang.Integer)
16:12:27.517 [main] INFO  org.springframework.web.servlet.mvc.method.annotation.RequestMappingHandlerMapping - Mapped "{[/logic/newUser.do]}" onto public java.lang.String com.rick.demologicweb.controller.LogicController.saveNewUser(com.rick.demoLogic.model.User)
16:12:27.518 [main] INFO  org.springframework.web.servlet.mvc.method.annotation.RequestMappingHandlerMapping - Mapped "{[/upload/upload.do],methods=[POST]}" onto public java.lang.String com.rick.demologicweb.controller.UploadController.uploadFile(org.springframework.web.multipart.MultipartFile,java.lang.String) throws java.io.IOException
16:12:27.518 [main] INFO  org.springframework.web.servlet.mvc.method.annotation.RequestMappingHandlerMapping - Mapped "{[/upload/queryPhotoList.do]}" onto public org.springframework.web.servlet.ModelAndView com.rick.demologicweb.controller.UploadController.queryPhotoList(org.springframework.ui.Model)
16:12:27.518 [main] INFO  org.springframework.web.servlet.mvc.method.annotation.RequestMappingHandlerMapping - Mapped "{[/upload/deletePhoto.do]}" onto public java.lang.String com.rick.demologicweb.controller.UploadController.deletePhoto(java.lang.Integer)
16:12:27.521 [main] INFO  org.springframework.web.servlet.mvc.method.annotation.RequestMappingHandlerMapping - Mapped "{[/error]}" onto public org.springframework.http.ResponseEntity<java.util.Map<java.lang.String, java.lang.Object>> org.springframework.boot.autoconfigure.web.servlet.error.BasicErrorController.error(javax.servlet.http.HttpServletRequest)
16:12:27.521 [main] INFO  org.springframework.web.servlet.mvc.method.annotation.RequestMappingHandlerMapping - Mapped "{[/error],produces=[text/html]}" onto public org.springframework.web.servlet.ModelAndView org.springframework.boot.autoconfigure.web.servlet.error.BasicErrorController.errorHtml(javax.servlet.http.HttpServletRequest,javax.servlet.http.HttpServletResponse)
16:12:27.534 [main] INFO  org.springframework.web.servlet.handler.SimpleUrlHandlerMapping - Mapped URL path [/logic/index] onto handler of type [class org.springframework.web.servlet.mvc.ParameterizableViewController]
16:12:27.534 [main] INFO  org.springframework.web.servlet.handler.SimpleUrlHandlerMapping - Mapped URL path [/logic/register.do] onto handler of type [class org.springframework.web.servlet.mvc.ParameterizableViewController]
16:12:27.534 [main] INFO  org.springframework.web.servlet.handler.SimpleUrlHandlerMapping - Mapped URL path [/logic/goToUpload.do] onto handler of type [class org.springframework.web.servlet.mvc.ParameterizableViewController]
16:12:27.550 [main] INFO  org.springframework.web.servlet.handler.SimpleUrlHandlerMapping - Mapped URL path [/webjars/**] onto handler of type [class org.springframework.web.servlet.resource.ResourceHttpRequestHandler]
16:12:27.550 [main] INFO  org.springframework.web.servlet.handler.SimpleUrlHandlerMapping - Mapped URL path [/**] onto handler of type [class org.springframework.web.servlet.resource.ResourceHttpRequestHandler]
16:12:27.613 [main] INFO  org.springframework.boot.autoconfigure.web.servlet.WelcomePageHandlerMapping - Adding welcome page template: index
16:12:27.713 [main] INFO  org.springframework.ui.freemarker.SpringTemplateLoader - SpringTemplateLoader for FreeMarker: using resource loader [org.springframework.boot.web.servlet.context.AnnotationConfigServletWebServerApplicationContext@1e178745: startup date [Fri Dec 14 16:12:24 CST 2018]; root of context hierarchy] and template loader path [classpath:/templates/]
16:12:27.713 [main] INFO  org.springframework.web.servlet.view.freemarker.FreeMarkerConfigurer - ClassTemplateLoader for Spring macros added to FreeMarker configuration
16:12:27.921 [main] INFO  org.springframework.jmx.export.annotation.AnnotationMBeanExporter - Registering beans for JMX exposure on startup
16:12:27.922 [main] INFO  org.springframework.jmx.export.annotation.AnnotationMBeanExporter - Bean with name 'statFilter' has been autodetected for JMX exposure
16:12:27.923 [main] INFO  org.springframework.jmx.export.annotation.AnnotationMBeanExporter - Bean with name 'dataSource' has been autodetected for JMX exposure
16:12:27.930 [main] INFO  org.springframework.jmx.export.annotation.AnnotationMBeanExporter - Located MBean 'dataSource': registering with JMX server as MBean [com.alibaba.druid.spring.boot.autoconfigure:name=dataSource,type=DruidDataSourceWrapper]
16:12:27.931 [main] INFO  org.springframework.jmx.export.annotation.AnnotationMBeanExporter - Located MBean 'statFilter': registering with JMX server as MBean [com.alibaba.druid.filter.stat:name=statFilter,type=StatFilter]
16:12:27.948 [main] INFO  org.apache.coyote.http11.Http11NioProtocol - Starting ProtocolHandler ["http-nio-8086"]
16:12:27.955 [main] INFO  org.apache.tomcat.util.net.NioSelectorPool - Using a shared selector for servlet write/read
16:12:27.976 [main] INFO  org.springframework.boot.web.embedded.tomcat.TomcatWebServer - Tomcat started on port(s): 8086 (http) with context path ''
16:12:27.979 [main] INFO  com.rick.demologicweb.DemoLogicWebApplication - Started DemoLogicWebApplication in 3.959 seconds (JVM running for 4.824)
16:12:30.759 [http-nio-8086-exec-2] INFO  org.apache.catalina.core.ContainerBase.[Tomcat].[localhost].[/] - Initializing Spring FrameworkServlet 'dispatcherServlet'
16:12:30.759 [http-nio-8086-exec-2] INFO  org.springframework.web.servlet.DispatcherServlet - FrameworkServlet 'dispatcherServlet': initialization started
16:12:30.775 [http-nio-8086-exec-2] INFO  org.springframework.web.servlet.DispatcherServlet - FrameworkServlet 'dispatcherServlet': initialization completed in 16 ms
16:13:27.257 [main] INFO  com.rick.demologicweb.DemoLogicWebApplication - Starting DemoLogicWebApplication on Ric-PC with PID 7952 (D:\GitHubForRick\swagger_demo\demo-logic\demo-logic-web\target\classes started by admin in D:\GitHubForRick\swagger_demo\demo-logic\demo-logic-web)
16:13:27.258 [main] INFO  com.rick.demologicweb.DemoLogicWebApplication - The following profiles are active: formal
16:13:27.323 [main] INFO  org.springframework.boot.web.servlet.context.AnnotationConfigServletWebServerApplicationContext - Refreshing org.springframework.boot.web.servlet.context.AnnotationConfigServletWebServerApplicationContext@1f59a598: startup date [Fri Dec 14 16:13:27 CST 2018]; root of context hierarchy
16:13:28.138 [main] INFO  org.springframework.context.support.PostProcessorRegistrationDelegate$BeanPostProcessorChecker - Bean 'org.springframework.transaction.annotation.ProxyTransactionManagementConfiguration' of type [org.springframework.transaction.annotation.ProxyTransactionManagementConfiguration$$EnhancerBySpringCGLIB$$4224fa7c] is not eligible for getting processed by all BeanPostProcessors (for example: not eligible for auto-proxying)
16:13:28.168 [main] INFO  org.springframework.context.support.PostProcessorRegistrationDelegate$BeanPostProcessorChecker - Bean 'org.springframework.hateoas.config.HateoasConfiguration' of type [org.springframework.hateoas.config.HateoasConfiguration$$EnhancerBySpringCGLIB$$c1a547ae] is not eligible for getting processed by all BeanPostProcessors (for example: not eligible for auto-proxying)
16:13:28.479 [main] INFO  org.springframework.boot.web.embedded.tomcat.TomcatWebServer - Tomcat initialized with port(s): 8086 (http)
16:13:28.490 [main] INFO  org.apache.coyote.http11.Http11NioProtocol - Initializing ProtocolHandler ["http-nio-8086"]
16:13:28.499 [main] INFO  org.apache.catalina.core.StandardService - Starting service [Tomcat]
16:13:28.499 [main] INFO  org.apache.catalina.core.StandardEngine - Starting Servlet Engine: Apache Tomcat/8.5.32
16:13:28.503 [localhost-startStop-1] INFO  org.apache.catalina.core.AprLifecycleListener - The APR based Apache Tomcat Native library which allows optimal performance in production environments was not found on the java.library.path: [C:\Program Files\Java\jdk1.8.0_102\bin;C:\Windows\Sun\Java\bin;C:\Windows\system32;C:\Windows;C:\ProgramData\Oracle\Java\javapath;C:\Windows\system32;C:\Windows;C:\Windows\system32\wbem;C:\Program Files\nodejs\;E:\python11;C:\Program Files\Java\jdk1.8.0_102\bin;C:\Program Files\Java\jdk1.8.0_102\jre\bin;C:\Windows\system32;C:\Windows;C:\Windows\System32\Wbem;C:\Windows\SysWOW64%CATALINA_HOME%\lib;%CATALINA_HOME%\bin ;C:\Users\admin\AppData\Roaming\npm;C:\Users\admin\Desktop\wget;.]
16:13:28.743 [localhost-startStop-1] INFO  org.apache.jasper.servlet.TldScanner - At least one JAR was scanned for TLDs yet contained no TLDs. Enable debug logging for this logger for a complete list of JARs that were scanned but no TLDs were found in them. Skipping unneeded JARs during scanning can improve startup time and JSP compilation time.
16:13:28.747 [localhost-startStop-1] INFO  org.apache.catalina.core.ContainerBase.[Tomcat].[localhost].[/] - Initializing Spring embedded WebApplicationContext
16:13:28.747 [localhost-startStop-1] INFO  org.springframework.web.context.ContextLoader - Root WebApplicationContext: initialization completed in 1425 ms
16:13:28.818 [localhost-startStop-1] INFO  org.springframework.boot.web.servlet.ServletRegistrationBean - Servlet dispatcherServlet mapped to [/]
16:13:28.819 [localhost-startStop-1] INFO  org.springframework.boot.web.servlet.ServletRegistrationBean - Servlet statViewServlet mapped to [/druid/*]
16:13:28.822 [localhost-startStop-1] INFO  org.springframework.boot.web.servlet.FilterRegistrationBean - Mapping filter: 'characterEncodingFilter' to: [/*]
16:13:28.822 [localhost-startStop-1] INFO  org.springframework.boot.web.servlet.FilterRegistrationBean - Mapping filter: 'hiddenHttpMethodFilter' to: [/*]
16:13:28.822 [localhost-startStop-1] INFO  org.springframework.boot.web.servlet.FilterRegistrationBean - Mapping filter: 'httpPutFormContentFilter' to: [/*]
16:13:28.822 [localhost-startStop-1] INFO  org.springframework.boot.web.servlet.FilterRegistrationBean - Mapping filter: 'requestContextFilter' to: [/*]
16:13:28.822 [localhost-startStop-1] INFO  org.springframework.boot.web.servlet.FilterRegistrationBean - Mapping filter: 'webStatFilter' to urls: [/*]
16:13:28.884 [main] INFO  com.alibaba.druid.spring.boot.autoconfigure.DruidDataSourceAutoConfigure - Init DruidDataSource
16:13:29.008 [main] INFO  com.alibaba.druid.pool.DruidDataSource - {dataSource-1} inited
16:13:29.592 [main] INFO  org.springframework.web.servlet.handler.SimpleUrlHandlerMapping - Mapped URL path [/**/favicon.ico] onto handler of type [class org.springframework.web.servlet.resource.ResourceHttpRequestHandler]
16:13:29.795 [main] INFO  org.springframework.web.servlet.mvc.method.annotation.RequestMappingHandlerAdapter - Looking for @ControllerAdvice: org.springframework.boot.web.servlet.context.AnnotationConfigServletWebServerApplicationContext@1f59a598: startup date [Fri Dec 14 16:13:27 CST 2018]; root of context hierarchy
16:13:29.846 [main] INFO  org.springframework.web.servlet.mvc.method.annotation.RequestMappingHandlerMapping - Mapped "{[/logic/save.do],methods=[POST]}" onto public java.lang.String com.rick.demologicweb.controller.LogicController.save(com.rick.demoLogic.model.LogicUser)
16:13:29.846 [main] INFO  org.springframework.web.servlet.mvc.method.annotation.RequestMappingHandlerMapping - Mapped "{[/logic/saveUser]}" onto public java.lang.String com.rick.demologicweb.controller.LogicController.saveUser(com.rick.demoLogic.model.LogicUser)
16:13:29.847 [main] INFO  org.springframework.web.servlet.mvc.method.annotation.RequestMappingHandlerMapping - Mapped "{[/logic/saveUser.do]}" onto public java.lang.String com.rick.demologicweb.controller.LogicController.jumpToSaveJsp()
16:13:29.847 [main] INFO  org.springframework.web.servlet.mvc.method.annotation.RequestMappingHandlerMapping - Mapped "{[/logic/querylist.do]}" onto public java.lang.String com.rick.demologicweb.controller.LogicController.queryList(org.springframework.ui.Model)
16:13:29.847 [main] INFO  org.springframework.web.servlet.mvc.method.annotation.RequestMappingHandlerMapping - Mapped "{[/logic/delete.do]}" onto public java.lang.String com.rick.demologicweb.controller.LogicController.deleteUser(java.lang.Integer)
16:13:29.847 [main] INFO  org.springframework.web.servlet.mvc.method.annotation.RequestMappingHandlerMapping - Mapped "{[/logic/login.do]}" onto public java.lang.Integer com.rick.demologicweb.controller.LogicController.login(org.springframework.ui.Model,java.lang.String,java.lang.String)
16:13:29.847 [main] INFO  org.springframework.web.servlet.mvc.method.annotation.RequestMappingHandlerMapping - Mapped "{[/logic/loginSuccess.do]}" onto public java.lang.String com.rick.demologicweb.controller.LogicController.loginSuccess(org.springframework.ui.Model,java.lang.Integer)
16:13:29.847 [main] INFO  org.springframework.web.servlet.mvc.method.annotation.RequestMappingHandlerMapping - Mapped "{[/logic/newUser.do]}" onto public java.lang.String com.rick.demologicweb.controller.LogicController.saveNewUser(com.rick.demoLogic.model.User)
16:13:29.849 [main] INFO  org.springframework.web.servlet.mvc.method.annotation.RequestMappingHandlerMapping - Mapped "{[/upload/upload.do],methods=[POST]}" onto public java.lang.String com.rick.demologicweb.controller.UploadController.uploadFile(org.springframework.web.multipart.MultipartFile,java.lang.String) throws java.io.IOException
16:13:29.849 [main] INFO  org.springframework.web.servlet.mvc.method.annotation.RequestMappingHandlerMapping - Mapped "{[/upload/queryPhotoList.do]}" onto public org.springframework.web.servlet.ModelAndView com.rick.demologicweb.controller.UploadController.queryPhotoList(org.springframework.ui.Model)
16:13:29.849 [main] INFO  org.springframework.web.servlet.mvc.method.annotation.RequestMappingHandlerMapping - Mapped "{[/upload/deletePhoto.do]}" onto public java.lang.String com.rick.demologicweb.controller.UploadController.deletePhoto(java.lang.Integer)
16:13:29.852 [main] INFO  org.springframework.web.servlet.mvc.method.annotation.RequestMappingHandlerMapping - Mapped "{[/error]}" onto public org.springframework.http.ResponseEntity<java.util.Map<java.lang.String, java.lang.Object>> org.springframework.boot.autoconfigure.web.servlet.error.BasicErrorController.error(javax.servlet.http.HttpServletRequest)
16:13:29.852 [main] INFO  org.springframework.web.servlet.mvc.method.annotation.RequestMappingHandlerMapping - Mapped "{[/error],produces=[text/html]}" onto public org.springframework.web.servlet.ModelAndView org.springframework.boot.autoconfigure.web.servlet.error.BasicErrorController.errorHtml(javax.servlet.http.HttpServletRequest,javax.servlet.http.HttpServletResponse)
16:13:29.863 [main] INFO  org.springframework.web.servlet.handler.SimpleUrlHandlerMapping - Mapped URL path [/logic/index] onto handler of type [class org.springframework.web.servlet.mvc.ParameterizableViewController]
16:13:29.863 [main] INFO  org.springframework.web.servlet.handler.SimpleUrlHandlerMapping - Mapped URL path [/logic/register.do] onto handler of type [class org.springframework.web.servlet.mvc.ParameterizableViewController]
16:13:29.863 [main] INFO  org.springframework.web.servlet.handler.SimpleUrlHandlerMapping - Mapped URL path [/logic/goToUpload.do] onto handler of type [class org.springframework.web.servlet.mvc.ParameterizableViewController]
16:13:29.878 [main] INFO  org.springframework.web.servlet.handler.SimpleUrlHandlerMapping - Mapped URL path [/webjars/**] onto handler of type [class org.springframework.web.servlet.resource.ResourceHttpRequestHandler]
16:13:29.878 [main] INFO  org.springframework.web.servlet.handler.SimpleUrlHandlerMapping - Mapped URL path [/**] onto handler of type [class org.springframework.web.servlet.resource.ResourceHttpRequestHandler]
16:13:29.945 [main] INFO  org.springframework.boot.autoconfigure.web.servlet.WelcomePageHandlerMapping - Adding welcome page template: index
16:13:30.033 [main] INFO  org.springframework.ui.freemarker.SpringTemplateLoader - SpringTemplateLoader for FreeMarker: using resource loader [org.springframework.boot.web.servlet.context.AnnotationConfigServletWebServerApplicationContext@1f59a598: startup date [Fri Dec 14 16:13:27 CST 2018]; root of context hierarchy] and template loader path [classpath:/templates/]
16:13:30.033 [main] INFO  org.springframework.web.servlet.view.freemarker.FreeMarkerConfigurer - ClassTemplateLoader for Spring macros added to FreeMarker configuration
16:13:30.243 [main] INFO  org.springframework.jmx.export.annotation.AnnotationMBeanExporter - Registering beans for JMX exposure on startup
16:13:30.244 [main] INFO  org.springframework.jmx.export.annotation.AnnotationMBeanExporter - Bean with name 'statFilter' has been autodetected for JMX exposure
16:13:30.244 [main] INFO  org.springframework.jmx.export.annotation.AnnotationMBeanExporter - Bean with name 'dataSource' has been autodetected for JMX exposure
16:13:30.248 [main] INFO  org.springframework.jmx.export.annotation.AnnotationMBeanExporter - Located MBean 'dataSource': registering with JMX server as MBean [com.alibaba.druid.spring.boot.autoconfigure:name=dataSource,type=DruidDataSourceWrapper]
16:13:30.249 [main] INFO  org.springframework.jmx.export.annotation.AnnotationMBeanExporter - Located MBean 'statFilter': registering with JMX server as MBean [com.alibaba.druid.filter.stat:name=statFilter,type=StatFilter]
16:13:30.268 [main] INFO  org.apache.coyote.http11.Http11NioProtocol - Starting ProtocolHandler ["http-nio-8086"]
16:13:30.277 [main] INFO  org.apache.tomcat.util.net.NioSelectorPool - Using a shared selector for servlet write/read
16:13:30.298 [main] INFO  org.springframework.boot.web.embedded.tomcat.TomcatWebServer - Tomcat started on port(s): 8086 (http) with context path ''
16:13:30.301 [main] INFO  com.rick.demologicweb.DemoLogicWebApplication - Started DemoLogicWebApplication in 3.43 seconds (JVM running for 4.503)
16:13:30.554 [http-nio-8086-exec-1] INFO  org.apache.catalina.core.ContainerBase.[Tomcat].[localhost].[/] - Initializing Spring FrameworkServlet 'dispatcherServlet'
16:13:30.554 [http-nio-8086-exec-1] INFO  org.springframework.web.servlet.DispatcherServlet - FrameworkServlet 'dispatcherServlet': initialization started
16:13:30.577 [http-nio-8086-exec-1] INFO  org.springframework.web.servlet.DispatcherServlet - FrameworkServlet 'dispatcherServlet': initialization completed in 23 ms
